<?xml version="1.0" encoding="UTF-8" ?>
<testsuites>
  <testsuite errors="0" failures="0" hostname="faktorzehn.org" id="0" name="tests" package="" tests="20" time="15.02" timestamp="2011-03-21T16:51:12">
        <properties>
[...]
</properties>

        <testcase classname="de.qv.ormext.builder.OrmextBuilderTest" name="testBeforeBuild" time="7.783" />

        <testcase classname="de.qv.ormext.builder.OrmextBuilderTest" name="testAfterBuild" time="0.159" />

        <testcase classname="de.qv.ormext.builder.OrmextBuilderTest" name="testIsBuilderFor" time="0.172" />

        <testcase classname="de.qv.faktorips.datatypes.datum.DatumDatatypeTest" name="testIsParsable" time="0.0050" />

        <testcase classname="de.qv.faktorips.datatypes.datum.DatumDatatypeTest" name="testIsNull" time="0.049" />

        <testcase classname="de.qv.faktorips.datatypes.datum.DatumDatatypeTest" name="testCompare" time="0.0020" />

        <testcase classname="de.qv.faktorips.datatypes.datum.DatumDatatypeTest" name="testAreValuesEqual" time="0.0030" />

        <testcase classname="de.qv.ormext.builder.KqvPersistenzBuilderSetTest" name="testGetPackage" time="0.194" />

        <testcase classname="de.qv.faktorips.logging.KqvLoggingFrameworkConnectorTest" name="testGetLogConditionExp" time="0.01" />

        <testcase classname="de.qv.faktorips.logging.KqvLoggingFrameworkConnectorTest" name="testGetLogStmtForMessage" time="0.0040" />

        <testcase classname="de.qv.faktorips.logging.KqvLoggingFrameworkConnectorTest" name="testGetLogStmtForMessageExp" time="0.0030" />

        <testcase classname="de.qv.faktorips.logging.KqvLoggingFrameworkConnectorTest" name="testGetLogStmtForThrowable" time="0.0030" />

        <testcase classname="de.qv.faktorips.logging.KqvLoggingFrameworkConnectorTest" name="testGetLoggerClassName" time="0.0010" />

        <testcase classname="de.qv.faktorips.logging.KqvLoggingFrameworkConnectorTest" name="testGetLoggerInstanceStmt" time="0.0020" />

        <testcase classname="de.qv.ormext.builder.DaoBuilderTest" name="testBuild" time="3.554" />

        <testcase classname="de.qv.ormext.builder.DaoBuilderTest" name="testGetUnqualifiedClassName" time="0.094" />

        <testcase classname="de.qv.faktorips.datatypes.datum.ExcelConverterTest" name="testGetIpsValue" time="0.016" />

        <testcase classname="de.qv.faktorips.datatypes.datum.ExcelConverterTest" name="testGetExternalDataValue" time="0.0030" />

        <testcase classname="de.qv.ormext.builder.DbTypeMappingPartBuilderTest" name="testBuild" time="2.094" />

        <testcase classname="de.qv.ormext.builder.DbTypeMappingPartBuilderTest" name="testDelete" time="0.811" />

        <system-out><![CDATA[]]></system-out>

        <system-err><![CDATA[26 [main] INFO org.hibernate.cfg.Environment - Hibernate 3.3.2.GA
29 [main] INFO org.hibernate.cfg.Environment - hibernate.properties not found
35 [main] INFO org.hibernate.cfg.Environment - Bytecode provider name : javassist
46 [main] INFO org.hibernate.cfg.Environment - using JDK 1.4 java.sql.Timestamp handling
150 [main] INFO org.hibernate.cfg.Configuration - Reading mappings from file: /dev/shm/test-workspace/19d57049-97d8-4e61-a08f-387ce22cecb9/Deckung.hbm.xml
295 [main] INFO org.hibernate.cfg.HbmBinder - Mapping class: org.faktorips.devtools.ormext.internal.model.data.Deckung -> DECKUNG_TABLE
368 [main] INFO org.hibernate.cfg.Configuration - Reading mappings from file: /dev/shm/test-workspace/19d57049-97d8-4e61-a08f-387ce22cecb9/Vertrag.hbm.xml
432 [main] INFO org.hibernate.cfg.HbmBinder - Mapping class: org.faktorips.devtools.ormext.internal.model.data.Vertrag -> VERTRAG_TABLE
3178 [main] INFO org.hibernate.cfg.Configuration - Reading mappings from file: /dev/shm/test-workspace/910467d3-3c81-429f-977b-7fbb17562071/Vertrag.hbm.xml
3197 [main] INFO org.hibernate.cfg.HbmBinder - Mapping class: org.faktorips.devtools.ormext.internal.model.data.Vertrag -> VERTRAG_TABLE
3198 [main] INFO org.hibernate.cfg.Configuration - Reading mappings from file: /dev/shm/test-workspace/910467d3-3c81-429f-977b-7fbb17562071/Deckung.hbm.xml
3215 [main] INFO org.hibernate.cfg.HbmBinder - Mapping class: org.faktorips.devtools.ormext.internal.model.data.Deckung -> DECKUNG_TABLE
5322 [main] INFO org.hibernate.cfg.Configuration - Reading mappings from file: /dev/shm/test-workspace/c87b4a8d-4de2-47c1-8a15-8edf05a82ae1/Deckung.hbm.xml
5340 [main] INFO org.hibernate.cfg.HbmBinder - Mapping class: org.faktorips.devtools.ormext.internal.model.data.Deckung -> DECKUNG_TABLE
5341 [main] INFO org.hibernate.cfg.Configuration - Reading mappings from file: /dev/shm/test-workspace/c87b4a8d-4de2-47c1-8a15-8edf05a82ae1/Vertrag.hbm.xml
5359 [main] INFO org.hibernate.cfg.HbmBinder - Mapping class: org.faktorips.devtools.ormext.internal.model.data.Vertrag -> VERTRAG_TABLE
]]></system-err>

  </testsuite>
  <testsuite errors="0" failures="0" hostname="faktorzehn.org" id="1" name="tests" package="" tests="6" time="0.03" timestamp="2011-03-21T16:53:10">
        <properties>
[...]
</properties>

        <testcase classname="org.faktorips.devtools.ant.RecursiveCopyTest" name="testRecursiveDirCopy" time="0.0030" />

        <testcase classname="org.faktorips.devtools.ant.RecursiveCopyTest" name="testCopyFile" time="0.0020" />

        <testcase classname="org.faktorips.devtools.ant.ProjectImportTaskTest" name="testNullAttribute" time="0.0020" />

        <testcase classname="org.faktorips.devtools.ant.ProjectImportTaskTest" name="testNotExistingDirectory" time="0.0010" />

        <testcase classname="org.faktorips.devtools.ant.ProjectImportTaskTest" name="testIsNoDirectory" time="0.0030" />

        <testcase classname="org.faktorips.devtools.ant.ProjectImportTaskTest" name="testImport" time="0.0020" />

        <system-out><![CDATA[ProjectImportTask: execution started
Installed Faktor-IPS Features: [Feature: org.faktorips.feature, Version: 3.3.0.ms1]
ProjectImportTask: execution finished
ProjectImportTask: execution started
Installed Faktor-IPS Features: [Feature: org.faktorips.feature, Version: 3.3.0.ms1]
ProjectImportTask: execution finished
ProjectImportTask: execution started
Installed Faktor-IPS Features: [Feature: org.faktorips.feature, Version: 3.3.0.ms1]
ProjectImportTask: execution finished
ProjectImportTask: execution started
Installed Faktor-IPS Features: [Feature: org.faktorips.feature, Version: 3.3.0.ms1]
ProjectImportTask: execution finished
]]></system-out>

        <system-err><![CDATA[]]></system-err>

  </testsuite>
  <testsuite errors="0" failures="0" hostname="faktorzehn.org" id="2" name="tests" package="" tests="240" time="14.494" timestamp="2011-03-21T16:57:12">
        <properties>
[...]
</properties>

        <testcase classname="org.faktorips.devtools.core.ui.editors.tablecontents.TableContentsContentProviderTest" name="testGetElements" time="0.051" />

        <testcase classname="org.faktorips.devtools.core.ui.actions.IpsCutActionTest" name="testRun" time="0.044" />

        <testcase classname="org.faktorips.devtools.core.ui.SimpleDialogTest" name="testOpenProductCmptEditor" time="0.04" />

        <testcase classname="org.faktorips.devtools.bf.ui.edit.ControlFlowEditPartTest" name="testActivate" time="0.299" />

        <testcase classname="org.faktorips.devtools.bf.ui.edit.ControlFlowEditPartTest" name="testDeactivate" time="0.036" />

        <testcase classname="org.faktorips.devtools.core.ui.editors.pctype.ValidatedAttributesCompletionProcessorTest" name="testDoComputeCompletionProposals" time="0.048" />

        <testcase classname="org.faktorips.devtools.core.ui.controller.fields.TextFieldTest" name="testSetValue" time="0.0010" />

        <testcase classname="org.faktorips.devtools.core.ui.controller.fields.TextFieldTest" name="testSetText" time="0.0" />

        <testcase classname="org.faktorips.devtools.core.ui.controller.fields.TestAbstractEnumdatatypeBasedFieldTest" name="testInvalidValue" time="0.0050" />

        <testcase classname="org.faktorips.devtools.core.ui.IpsUIPluginImagesTest" name="testCreateImageDescriptor" time="0.0010" />

        <testcase classname="org.faktorips.devtools.core.ui.IpsUIPluginImagesTest" name="testRegisterAndDisposeImage" time="0.018" />

        <testcase classname="org.faktorips.devtools.core.ui.IpsUIPluginImagesTest" name="testResourceHandling" time="0.0020" />

        <testcase classname="org.faktorips.devtools.core.ui.IpsUIPluginImagesTest" name="testDisabledgetImage" time="0.054" />

        <testcase classname="org.faktorips.devtools.core.ui.IpsUIPluginImagesTest" name="testIpsElementgetImage" time="0.03" />

        <testcase classname="org.faktorips.devtools.core.ui.IpsUIPluginImagesTest" name="testImageLoadingStress" time="0.044" />

        <testcase classname="org.faktorips.devtools.bf.ui.properties.BusinessFunctionRefControlTest" name="testGetIpsSrcFiles" time="0.137" />

        <testcase classname="org.faktorips.devtools.core.ui.views.modelexplorer.ModelContentProviderTest" name="testGetChildren" time="0.124" />

        <testcase classname="org.faktorips.devtools.core.ui.views.modelexplorer.ModelContentProviderTest" name="testGetParent" time="0.119" />

        <testcase classname="org.faktorips.devtools.core.ui.views.modelexplorer.ModelContentProviderTest" name="testHasChildren" time="0.119" />

        <testcase classname="org.faktorips.devtools.core.ui.views.modelexplorer.ModelContentProviderTest" name="testGetElements" time="0.173" />

        <testcase classname="org.faktorips.devtools.core.ui.views.modelexplorer.ModelContentProviderTest" name="testDispose" time="0.118" />

        <testcase classname="org.faktorips.devtools.core.ui.views.modelexplorer.ModelContentProviderTest" name="testInputChanged" time="0.119" />

        <testcase classname="org.faktorips.devtools.core.ui.workbenchadapters.ProductCmptWorkbenchAdapterTest" name="testProductCmptIconDesc" time="0.052" />

        <testcase classname="org.faktorips.devtools.core.ui.editors.pctype.associationwizard.NewPcTypeAssociationWizardTest" name="testGetCorrespondingTargetAssociations" time="0.073" />

        <testcase classname="org.faktorips.devtools.core.ui.editors.pctype.associationwizard.NewPcTypeAssociationWizardTest" name="testGetCorrespondingTargetAssociationsFromSubType" time="0.071" />

        <testcase classname="org.faktorips.devtools.core.ui.editors.pctype.associationwizard.NewPcTypeAssociationWizardTest" name="testIsProductCmptTypeAvailable" time="0.045" />

        <testcase classname="org.faktorips.devtools.core.ui.views.ipshierarchy.IpsHierarchyContentProviderTest" name="testGetChildren" time="0.036" />

        <testcase classname="org.faktorips.devtools.core.ui.views.ipshierarchy.IpsHierarchyContentProviderTest" name="testGetParent" time="0.036" />

        <testcase classname="org.faktorips.devtools.core.ui.views.ipshierarchy.IpsHierarchyContentProviderTest" name="testHasChildren" time="0.036" />

        <testcase classname="org.faktorips.devtools.core.ui.views.ipshierarchy.IpsHierarchyContentProviderTest" name="testGetElements" time="0.039" />

        <testcase classname="org.faktorips.devtools.core.ui.search.ReferencesToProductSearchQueryTest" name="testRun" time="0.58" />

        <testcase classname="org.faktorips.devtools.core.ui.util.TypedSelectionTest" name="testEqual" time="0.0" />

        <testcase classname="org.faktorips.devtools.core.ui.util.TypedSelectionTest" name="testAnyCount" time="0.0010" />

        <testcase classname="org.faktorips.devtools.core.ui.util.TypedSelectionTest" name="testCorrectSelectionOfTwo" time="0.0010" />

        <testcase classname="org.faktorips.devtools.core.ui.util.TypedSelectionTest" name="testCorrectSingleSelection" time="0.0" />

        <testcase classname="org.faktorips.devtools.core.ui.util.TypedSelectionTest" name="testSubTypes" time="0.0010" />

        <testcase classname="org.faktorips.devtools.core.ui.util.TypedSelectionTest" name="testDeclinedSelectionOfTwo" time="0.0010" />

        <testcase classname="org.faktorips.devtools.core.ui.util.TypedSelectionTest" name="testNullValidator" time="0.0" />

        <testcase classname="org.faktorips.devtools.core.ui.util.TypedSelectionTest" name="testPositiveMinimum" time="0.0010" />

        <testcase classname="org.faktorips.devtools.core.ui.util.TypedSelectionTest" name="testConversion" time="0.0" />

        <testcase classname="org.faktorips.devtools.core.ui.util.TypedSelectionTest" name="testSingleElementConversion" time="0.0" />

        <testcase classname="org.faktorips.devtools.core.ui.util.TypedSelectionTest" name="testEmptyCollectionForConvert" time="0.0010" />

        <testcase classname="org.faktorips.devtools.core.ui.util.TypedSelectionTest" name="testEmptyCollectionForSingleConvert" time="0.0" />

        <testcase classname="org.faktorips.devtools.core.ui.util.TypedSelectionTest" name="testWrongNumberOfElementsForConvertSingle" time="0.0" />

        <testcase classname="org.faktorips.devtools.core.ui.util.TypedSelectionTest" name="testWrongElementForConvert" time="0.0010" />

        <testcase classname="org.faktorips.devtools.core.ui.util.TypedSelectionTest" name="testWrongElementForConvertSingle" time="0.0" />

        <testcase classname="org.faktorips.devtools.core.ui.editors.tablecontents.TableContentsLabelProviderTest" name="testGetColumnImage" time="0.038" />

        <testcase classname="org.faktorips.devtools.core.ui.editors.tablecontents.TableContentsLabelProviderTest" name="testGetColumnText" time="0.036" />

        <testcase classname="org.faktorips.devtools.bf.ui.model.commands.ChangeConstraintCommandTest" name="testExecute" time="0.029" />

        <testcase classname="org.faktorips.devtools.bf.ui.model.commands.ChangeConstraintCommandTest" name="testUndoRedo" time="0.052" />

        <testcase classname="org.faktorips.devtools.core.ui.views.modeldescription.ModelDescriptionViewTest" name="test" time="0.0" />

        <testcase classname="org.faktorips.devtools.core.ui.actions.NewFolderActionTest" name="testCreateFolder" time="0.034" />

        <testcase classname="org.faktorips.devtools.core.ui.actions.NewFolderActionTest" name="testGetFolder" time="0.028" />

        <testcase classname="org.faktorips.devtools.bf.ui.edit.BusinessFunctionEditPartTest" name="testActivate" time="0.04" />

        <testcase classname="org.faktorips.devtools.bf.ui.edit.BusinessFunctionEditPartTest" name="testDeactivate" time="0.033" />

        <testcase classname="org.faktorips.devtools.bf.ui.edit.BusinessFunctionEditPartTest" name="testContentsChanged" time="0.035" />

        <testcase classname="org.faktorips.devtools.bf.ui.edit.BusinessFunctionEditPartTest" name="testRefreshChildren" time="0.032" />

        <testcase classname="org.faktorips.devtools.core.ui.editors.productcmpt.LinkSectionDropListenerTest" name="testValidateDropNewLink" time="0.088" />

        <testcase classname="org.faktorips.devtools.core.ui.editors.productcmpt.LinkSectionDropListenerTest" name="testValidateDropMoveLink" time="0.118" />

        <testcase classname="org.faktorips.devtools.core.ui.editors.productcmpt.LinkSectionDropListenerTest" name="testPerformDropNewLink" time="0.099" />

        <testcase classname="org.faktorips.devtools.core.ui.editors.productcmpt.LinkSectionDropListenerTest" name="testPerformDropMoveLink" time="0.085" />

        <testcase classname="org.faktorips.devtools.core.ui.views.InstanceIpsSrcFileViewItemTest" name="testCreateItems" time="0.045" />

        <testcase classname="org.faktorips.devtools.core.ui.internal.generationdate.GenerationDateContentProviderTest" name="testCollectElements" time="0.062" />

        <testcase classname="org.faktorips.devtools.bf.ui.model.commands.CreateBendpointCommandTest" name="testExecute" time="0.028" />

        <testcase classname="org.faktorips.devtools.bf.ui.model.commands.CreateBendpointCommandTest" name="testRedo" time="0.028" />

        <testcase classname="org.faktorips.devtools.bf.ui.model.commands.CreateBendpointCommandTest" name="testUndo" time="0.029" />

        <testcase classname="org.faktorips.devtools.core.ui.wizards.deepcopy.DeepCopyWizardPackageTest" name="testGetPackage" time="0.347" />

        <testcase classname="org.faktorips.devtools.core.ui.wizards.deepcopy.DeepCopyWizardPackageTest" name="testGetNewNameWithoutKindId" time="0.057" />

        <testcase classname="org.faktorips.devtools.bf.ui.edit.BusinessFunctionEditPartFactoryTest" name="testCreateEditPart" time="0.035" />

        <testcase classname="org.faktorips.devtools.bf.ui.model.commands.ConnectionCommandTest" name="testExecute" time="0.03" />

        <testcase classname="org.faktorips.devtools.bf.ui.model.commands.ConnectionCommandTest" name="testUndoRedo" time="0.03" />

        <testcase classname="org.faktorips.devtools.bf.ui.model.commands.ConnectionCommandTest" name="testCanExecute" time="0.049" />

        <testcase classname="org.faktorips.devtools.bf.ui.model.commands.ConnectionCommandTest" name="testSetDefaultConditionValueForBooleanDecisionSourceNode" time="0.048" />

        <testcase classname="org.faktorips.devtools.bf.ui.model.commands.ConnectionCommandTest" name="testExecuteReconnect" time="0.029" />

        <testcase classname="org.faktorips.devtools.bf.ui.model.commands.ConnectionCommandTest" name="testExecuteWithBooleanDecisionSourceNode" time="0.032" />

        <testcase classname="org.faktorips.devtools.core.ui.team.compare.tablecontents.TableContentsCompareItemCreatorTest" name="testGetName" time="0.035" />

        <testcase classname="org.faktorips.devtools.core.ui.team.compare.tablecontents.TableContentsCompareItemCreatorTest" name="testGetStructure" time="0.032" />

        <testcase classname="org.faktorips.devtools.core.ui.team.compare.tablecontents.TableContentsCompareItemCreatorTest" name="testGetContents" time="0.031" />

        <testcase classname="org.faktorips.devtools.core.ui.team.compare.tablecontents.TableContentsCompareItemCreatorTest" name="testLocate" time="0.03" />

        <testcase classname="org.faktorips.devtools.core.ui.IpsUIPluginTest" name="testGetExtensionPropertyEditFieldFactory" time="0.0020" />

        <testcase classname="org.faktorips.devtools.core.ui.IpsUIPluginTest" name="testGetExtensionPropertyEditFieldFactoryNotRegistered" time="0.0010" />

        <testcase classname="org.faktorips.devtools.core.ui.IpsUIPluginTest" name="testGetTableFormatPropertiesControlFactory" time="0.0010" />

        <testcase classname="org.faktorips.devtools.core.ui.controller.fields.EnumDatatypeFieldTest" name="testWithDisplayTypeName" time="0.039" />

        <testcase classname="org.faktorips.devtools.core.ui.controller.fields.EnumDatatypeFieldTest" name="testWithDisplayTypeId" time="0.038" />

        <testcase classname="org.faktorips.devtools.core.ui.controller.fields.EnumDatatypeFieldTest" name="testWithDisplayTypeNameAndId" time="0.037" />

        <testcase classname="org.faktorips.devtools.bf.ui.model.commands.ParameterFigureConstraintCommandTest" name="testExecute" time="0.028" />

        <testcase classname="org.faktorips.devtools.bf.ui.model.commands.ParameterFigureConstraintCommandTest" name="testUndo" time="0.028" />

        <testcase classname="org.faktorips.devtools.core.ui.team.compare.TestAbstractCompareItemTest" name="testGetChildren" time="0.031" />

        <testcase classname="org.faktorips.devtools.core.ui.team.compare.TestAbstractCompareItemTest" name="testGetParent" time="0.031" />

        <testcase classname="org.faktorips.devtools.core.ui.team.compare.TestAbstractCompareItemTest" name="testIsRoot" time="0.031" />

        <testcase classname="org.faktorips.devtools.core.ui.team.compare.TestAbstractCompareItemTest" name="testEqualsObject" time="0.031" />

        <testcase classname="org.faktorips.devtools.core.ui.team.compare.TestAbstractCompareItemTest" name="testGetContents" time="0.03" />

        <testcase classname="org.faktorips.devtools.core.ui.team.compare.TestAbstractCompareItemTest" name="testGetImage" time="0.031" />

        <testcase classname="org.faktorips.devtools.core.ui.team.compare.TestAbstractCompareItemTest" name="testGetIpsElement" time="0.03" />

        <testcase classname="org.faktorips.devtools.core.ui.team.compare.TestAbstractCompareItemTest" name="testInit" time="0.069" />

        <testcase classname="org.faktorips.devtools.core.ui.team.compare.TestAbstractCompareItemTest" name="testGetDocument" time="0.031" />

        <testcase classname="org.faktorips.devtools.core.ui.team.compare.TestAbstractCompareItemTest" name="testGetRange" time="0.03" />

        <testcase classname="org.faktorips.devtools.core.ui.views.instanceexplorer.InstanceContentProvideTest" name="testEmtptyTest" time="0.109" />

        <testcase classname="org.faktorips.devtools.bf.ui.model.commands.DeleteBendpointCommandTest" name="testExecute" time="0.028" />

        <testcase classname="org.faktorips.devtools.core.ui.editors.tablecontents.TableSorterTest" name="testCompareViewerObjectObject" time="0.035" />

        <testcase classname="org.faktorips.devtools.core.ui.search.model.ModelSearchQueryTest" name="testSucheKlassenName" time="0.073" />

        <testcase classname="org.faktorips.devtools.core.ui.search.model.ModelSearchQueryTest" name="testCoreException" time="0.017" />

        <testcase classname="org.faktorips.devtools.core.ui.search.model.ModelSearchQueryTest" name="testSucheAttribute" time="0.107" />

        <testcase classname="org.faktorips.devtools.core.ui.search.model.ModelSearchQueryTest" name="testSucheMethoden" time="0.098" />

        <testcase classname="org.faktorips.devtools.core.ui.search.model.ModelSearchQueryTest" name="testSucheAssoziationen" time="0.098" />

        <testcase classname="org.faktorips.devtools.core.ui.search.model.ModelSearchQueryTest" name="testSucheTableStructureUsages" time="0.122" />

        <testcase classname="org.faktorips.devtools.core.ui.search.model.ModelSearchQueryTest" name="testSucheRules" time="0.11" />

        <testcase classname="org.faktorips.devtools.core.ui.search.SearchResultContentProviderTest" name="testGetChildren" time="0.056" />

        <testcase classname="org.faktorips.devtools.core.ui.search.SearchResultContentProviderTest" name="testGetParent" time="0.039" />

        <testcase classname="org.faktorips.devtools.core.ui.search.SearchResultContentProviderTest" name="testHasChildren" time="0.038" />

        <testcase classname="org.faktorips.devtools.bf.ui.model.commands.DeleteConnectionCommandTest" name="testExecute" time="0.029" />

        <testcase classname="org.faktorips.devtools.bf.ui.model.commands.DeleteConnectionCommandTest" name="testCanExecute" time="0.029" />

        <testcase classname="org.faktorips.devtools.bf.ui.model.commands.DeleteConnectionCommandTest" name="testRedoUndo" time="0.03" />

        <testcase classname="org.faktorips.devtools.core.ui.util.LinkCreatorUtilTest" name="testValidateCreateLink" time="0.086" />

        <testcase classname="org.faktorips.devtools.core.ui.util.LinkCreatorUtilTest" name="testCreateLink" time="0.103" />

        <testcase classname="org.faktorips.devtools.core.ui.util.LinkCreatorUtilTest" name="testSaveFile" time="0.104" />

        <testcase classname="org.faktorips.devtools.core.ui.editors.tablecontents.TableContentsCellModifierTest" name="testGetValue" time="0.05" />

        <testcase classname="org.faktorips.devtools.core.ui.editors.tablecontents.TableContentsCellModifierTest" name="testModify" time="0.038" />

        <testcase classname="org.faktorips.devtools.core.ui.team.compare.productcmpt.ProductCmptCompareItemTest" name="testHashCode" time="0.06" />

        <testcase classname="org.faktorips.devtools.core.ui.team.compare.productcmpt.ProductCmptCompareItemTest" name="testGetChildren" time="0.082" />

        <testcase classname="org.faktorips.devtools.core.ui.team.compare.productcmpt.ProductCmptCompareItemTest" name="testGetParent" time="0.035" />

        <testcase classname="org.faktorips.devtools.core.ui.team.compare.productcmpt.ProductCmptCompareItemTest" name="testGetType" time="0.034" />

        <testcase classname="org.faktorips.devtools.core.ui.team.compare.productcmpt.ProductCmptCompareItemTest" name="testGetImage" time="0.06" />

        <testcase classname="org.faktorips.devtools.core.ui.team.compare.productcmpt.ProductCmptCompareItemTest" name="testGetIpsElement" time="0.038" />

        <testcase classname="org.faktorips.devtools.bf.ui.model.commands.DeleteBFElementCommandTest" name="testExecute" time="0.03" />

        <testcase classname="org.faktorips.devtools.bf.ui.model.commands.DeleteBFElementCommandTest" name="testUndoRedo" time="0.028" />

        <testcase classname="org.faktorips.devtools.core.ui.MenuCleanerTest" name="testConstructor" time="0.0010" />

        <testcase classname="org.faktorips.devtools.core.ui.MenuCleanerTest" name="testDefaultConstructor" time="0.0" />

        <testcase classname="org.faktorips.devtools.core.ui.MenuCleanerTest" name="testConstructorFilteredPrefixesNull" time="0.0010" />

        <testcase classname="org.faktorips.devtools.core.ui.MenuCleanerTest" name="testConstructorFilteredMenuGroupsNull" time="0.0010" />

        <testcase classname="org.faktorips.devtools.core.ui.MenuCleanerTest" name="testConstructorBothFilteredPrefixesAndMenuGroupsNull" time="0.0" />

        <testcase classname="org.faktorips.devtools.core.ui.MenuCleanerTest" name="testGetFilteredPrefixesUnmodifiable" time="0.0010" />

        <testcase classname="org.faktorips.devtools.core.ui.MenuCleanerTest" name="testGetFilteredMenuGroupsUnmodifiable" time="0.0" />

        <testcase classname="org.faktorips.devtools.core.ui.MenuCleanerTest" name="testAddFilteredPrefix" time="0.0010" />

        <testcase classname="org.faktorips.devtools.core.ui.MenuCleanerTest" name="testAddFilteredPrefixAlreadyFiltered" time="0.0010" />

        <testcase classname="org.faktorips.devtools.core.ui.MenuCleanerTest" name="testAddFilteredPrefixNull" time="0.0" />

        <testcase classname="org.faktorips.devtools.core.ui.MenuCleanerTest" name="testAddFilteredMenuGroup" time="0.0010" />

        <testcase classname="org.faktorips.devtools.core.ui.MenuCleanerTest" name="testAddFilteredMenuGroupAlreadyFiltered" time="0.0" />

        <testcase classname="org.faktorips.devtools.core.ui.MenuCleanerTest" name="testAddFilteredMenuGroupNull" time="0.0010" />

        <testcase classname="org.faktorips.devtools.core.ui.MenuCleanerTest" name="testMenuAboutToShowFilterMenuGroup" time="0.05" />

        <testcase classname="org.faktorips.devtools.core.ui.MenuCleanerTest" name="testMenuAboutToShowFilterMenuGroupWithNullIds" time="0.018" />

        <testcase classname="org.faktorips.devtools.core.ui.MenuCleanerTest" name="testMenuAboutToShowFilterMenuGroupWhiteListMode" time="0.027" />

        <testcase classname="org.faktorips.devtools.core.ui.MenuCleanerTest" name="testMenuAboutToShowFilterPrefixes" time="0.041" />

        <testcase classname="org.faktorips.devtools.core.ui.MenuCleanerTest" name="testMenuAboutToShowFilterPrefixesNullIds" time="0.024" />

        <testcase classname="org.faktorips.devtools.core.ui.MenuCleanerTest" name="testMenuAboutToShowFilterPrefixesWhiteListMode" time="0.016" />

        <testcase classname="org.faktorips.devtools.core.ui.MenuCleanerTest" name="testMenuAboutToShowFilterBothPrefixesAndMenuGroups" time="0.046" />

        <testcase classname="org.faktorips.devtools.core.ui.dialogs.IpsProjectSortOrdersPMTest" name="testGetParent" time="0.034" />

        <testcase classname="org.faktorips.devtools.core.ui.dialogs.IpsProjectSortOrdersPMTest" name="testHasChildren" time="0.032" />

        <testcase classname="org.faktorips.devtools.core.ui.dialogs.IpsProjectSortOrdersPMTest" name="testGetChildrenBasic" time="0.034" />

        <testcase classname="org.faktorips.devtools.core.ui.dialogs.IpsProjectSortOrdersPMTest" name="testGetChildrenExtended" time="0.038" />

        <testcase classname="org.faktorips.devtools.core.ui.dialogs.IpsProjectSortOrdersPMTest" name="testGetElements" time="0.03" />

        <testcase classname="org.faktorips.devtools.core.ui.dialogs.IpsProjectSortOrdersPMTest" name="testMoveUp" time="0.033" />

        <testcase classname="org.faktorips.devtools.core.ui.dialogs.IpsProjectSortOrdersPMTest" name="testMoveDown" time="0.031" />

        <testcase classname="org.faktorips.devtools.core.ui.dialogs.IpsProjectSortOrdersPMTest" name="testRestore" time="0.032" />

        <testcase classname="org.faktorips.devtools.core.ui.dialogs.IpsProjectSortOrdersPMTest" name="testSaveSortDefDelta" time="0.037" />

        <testcase classname="org.faktorips.devtools.core.ui.controller.fields.CardinalityFieldTest" name="testSetValue" time="0.0020" />

        <testcase classname="org.faktorips.devtools.core.ui.controller.fields.CardinalityFieldTest" name="testSetText" time="0.0" />

        <testcase classname="org.faktorips.devtools.core.ui.LinkDropListenerTest" name="testSaveFile" time="0.083" />

        <testcase classname="org.faktorips.devtools.core.ui.LinkDropListenerTest" name="testValidateDrop" time="0.075" />

        <testcase classname="org.faktorips.devtools.core.ui.LinkDropListenerTest" name="testPerformDropObject" time="0.103" />

        <testcase classname="org.faktorips.devtools.core.ui.views.modelexplorer.ModelSorterTest" name="testCompareViewerObjectObject" time="0.118" />

        <testcase classname="org.faktorips.devtools.core.ui.actions.ToggleActionTest" name="testActionStartingWithTrue" time="0.056" />

        <testcase classname="org.faktorips.devtools.core.ui.actions.ToggleActionTest" name="testActionStateUpdateFromModel" time="0.0010" />

        <testcase classname="org.faktorips.devtools.core.ui.controller.fields.EnumTypeDatatypeFieldTest" name="testGetDatatypeValueIds" time="0.039" />

        <testcase classname="org.faktorips.devtools.core.ui.controller.fields.EnumTypeDatatypeFieldTest" name="testGetDatatypeValueIdsWithEnumContent" time="0.045" />

        <testcase classname="org.faktorips.devtools.core.ui.team.compare.tablecontents.TableContentsCompareItemTest" name="testHashCode" time="0.047" />

        <testcase classname="org.faktorips.devtools.core.ui.team.compare.tablecontents.TableContentsCompareItemTest" name="testGetType" time="0.03" />

        <testcase classname="org.faktorips.devtools.core.ui.team.compare.tablecontents.TableContentsCompareItemTest" name="testEqualsObject" time="0.04" />

        <testcase classname="org.faktorips.devtools.core.ui.team.compare.tablecontents.TableContentsCompareItemTest" name="testInit" time="0.031" />

        <testcase classname="org.faktorips.devtools.core.ui.ModelManagementTest" name="testChangeDirectlyOnDiskWithoutUsingTheEclipseApiAndOpenEditor" time="2.334" />

        <testcase classname="org.faktorips.devtools.core.ui.views.instanceexplorer.InstanceExplorerTest" name="testSupport" time="0.032" />

        <testcase classname="org.faktorips.devtools.core.ui.views.instanceexplorer.InstanceExplorerTest" name="testIsChanged" time="0.032" />

        <testcase classname="org.faktorips.devtools.core.ui.views.instanceexplorer.InstanceExplorerTest" name="testShowInstancesOf" time="0.032" />

        <testcase classname="org.faktorips.devtools.core.ui.controlfactories.BooleanComboFieldTest" name="testSetValue" time="0.0040" />

        <testcase classname="org.faktorips.devtools.core.ui.controlfactories.BooleanComboFieldTest" name="testSetText" time="0.0040" />

        <testcase classname="org.faktorips.devtools.core.ui.editors.SelectionProviderDispatcherTest" name="testGetSelection" time="0.0" />

        <testcase classname="org.faktorips.devtools.core.ui.editors.SelectionProviderDispatcherTest" name="testSetSelection" time="0.0" />

        <testcase classname="org.faktorips.devtools.core.ui.editors.SelectionProviderDispatcherTest" name="testSelectionChanged" time="0.0010" />

        <testcase classname="org.faktorips.devtools.core.ui.wizards.deepcopy.DeepCopyTreeStatusTest" name="testIsEnabled" time="0.564" />

        <testcase classname="org.faktorips.devtools.core.ui.editors.IpsObjectEditorSettingsTest" name="testPut" time="0.039" />

        <testcase classname="org.faktorips.devtools.core.ui.editors.IpsObjectEditorSettingsTest" name="testGet" time="0.031" />

        <testcase classname="org.faktorips.devtools.core.ui.editors.IpsObjectEditorSettingsTest" name="testGetBoolean" time="0.032" />

        <testcase classname="org.faktorips.devtools.core.ui.editors.IpsObjectEditorSettingsTest" name="testRemoveIIpsSrcFile" time="0.031" />

        <testcase classname="org.faktorips.devtools.core.ui.editors.IpsObjectEditorSettingsTest" name="testRemoveIIpsSrcFileString" time="0.032" />

        <testcase classname="org.faktorips.devtools.core.ui.editors.IpsObjectEditorSettingsTest" name="testLoadSave" time="0.061" />

        <testcase classname="org.faktorips.devtools.core.ui.editors.productcmpt.FormulaCompletionProcessorTest" name="testDoComputeCompletionProposals" time="0.057" />

        <testcase classname="org.faktorips.devtools.core.ui.editors.productcmpt.FormulaCompletionProcessorTest" name="testDoComputeCompletionProposalsForMultipleTableContentsWithDateFormatName" time="0.065" />

        <testcase classname="org.faktorips.devtools.core.ui.editors.productcmpt.FormulaCompletionProcessorTest" name="testDoComputeCompletionProposalsForSingleTableContents" time="0.063" />

        <testcase classname="org.faktorips.devtools.core.ui.editors.productcmpt.FormulaCompletionProcessorTest" name="testDoComputeCompletionProposalsForParam" time="0.052" />

        <testcase classname="org.faktorips.devtools.core.ui.editors.productcmpt.FormulaCompletionProcessorTest" name="testDoComputeCompletionProposalsForProductCmptTypeAttributes" time="0.055" />

        <testcase classname="org.faktorips.devtools.core.ui.editors.productcmpt.FormulaCompletionProcessorTest" name="testDoComputeCompletionProposalsForPolicyCmptTypeAndProductCmptTypeParams" time="0.066" />

        <testcase classname="org.faktorips.devtools.core.ui.editors.testcase.TestCaseHierarchyPathTest" name="testPathForTestCase" time="0.037" />

        <testcase classname="org.faktorips.devtools.core.ui.editors.testcase.TestCaseHierarchyPathTest" name="testPathForTestCaseType" time="0.035" />

        <testcase classname="org.faktorips.devtools.core.ui.editors.testcase.TestCaseHierarchyPathTest" name="testEvalTestPolicyCmptParamPath" time="0.034" />

        <testcase classname="org.faktorips.devtools.core.ui.controller.fields.EnumValueSetFieldTest" name="testWithDisplayTypeName" time="0.038" />

        <testcase classname="org.faktorips.devtools.core.ui.controller.fields.EnumValueSetFieldTest" name="testWithDisplayTypeNameAndId" time="0.038" />

        <testcase classname="org.faktorips.devtools.core.ui.controller.fields.EnumValueSetFieldTest" name="testWithDisplayTypeId_ValueSetDoesntContainNull" time="0.039" />

        <testcase classname="org.faktorips.devtools.core.ui.controller.fields.EnumValueSetFieldTest" name="testWithDisplayTypeId_ValueSetContainsNull" time="0.039" />

        <testcase classname="org.faktorips.devtools.core.ui.search.ReferencesToPolicySearchQueryTest" name="testRun" time="0.375" />

        <testcase classname="org.faktorips.devtools.core.ui.views.modelexplorer.LayoutStyleTest" name="testGetParent_Flat" time="0.035" />

        <testcase classname="org.faktorips.devtools.core.ui.views.modelexplorer.LayoutStyleTest" name="testGetParent_Hierarchical" time="0.036" />

        <testcase classname="org.faktorips.devtools.core.ui.editors.testcase.TestCaseAndTestCaseTypeTest" name="testContentProvider" time="0.054" />

        <testcase classname="org.faktorips.devtools.core.ui.editors.testcase.TestCaseAndTestCaseTypeTest" name="testValidateTestPolicyCmptAssociation" time="0.073" />

        <testcase classname="org.faktorips.devtools.bf.ui.model.commands.CreateBFElementCommandTest" name="testExecute" time="0.03" />

        <testcase classname="org.faktorips.devtools.bf.ui.model.commands.CreateBFElementCommandTest" name="testRedo" time="0.032" />

        <testcase classname="org.faktorips.devtools.bf.ui.model.commands.CreateBFElementCommandTest" name="testUndo" time="0.03" />

        <testcase classname="org.faktorips.devtools.bf.ui.model.commands.MoveBendpointCommandTest" name="testExecute" time="0.029" />

        <testcase classname="org.faktorips.devtools.core.ui.editors.productcmpt.GenerationSelectionDialogTest" name="testCreatedChoiceBtns" time="0.157" />

        <testcase classname="org.faktorips.devtools.core.ui.views.modelexplorer.ModelExplorerConfigurationTest" name="testIsAllowedIpsElement" time="0.049" />

        <testcase classname="org.faktorips.devtools.core.ui.views.modelexplorer.ModelExplorerConfigurationTest" name="testIsAllowedIpsElementType" time="0.047" />

        <testcase classname="org.faktorips.devtools.core.ui.views.modelexplorer.ModelExplorerConfigurationTest" name="testIsAllowedResource" time="0.043" />

        <testcase classname="org.faktorips.devtools.core.ui.views.modelexplorer.ModelExplorerConfigurationTest" name="testIsAllowedResourceType" time="0.042" />

        <testcase classname="org.faktorips.devtools.core.ui.views.modelexplorer.ModelExplorerConfigurationTest" name="testRepresentsProject" time="0.042" />

        <testcase classname="org.faktorips.devtools.core.ui.views.modelexplorer.ModelExplorerConfigurationTest" name="testRepresentsFolder" time="0.042" />

        <testcase classname="org.faktorips.devtools.core.ui.views.modelexplorer.ModelExplorerConfigurationTest" name="testRepresentsFile" time="0.048" />

        <testcase classname="org.faktorips.devtools.core.ui.views.modelexplorer.ModelLabelProviderTest" name="testGetImage" time="0.042" />

        <testcase classname="org.faktorips.devtools.core.ui.views.modelexplorer.ModelLabelProviderTest" name="testDispose" time="0.036" />

        <testcase classname="org.faktorips.devtools.core.ui.views.modelexplorer.ModelLabelProviderTest" name="testGetText_Attribute" time="0.036" />

        <testcase classname="org.faktorips.devtools.core.ui.views.modelexplorer.ModelLabelProviderTest" name="testIfImagesAreReusedAndDisposedCorrectly" time="0.039" />

        <testcase classname="org.faktorips.devtools.core.ui.views.modelexplorer.ModelLabelProviderTest" name="testGetText" time="0.05" />

        <testcase classname="org.faktorips.devtools.core.ui.views.modelexplorer.ModelLabelProviderTest" name="testAddListener" time="0.037" />

        <testcase classname="org.faktorips.devtools.core.ui.views.modelexplorer.ModelLabelProviderTest" name="testIsLabelProperty" time="0.036" />

        <testcase classname="org.faktorips.devtools.core.ui.views.modelexplorer.ModelLabelProviderTest" name="testRemoveListener" time="0.037" />

        <testcase classname="org.faktorips.devtools.core.ui.views.modelexplorer.IpsViewRefreshVisitorTest" name="test_FlatLayout" time="0.048" />

        <testcase classname="org.faktorips.devtools.core.ui.views.modelexplorer.IpsViewRefreshVisitorTest" name="test_HierarchicalLayout" time="0.062" />

        <testcase classname="org.faktorips.devtools.core.ui.views.ipshierarchy.IpsHierarchyViewTest" name="testIsNodeOfHierarchy" time="0.036" />

        <testcase classname="org.faktorips.devtools.core.ui.views.ipshierarchy.IpsHierarchyViewTest" name="testSupport" time="0.034" />

        <testcase classname="org.faktorips.devtools.core.ui.team.compare.productcmpt.ProductCmptCompareItemCreatorTest" name="testGetStructure" time="0.059" />

        <testcase classname="org.faktorips.devtools.core.ui.team.compare.productcmpt.ProductCmptCompareItemCreatorTest" name="testGetContents" time="0.033" />

        <testcase classname="org.faktorips.devtools.core.ui.actions.IpsPasteActionTest" name="testRun" time="0.087" />

        <testcase classname="org.faktorips.devtools.core.ui.actions.IpsPasteActionTest" name="testCopyPasteIpsObject2IpsPackageFragment" time="0.085" />

        <testcase classname="org.faktorips.devtools.core.ui.actions.IpsPasteActionTest" name="testCopyPasteIpsPackageFragment2IpsPackageFragment" time="0.081" />

        <testcase classname="org.faktorips.devtools.core.ui.actions.IpsPasteActionTest" name="testCopyPasteIpsObject2Folder" time="0.118" />

        <testcase classname="org.faktorips.devtools.core.ui.actions.IpsPasteActionTest" name="testCopyPasteIpsPackageFragment2Folder" time="0.078" />

        <testcase classname="org.faktorips.devtools.core.ui.actions.IpsPasteActionTest" name="testCopyPasteIpsObjectFromArchive2IpsPackageFragment" time="0.091" />

        <testcase classname="org.faktorips.devtools.core.ui.actions.IpsPasteActionTest" name="testCopyPasteIpsPackageFragmentFromArchive2IpsPackageFragment" time="0.085" />

        <testcase classname="org.faktorips.devtools.core.ui.actions.IpsPasteActionTest" name="testCopyPasteIpsObjectFromArchive2Folder" time="0.082" />

        <testcase classname="org.faktorips.devtools.core.ui.actions.IpsPasteActionTest" name="testCopyPasteIpsPackageFragmentFromArchive2Folder" time="0.083" />

        <testcase classname="org.faktorips.devtools.core.ui.actions.IpsPasteActionTest" name="testCopyPasteUnknown" time="0.157" />

        <testcase classname="org.faktorips.devtools.core.ui.team.compare.productcmpt.ProductCmptCompareItemComparatorTest" name="testCompare" time="0.065" />

        <system-out><![CDATA[
!ENTRY org.faktorips.devtools.core 4 0 2011-03-21 17:57:13.818
!MESSAGE Error notifying IPS model change listener
!STACK 0
java.lang.NullPointerException
	at org.faktorips.devtools.core.ui.editors.pctype.associationwizard.NewPcTypeAssociationWizard.contentsChanged(NewPcTypeAssociationWizard.java:184)
	at org.faktorips.devtools.core.internal.model.IpsModel$4.run(IpsModel.java:705)
	at org.eclipse.swt.widgets.Synchronizer.syncExec(Synchronizer.java:178)
	at org.eclipse.ui.internal.UISynchronizer.syncExec(UISynchronizer.java:150)
	at org.eclipse.swt.widgets.Display.syncExec(Display.java:4021)
	at org.faktorips.devtools.core.internal.model.IpsModel.notifyChangeListeners(IpsModel.java:718)
	at org.faktorips.devtools.core.internal.model.IpsModel.ipsSrcFileContentHasChanged(IpsModel.java:1413)
	at org.faktorips.devtools.core.internal.model.ipsobject.IpsSrcFileContent.ipsObjectChanged(IpsSrcFileContent.java:168)
	at org.faktorips.devtools.core.internal.model.ipsobject.IpsObjectPart.objectHasChanged(IpsObjectPart.java:91)
	at org.faktorips.devtools.core.internal.model.ipsobject.IpsObjectPartContainer.valueChanged(IpsObjectPartContainer.java:213)
	at org.faktorips.devtools.core.internal.model.type.Association.setTarget(Association.java:120)
	at org.faktorips.devtools.core.ui.editors.pctype.associationwizard.NewPcTypeAssociationWizardTest.testGetCorrespondingTargetAssociations(NewPcTypeAssociationWizardTest.java:80)
	at sun.reflect.NativeMethodAccessorImpl.invoke0(Native Method)
	at sun.reflect.NativeMethodAccessorImpl.invoke(NativeMethodAccessorImpl.java:39)
	at sun.reflect.DelegatingMethodAccessorImpl.invoke(DelegatingMethodAccessorImpl.java:25)
	at java.lang.reflect.Method.invoke(Method.java:597)
	at org.junit.internal.runners.TestMethodRunner.executeMethodBody(TestMethodRunner.java:99)
	at org.junit.internal.runners.TestMethodRunner.runUnprotected(TestMethodRunner.java:81)
	at org.junit.internal.runners.BeforeAndAfterRunner.runProtected(BeforeAndAfterRunner.java:34)
	at org.junit.internal.runners.TestMethodRunner.runMethod(TestMethodRunner.java:75)
	at org.junit.internal.runners.TestMethodRunner.run(TestMethodRunner.java:45)
	at org.junit.internal.runners.TestClassMethodsRunner.invokeTestMethod(TestClassMethodsRunner.java:66)
	at org.junit.internal.runners.TestClassMethodsRunner.run(TestClassMethodsRunner.java:35)
	at org.junit.internal.runners.TestClassRunner$1.runUnprotected(TestClassRunner.java:42)
	at org.junit.internal.runners.BeforeAndAfterRunner.runProtected(BeforeAndAfterRunner.java:34)
	at org.junit.internal.runners.TestClassRunner.run(TestClassRunner.java:52)
	at org.junit.internal.runners.CompositeRunner.run(CompositeRunner.java:29)
	at org.junit.runner.JUnitCore.run(JUnitCore.java:130)
	at org.junit.runner.JUnitCore.run(JUnitCore.java:109)
	at org.pluginbuilder.autotestsuite.junit4.JUnit4TestRunner.runTests(JUnit4TestRunner.java:71)
	at org.pluginbuilder.autotestsuite.junit4.JUnit4TestRunner.runFormatterTests(JUnit4TestRunner.java:54)
	at org.pluginbuilder.autotestsuite.application.AutoTestApplication.runFormatterTests(AutoTestApplication.java:294)
	at org.pluginbuilder.autotestsuite.application.AutoTestApplication.runAllJUnit4Tests(AutoTestApplication.java:271)
	at org.pluginbuilder.autotestsuite.application.AutoTestApplication.runAllJUnitTestsOnUIThread(AutoTestApplication.java:176)
	at org.pluginbuilder.autotestsuite.application.AutoTestApplication.access$0(AutoTestApplication.java:168)
	at org.pluginbuilder.autotestsuite.application.AutoTestApplication$1.run(AutoTestApplication.java:85)
	at org.eclipse.swt.widgets.RunnableLock.run(RunnableLock.java:35)
	at org.eclipse.swt.widgets.Synchronizer.runAsyncMessages(Synchronizer.java:133)
	at org.eclipse.swt.widgets.Display.runAsyncMessages(Display.java:3378)
	at org.eclipse.swt.widgets.Display.readAndDispatch(Display.java:3036)
	at org.eclipse.ui.internal.Workbench.runEventLoop(Workbench.java:2384)
	at org.eclipse.ui.internal.Workbench.runUI(Workbench.java:2348)
	at org.eclipse.ui.internal.Workbench.access$4(Workbench.java:2200)
	at org.eclipse.ui.internal.Workbench$5.run(Workbench.java:495)
	at org.eclipse.core.databinding.observable.Realm.runWithDefault(Realm.java:288)
	at org.eclipse.ui.internal.Workbench.createAndRunWorkbench(Workbench.java:490)
	at org.eclipse.ui.PlatformUI.createAndRunWorkbench(PlatformUI.java:149)
	at org.eclipse.ui.internal.ide.application.IDEApplication.start(IDEApplication.java:113)
	at org.pluginbuilder.autotestsuite.application.AutoTestApplication.runApplication(AutoTestApplication.java:165)
	at org.pluginbuilder.autotestsuite.application.AutoTestApplication.run(AutoTestApplication.java:106)
	at org.pluginbuilder.autotestsuite.application.AutoTestApplication.start(AutoTestApplication.java:69)
	at org.eclipse.equinox.internal.app.EclipseAppHandle.run(EclipseAppHandle.java:193)
	at org.eclipse.equinox.internal.app.MainApplicationLauncher.run(MainApplicationLauncher.java:32)
	at org.eclipse.core.runtime.internal.adaptor.EclipseAppLauncher.runApplication(EclipseAppLauncher.java:110)
	at org.eclipse.core.runtime.internal.adaptor.EclipseAppLauncher.start(EclipseAppLauncher.java:79)
	at org.eclipse.core.runtime.adaptor.EclipseStarter.run(EclipseStarter.java:386)
	at org.eclipse.core.runtime.adaptor.EclipseStarter.run(EclipseStarter.java:179)
	at sun.reflect.NativeMethodAccessorImpl.invoke0(Native Method)
	at sun.reflect.NativeMethodAccessorImpl.invoke(NativeMethodAccessorImpl.java:39)
	at sun.reflect.DelegatingMethodAccessorImpl.invoke(DelegatingMethodAccessorImpl.java:25)
	at java.lang.reflect.Method.invoke(Method.java:597)
	at org.eclipse.equinox.launcher.Main.invokeFramework(Main.java:549)
	at org.eclipse.equinox.launcher.Main.basicRun(Main.java:504)
	at org.eclipse.equinox.launcher.Main.run(Main.java:1236)
	at org.eclipse.equinox.launcher.Main.main(Main.java:1212)
	at org.eclipse.core.launcher.Main.main(Main.java:30)

!ENTRY org.faktorips.devtools.core 4 0 2011-03-21 17:57:13.830
!MESSAGE Error notifying IPS model change listener
!STACK 0
java.lang.NullPointerException
	at org.faktorips.devtools.core.ui.editors.pctype.associationwizard.NewPcTypeAssociationWizard.contentsChanged(NewPcTypeAssociationWizard.java:184)
	at org.faktorips.devtools.core.internal.model.IpsModel$4.run(IpsModel.java:705)
	at org.eclipse.swt.widgets.Synchronizer.syncExec(Synchronizer.java:178)
	at org.eclipse.ui.internal.UISynchronizer.syncExec(UISynchronizer.java:150)
	at org.eclipse.swt.widgets.Display.syncExec(Display.java:4021)
	at org.faktorips.devtools.core.internal.model.IpsModel.notifyChangeListeners(IpsModel.java:718)
	at org.faktorips.devtools.core.internal.model.IpsModel.ipsSrcFileContentHasChanged(IpsModel.java:1413)
	at org.faktorips.devtools.core.internal.model.ipsobject.IpsSrcFileContent.ipsObjectChanged(IpsSrcFileContent.java:168)
	at org.faktorips.devtools.core.internal.model.ipsobject.IpsObjectPart.objectHasChanged(IpsObjectPart.java:91)
	at org.faktorips.devtools.core.internal.model.ipsobject.IpsObjectPartContainer.valueChanged(IpsObjectPartContainer.java:213)
	at org.faktorips.devtools.core.internal.model.type.Association.setTarget(Association.java:120)
	at org.faktorips.devtools.core.ui.editors.pctype.associationwizard.NewPcTypeAssociationWizardTest.testGetCorrespondingTargetAssociations(NewPcTypeAssociationWizardTest.java:84)
	at sun.reflect.NativeMethodAccessorImpl.invoke0(Native Method)
	at sun.reflect.NativeMethodAccessorImpl.invoke(NativeMethodAccessorImpl.java:39)
	at sun.reflect.DelegatingMethodAccessorImpl.invoke(DelegatingMethodAccessorImpl.java:25)
	at java.lang.reflect.Method.invoke(Method.java:597)
	at org.junit.internal.runners.TestMethodRunner.executeMethodBody(TestMethodRunner.java:99)
	at org.junit.internal.runners.TestMethodRunner.runUnprotected(TestMethodRunner.java:81)
	at org.junit.internal.runners.BeforeAndAfterRunner.runProtected(BeforeAndAfterRunner.java:34)
	at org.junit.internal.runners.TestMethodRunner.runMethod(TestMethodRunner.java:75)
	at org.junit.internal.runners.TestMethodRunner.run(TestMethodRunner.java:45)
	at org.junit.internal.runners.TestClassMethodsRunner.invokeTestMethod(TestClassMethodsRunner.java:66)
	at org.junit.internal.runners.TestClassMethodsRunner.run(TestClassMethodsRunner.java:35)
	at org.junit.internal.runners.TestClassRunner$1.runUnprotected(TestClassRunner.java:42)
	at org.junit.internal.runners.BeforeAndAfterRunner.runProtected(BeforeAndAfterRunner.java:34)
	at org.junit.internal.runners.TestClassRunner.run(TestClassRunner.java:52)
	at org.junit.internal.runners.CompositeRunner.run(CompositeRunner.java:29)
	at org.junit.runner.JUnitCore.run(JUnitCore.java:130)
	at org.junit.runner.JUnitCore.run(JUnitCore.java:109)
	at org.pluginbuilder.autotestsuite.junit4.JUnit4TestRunner.runTests(JUnit4TestRunner.java:71)
	at org.pluginbuilder.autotestsuite.junit4.JUnit4TestRunner.runFormatterTests(JUnit4TestRunner.java:54)
	at org.pluginbuilder.autotestsuite.application.AutoTestApplication.runFormatterTests(AutoTestApplication.java:294)
	at org.pluginbuilder.autotestsuite.application.AutoTestApplication.runAllJUnit4Tests(AutoTestApplication.java:271)
	at org.pluginbuilder.autotestsuite.application.AutoTestApplication.runAllJUnitTestsOnUIThread(AutoTestApplication.java:176)
	at org.pluginbuilder.autotestsuite.application.AutoTestApplication.access$0(AutoTestApplication.java:168)
	at org.pluginbuilder.autotestsuite.application.AutoTestApplication$1.run(AutoTestApplication.java:85)
	at org.eclipse.swt.widgets.RunnableLock.run(RunnableLock.java:35)
	at org.eclipse.swt.widgets.Synchronizer.runAsyncMessages(Synchronizer.java:133)
	at org.eclipse.swt.widgets.Display.runAsyncMessages(Display.java:3378)
	at org.eclipse.swt.widgets.Display.readAndDispatch(Display.java:3036)
	at org.eclipse.ui.internal.Workbench.runEventLoop(Workbench.java:2384)
	at org.eclipse.ui.internal.Workbench.runUI(Workbench.java:2348)
	at org.eclipse.ui.internal.Workbench.access$4(Workbench.java:2200)
	at org.eclipse.ui.internal.Workbench$5.run(Workbench.java:495)
	at org.eclipse.core.databinding.observable.Realm.runWithDefault(Realm.java:288)
	at org.eclipse.ui.internal.Workbench.createAndRunWorkbench(Workbench.java:490)
	at org.eclipse.ui.PlatformUI.createAndRunWorkbench(PlatformUI.java:149)
	at org.eclipse.ui.internal.ide.application.IDEApplication.start(IDEApplication.java:113)
	at org.pluginbuilder.autotestsuite.application.AutoTestApplication.runApplication(AutoTestApplication.java:165)
	at org.pluginbuilder.autotestsuite.application.AutoTestApplication.run(AutoTestApplication.java:106)
	at org.pluginbuilder.autotestsuite.application.AutoTestApplication.start(AutoTestApplication.java:69)
	at org.eclipse.equinox.internal.app.EclipseAppHandle.run(EclipseAppHandle.java:193)
	at org.eclipse.equinox.internal.app.MainApplicationLauncher.run(MainApplicationLauncher.java:32)
	at org.eclipse.core.runtime.internal.adaptor.EclipseAppLauncher.runApplication(EclipseAppLauncher.java:110)
	at org.eclipse.core.runtime.internal.adaptor.EclipseAppLauncher.start(EclipseAppLauncher.java:79)
	at org.eclipse.core.runtime.adaptor.EclipseStarter.run(EclipseStarter.java:386)
	at org.eclipse.core.runtime.adaptor.EclipseStarter.run(EclipseStarter.java:179)
	at sun.reflect.NativeMethodAccessorImpl.invoke0(Native Method)
	at sun.reflect.NativeMethodAccessorImpl.invoke(NativeMethodAccessorImpl.java:39)
	at sun.reflect.DelegatingMethodAccessorImpl.invoke(DelegatingMethodAccessorImpl.java:25)
	at java.lang.reflect.Method.invoke(Method.java:597)
	at org.eclipse.equinox.launcher.Main.invokeFramework(Main.java:549)
	at org.eclipse.equinox.launcher.Main.basicRun(Main.java:504)
	at org.eclipse.equinox.launcher.Main.run(Main.java:1236)
	at org.eclipse.equinox.launcher.Main.main(Main.java:1212)
	at org.eclipse.core.launcher.Main.main(Main.java:30)

!ENTRY org.faktorips.devtools.core 4 0 2011-03-21 17:57:13.832
!MESSAGE Error notifying IPS model change listener
!STACK 0
java.lang.NullPointerException
	at org.faktorips.devtools.core.ui.editors.pctype.associationwizard.NewPcTypeAssociationWizard.contentsChanged(NewPcTypeAssociationWizard.java:184)
	at org.faktorips.devtools.core.internal.model.IpsModel$4.run(IpsModel.java:705)
	at org.eclipse.swt.widgets.Synchronizer.syncExec(Synchronizer.java:178)
	at org.eclipse.ui.internal.UISynchronizer.syncExec(UISynchronizer.java:150)
	at org.eclipse.swt.widgets.Display.syncExec(Display.java:4021)
	at org.faktorips.devtools.core.internal.model.IpsModel.notifyChangeListeners(IpsModel.java:718)
	at org.faktorips.devtools.core.internal.model.IpsModel.ipsSrcFileContentHasChanged(IpsModel.java:1413)
	at org.faktorips.devtools.core.internal.model.ipsobject.IpsSrcFileContent.ipsObjectChanged(IpsSrcFileContent.java:168)
	at org.faktorips.devtools.core.internal.model.ipsobject.IpsObjectPart.objectHasChanged(IpsObjectPart.java:91)
	at org.faktorips.devtools.core.internal.model.ipsobject.IpsObjectPartContainer.valueChanged(IpsObjectPartContainer.java:213)
	at org.faktorips.devtools.core.internal.model.type.Association.setAssociationType(Association.java:81)
	at org.faktorips.devtools.core.internal.model.pctype.PolicyCmptTypeAssociation.setAssociationType(PolicyCmptTypeAssociation.java:121)
	at org.faktorips.devtools.core.ui.editors.pctype.associationwizard.NewPcTypeAssociationWizardTest.testGetCorrespondingTargetAssociations(NewPcTypeAssociationWizardTest.java:89)
	at sun.reflect.NativeMethodAccessorImpl.invoke0(Native Method)
	at sun.reflect.NativeMethodAccessorImpl.invoke(NativeMethodAccessorImpl.java:39)
	at sun.reflect.DelegatingMethodAccessorImpl.invoke(DelegatingMethodAccessorImpl.java:25)
	at java.lang.reflect.Method.invoke(Method.java:597)
	at org.junit.internal.runners.TestMethodRunner.executeMethodBody(TestMethodRunner.java:99)
	at org.junit.internal.runners.TestMethodRunner.runUnprotected(TestMethodRunner.java:81)
	at org.junit.internal.runners.BeforeAndAfterRunner.runProtected(BeforeAndAfterRunner.java:34)
	at org.junit.internal.runners.TestMethodRunner.runMethod(TestMethodRunner.java:75)
	at org.junit.internal.runners.TestMethodRunner.run(TestMethodRunner.java:45)
	at org.junit.internal.runners.TestClassMethodsRunner.invokeTestMethod(TestClassMethodsRunner.java:66)
	at org.junit.internal.runners.TestClassMethodsRunner.run(TestClassMethodsRunner.java:35)
	at org.junit.internal.runners.TestClassRunner$1.runUnprotected(TestClassRunner.java:42)
	at org.junit.internal.runners.BeforeAndAfterRunner.runProtected(BeforeAndAfterRunner.java:34)
	at org.junit.internal.runners.TestClassRunner.run(TestClassRunner.java:52)
	at org.junit.internal.runners.CompositeRunner.run(CompositeRunner.java:29)
	at org.junit.runner.JUnitCore.run(JUnitCore.java:130)
	at org.junit.runner.JUnitCore.run(JUnitCore.java:109)
	at org.pluginbuilder.autotestsuite.junit4.JUnit4TestRunner.runTests(JUnit4TestRunner.java:71)
	at org.pluginbuilder.autotestsuite.junit4.JUnit4TestRunner.runFormatterTests(JUnit4TestRunner.java:54)
	at org.pluginbuilder.autotestsuite.application.AutoTestApplication.runFormatterTests(AutoTestApplication.java:294)
	at org.pluginbuilder.autotestsuite.application.AutoTestApplication.runAllJUnit4Tests(AutoTestApplication.java:271)
	at org.pluginbuilder.autotestsuite.application.AutoTestApplication.runAllJUnitTestsOnUIThread(AutoTestApplication.java:176)
	at org.pluginbuilder.autotestsuite.application.AutoTestApplication.access$0(AutoTestApplication.java:168)
	at org.pluginbuilder.autotestsuite.application.AutoTestApplication$1.run(AutoTestApplication.java:85)
	at org.eclipse.swt.widgets.RunnableLock.run(RunnableLock.java:35)
	at org.eclipse.swt.widgets.Synchronizer.runAsyncMessages(Synchronizer.java:133)
	at org.eclipse.swt.widgets.Display.runAsyncMessages(Display.java:3378)
	at org.eclipse.swt.widgets.Display.readAndDispatch(Display.java:3036)
	at org.eclipse.ui.internal.Workbench.runEventLoop(Workbench.java:2384)
	at org.eclipse.ui.internal.Workbench.runUI(Workbench.java:2348)
	at org.eclipse.ui.internal.Workbench.access$4(Workbench.java:2200)
	at org.eclipse.ui.internal.Workbench$5.run(Workbench.java:495)
	at org.eclipse.core.databinding.observable.Realm.runWithDefault(Realm.java:288)
	at org.eclipse.ui.internal.Workbench.createAndRunWorkbench(Workbench.java:490)
	at org.eclipse.ui.PlatformUI.createAndRunWorkbench(PlatformUI.java:149)
	at org.eclipse.ui.internal.ide.application.IDEApplication.start(IDEApplication.java:113)
	at org.pluginbuilder.autotestsuite.application.AutoTestApplication.runApplication(AutoTestApplication.java:165)
	at org.pluginbuilder.autotestsuite.application.AutoTestApplication.run(AutoTestApplication.java:106)
	at org.pluginbuilder.autotestsuite.application.AutoTestApplication.start(AutoTestApplication.java:69)
	at org.eclipse.equinox.internal.app.EclipseAppHandle.run(EclipseAppHandle.java:193)
	at org.eclipse.equinox.internal.app.MainApplicationLauncher.run(MainApplicationLauncher.java:32)
	at org.eclipse.core.runtime.internal.adaptor.EclipseAppLauncher.runApplication(EclipseAppLauncher.java:110)
	at org.eclipse.core.runtime.internal.adaptor.EclipseAppLauncher.start(EclipseAppLauncher.java:79)
	at org.eclipse.core.runtime.adaptor.EclipseStarter.run(EclipseStarter.java:386)
	at org.eclipse.core.runtime.adaptor.EclipseStarter.run(EclipseStarter.java:179)
	at sun.reflect.NativeMethodAccessorImpl.invoke0(Native Method)
	at sun.reflect.NativeMethodAccessorImpl.invoke(NativeMethodAccessorImpl.java:39)
	at sun.reflect.DelegatingMethodAccessorImpl.invoke(DelegatingMethodAccessorImpl.java:25)
	at java.lang.reflect.Method.invoke(Method.java:597)
	at org.eclipse.equinox.launcher.Main.invokeFramework(Main.java:549)
	at org.eclipse.equinox.launcher.Main.basicRun(Main.java:504)
	at org.eclipse.equinox.launcher.Main.run(Main.java:1236)
	at org.eclipse.equinox.launcher.Main.main(Main.java:1212)
	at org.eclipse.core.launcher.Main.main(Main.java:30)

!ENTRY org.faktorips.devtools.core 4 0 2011-03-21 17:57:13.834
!MESSAGE Error notifying IPS model change listener
!STACK 0
java.lang.NullPointerException
	at org.faktorips.devtools.core.ui.editors.pctype.associationwizard.NewPcTypeAssociationWizard.contentsChanged(NewPcTypeAssociationWizard.java:184)
	at org.faktorips.devtools.core.internal.model.IpsModel$4.run(IpsModel.java:705)
	at org.eclipse.swt.widgets.Synchronizer.syncExec(Synchronizer.java:178)
	at org.eclipse.ui.internal.UISynchronizer.syncExec(UISynchronizer.java:150)
	at org.eclipse.swt.widgets.Display.syncExec(Display.java:4021)
	at org.faktorips.devtools.core.internal.model.IpsModel.notifyChangeListeners(IpsModel.java:718)
	at org.faktorips.devtools.core.internal.model.IpsModel.ipsSrcFileContentHasChanged(IpsModel.java:1413)
	at org.faktorips.devtools.core.internal.model.ipsobject.IpsSrcFileContent.ipsObjectChanged(IpsSrcFileContent.java:168)
	at org.faktorips.devtools.core.internal.model.ipsobject.IpsObjectPart.objectHasChanged(IpsObjectPart.java:91)
	at org.faktorips.devtools.core.internal.model.ipsobject.IpsObjectPartContainer.valueChanged(IpsObjectPartContainer.java:213)
	at org.faktorips.devtools.core.internal.model.type.Association.setAssociationType(Association.java:81)
	at org.faktorips.devtools.core.internal.model.pctype.PolicyCmptTypeAssociation.setAssociationType(PolicyCmptTypeAssociation.java:121)
	at org.faktorips.devtools.core.ui.editors.pctype.associationwizard.NewPcTypeAssociationWizardTest.testGetCorrespondingTargetAssociations(NewPcTypeAssociationWizardTest.java:90)
	at sun.reflect.NativeMethodAccessorImpl.invoke0(Native Method)
	at sun.reflect.NativeMethodAccessorImpl.invoke(NativeMethodAccessorImpl.java:39)
	at sun.reflect.DelegatingMethodAccessorImpl.invoke(DelegatingMethodAccessorImpl.java:25)
	at java.lang.reflect.Method.invoke(Method.java:597)
	at org.junit.internal.runners.TestMethodRunner.executeMethodBody(TestMethodRunner.java:99)
	at org.junit.internal.runners.TestMethodRunner.runUnprotected(TestMethodRunner.java:81)
	at org.junit.internal.runners.BeforeAndAfterRunner.runProtected(BeforeAndAfterRunner.java:34)
	at org.junit.internal.runners.TestMethodRunner.runMethod(TestMethodRunner.java:75)
	at org.junit.internal.runners.TestMethodRunner.run(TestMethodRunner.java:45)
	at org.junit.internal.runners.TestClassMethodsRunner.invokeTestMethod(TestClassMethodsRunner.java:66)
	at org.junit.internal.runners.TestClassMethodsRunner.run(TestClassMethodsRunner.java:35)
	at org.junit.internal.runners.TestClassRunner$1.runUnprotected(TestClassRunner.java:42)
	at org.junit.internal.runners.BeforeAndAfterRunner.runProtected(BeforeAndAfterRunner.java:34)
	at org.junit.internal.runners.TestClassRunner.run(TestClassRunner.java:52)
	at org.junit.internal.runners.CompositeRunner.run(CompositeRunner.java:29)
	at org.junit.runner.JUnitCore.run(JUnitCore.java:130)
	at org.junit.runner.JUnitCore.run(JUnitCore.java:109)
	at org.pluginbuilder.autotestsuite.junit4.JUnit4TestRunner.runTests(JUnit4TestRunner.java:71)
	at org.pluginbuilder.autotestsuite.junit4.JUnit4TestRunner.runFormatterTests(JUnit4TestRunner.java:54)
	at org.pluginbuilder.autotestsuite.application.AutoTestApplication.runFormatterTests(AutoTestApplication.java:294)
	at org.pluginbuilder.autotestsuite.application.AutoTestApplication.runAllJUnit4Tests(AutoTestApplication.java:271)
	at org.pluginbuilder.autotestsuite.application.AutoTestApplication.runAllJUnitTestsOnUIThread(AutoTestApplication.java:176)
	at org.pluginbuilder.autotestsuite.application.AutoTestApplication.access$0(AutoTestApplication.java:168)
	at org.pluginbuilder.autotestsuite.application.AutoTestApplication$1.run(AutoTestApplication.java:85)
	at org.eclipse.swt.widgets.RunnableLock.run(RunnableLock.java:35)
	at org.eclipse.swt.widgets.Synchronizer.runAsyncMessages(Synchronizer.java:133)
	at org.eclipse.swt.widgets.Display.runAsyncMessages(Display.java:3378)
	at org.eclipse.swt.widgets.Display.readAndDispatch(Display.java:3036)
	at org.eclipse.ui.internal.Workbench.runEventLoop(Workbench.java:2384)
	at org.eclipse.ui.internal.Workbench.runUI(Workbench.java:2348)
	at org.eclipse.ui.internal.Workbench.access$4(Workbench.java:2200)
	at org.eclipse.ui.internal.Workbench$5.run(Workbench.java:495)
	at org.eclipse.core.databinding.observable.Realm.runWithDefault(Realm.java:288)
	at org.eclipse.ui.internal.Workbench.createAndRunWorkbench(Workbench.java:490)
	at org.eclipse.ui.PlatformUI.createAndRunWorkbench(PlatformUI.java:149)
	at org.eclipse.ui.internal.ide.application.IDEApplication.start(IDEApplication.java:113)
	at org.pluginbuilder.autotestsuite.application.AutoTestApplication.runApplication(AutoTestApplication.java:165)
	at org.pluginbuilder.autotestsuite.application.AutoTestApplication.run(AutoTestApplication.java:106)
	at org.pluginbuilder.autotestsuite.application.AutoTestApplication.start(AutoTestApplication.java:69)
	at org.eclipse.equinox.internal.app.EclipseAppHandle.run(EclipseAppHandle.java:193)
	at org.eclipse.equinox.internal.app.MainApplicationLauncher.run(MainApplicationLauncher.java:32)
	at org.eclipse.core.runtime.internal.adaptor.EclipseAppLauncher.runApplication(EclipseAppLauncher.java:110)
	at org.eclipse.core.runtime.internal.adaptor.EclipseAppLauncher.start(EclipseAppLauncher.java:79)
	at org.eclipse.core.runtime.adaptor.EclipseStarter.run(EclipseStarter.java:386)
	at org.eclipse.core.runtime.adaptor.EclipseStarter.run(EclipseStarter.java:179)
	at sun.reflect.NativeMethodAccessorImpl.invoke0(Native Method)
	at sun.reflect.NativeMethodAccessorImpl.invoke(NativeMethodAccessorImpl.java:39)
	at sun.reflect.DelegatingMethodAccessorImpl.invoke(DelegatingMethodAccessorImpl.java:25)
	at java.lang.reflect.Method.invoke(Method.java:597)
	at org.eclipse.equinox.launcher.Main.invokeFramework(Main.java:549)
	at org.eclipse.equinox.launcher.Main.basicRun(Main.java:504)
	at org.eclipse.equinox.launcher.Main.run(Main.java:1236)
	at org.eclipse.equinox.launcher.Main.main(Main.java:1212)
	at org.eclipse.core.launcher.Main.main(Main.java:30)

!ENTRY org.faktorips.devtools.core 4 0 2011-03-21 17:57:13.835
!MESSAGE Error notifying IPS model change listener
!STACK 0
java.lang.NullPointerException
	at org.faktorips.devtools.core.ui.editors.pctype.associationwizard.NewPcTypeAssociationWizard.contentsChanged(NewPcTypeAssociationWizard.java:184)
	at org.faktorips.devtools.core.internal.model.IpsModel$4.run(IpsModel.java:705)
	at org.eclipse.swt.widgets.Synchronizer.syncExec(Synchronizer.java:178)
	at org.eclipse.ui.internal.UISynchronizer.syncExec(UISynchronizer.java:150)
	at org.eclipse.swt.widgets.Display.syncExec(Display.java:4021)
	at org.faktorips.devtools.core.internal.model.IpsModel.notifyChangeListeners(IpsModel.java:718)
	at org.faktorips.devtools.core.internal.model.IpsModel.ipsSrcFileContentHasChanged(IpsModel.java:1413)
	at org.faktorips.devtools.core.internal.model.ipsobject.IpsSrcFileContent.ipsObjectChanged(IpsSrcFileContent.java:168)
	at org.faktorips.devtools.core.internal.model.ipsobject.IpsObjectPart.objectHasChanged(IpsObjectPart.java:91)
	at org.faktorips.devtools.core.internal.model.ipsobject.IpsObjectPartContainer.valueChanged(IpsObjectPartContainer.java:213)
	at org.faktorips.devtools.core.internal.model.type.Association.setAssociationType(Association.java:81)
	at org.faktorips.devtools.core.internal.model.pctype.PolicyCmptTypeAssociation.setAssociationType(PolicyCmptTypeAssociation.java:121)
	at org.faktorips.devtools.core.ui.editors.pctype.associationwizard.NewPcTypeAssociationWizardTest.testGetCorrespondingTargetAssociations(NewPcTypeAssociationWizardTest.java:94)
	at sun.reflect.NativeMethodAccessorImpl.invoke0(Native Method)
	at sun.reflect.NativeMethodAccessorImpl.invoke(NativeMethodAccessorImpl.java:39)
	at sun.reflect.DelegatingMethodAccessorImpl.invoke(DelegatingMethodAccessorImpl.java:25)
	at java.lang.reflect.Method.invoke(Method.java:597)
	at org.junit.internal.runners.TestMethodRunner.executeMethodBody(TestMethodRunner.java:99)
	at org.junit.internal.runners.TestMethodRunner.runUnprotected(TestMethodRunner.java:81)
	at org.junit.internal.runners.BeforeAndAfterRunner.runProtected(BeforeAndAfterRunner.java:34)
	at org.junit.internal.runners.TestMethodRunner.runMethod(TestMethodRunner.java:75)
	at org.junit.internal.runners.TestMethodRunner.run(TestMethodRunner.java:45)
	at org.junit.internal.runners.TestClassMethodsRunner.invokeTestMethod(TestClassMethodsRunner.java:66)
	at org.junit.internal.runners.TestClassMethodsRunner.run(TestClassMethodsRunner.java:35)
	at org.junit.internal.runners.TestClassRunner$1.runUnprotected(TestClassRunner.java:42)
	at org.junit.internal.runners.BeforeAndAfterRunner.runProtected(BeforeAndAfterRunner.java:34)
	at org.junit.internal.runners.TestClassRunner.run(TestClassRunner.java:52)
	at org.junit.internal.runners.CompositeRunner.run(CompositeRunner.java:29)
	at org.junit.runner.JUnitCore.run(JUnitCore.java:130)
	at org.junit.runner.JUnitCore.run(JUnitCore.java:109)
	at org.pluginbuilder.autotestsuite.junit4.JUnit4TestRunner.runTests(JUnit4TestRunner.java:71)
	at org.pluginbuilder.autotestsuite.junit4.JUnit4TestRunner.runFormatterTests(JUnit4TestRunner.java:54)
	at org.pluginbuilder.autotestsuite.application.AutoTestApplication.runFormatterTests(AutoTestApplication.java:294)
	at org.pluginbuilder.autotestsuite.application.AutoTestApplication.runAllJUnit4Tests(AutoTestApplication.java:271)
	at org.pluginbuilder.autotestsuite.application.AutoTestApplication.runAllJUnitTestsOnUIThread(AutoTestApplication.java:176)
	at org.pluginbuilder.autotestsuite.application.AutoTestApplication.access$0(AutoTestApplication.java:168)
	at org.pluginbuilder.autotestsuite.application.AutoTestApplication$1.run(AutoTestApplication.java:85)
	at org.eclipse.swt.widgets.RunnableLock.run(RunnableLock.java:35)
	at org.eclipse.swt.widgets.Synchronizer.runAsyncMessages(Synchronizer.java:133)
	at org.eclipse.swt.widgets.Display.runAsyncMessages(Display.java:3378)
	at org.eclipse.swt.widgets.Display.readAndDispatch(Display.java:3036)
	at org.eclipse.ui.internal.Workbench.runEventLoop(Workbench.java:2384)
	at org.eclipse.ui.internal.Workbench.runUI(Workbench.java:2348)
	at org.eclipse.ui.internal.Workbench.access$4(Workbench.java:2200)
	at org.eclipse.ui.internal.Workbench$5.run(Workbench.java:495)
	at org.eclipse.core.databinding.observable.Realm.runWithDefault(Realm.java:288)
	at org.eclipse.ui.internal.Workbench.createAndRunWorkbench(Workbench.java:490)
	at org.eclipse.ui.PlatformUI.createAndRunWorkbench(PlatformUI.java:149)
	at org.eclipse.ui.internal.ide.application.IDEApplication.start(IDEApplication.java:113)
	at org.pluginbuilder.autotestsuite.application.AutoTestApplication.runApplication(AutoTestApplication.java:165)
	at org.pluginbuilder.autotestsuite.application.AutoTestApplication.run(AutoTestApplication.java:106)
	at org.pluginbuilder.autotestsuite.application.AutoTestApplication.start(AutoTestApplication.java:69)
	at org.eclipse.equinox.internal.app.EclipseAppHandle.run(EclipseAppHandle.java:193)
	at org.eclipse.equinox.internal.app.MainApplicationLauncher.run(MainApplicationLauncher.java:32)
	at org.eclipse.core.runtime.internal.adaptor.EclipseAppLauncher.runApplication(EclipseAppLauncher.java:110)
	at org.eclipse.core.runtime.internal.adaptor.EclipseAppLauncher.start(EclipseAppLauncher.java:79)
	at org.eclipse.core.runtime.adaptor.EclipseStarter.run(EclipseStarter.java:386)
	at org.eclipse.core.runtime.adaptor.EclipseStarter.run(EclipseStarter.java:179)
	at sun.reflect.NativeMethodAccessorImpl.invoke0(Native Method)
	at sun.reflect.NativeMethodAccessorImpl.invoke(NativeMethodAccessorImpl.java:39)
	at sun.reflect.DelegatingMethodAccessorImpl.invoke(DelegatingMethodAccessorImpl.java:25)
	at java.lang.reflect.Method.invoke(Method.java:597)
	at org.eclipse.equinox.launcher.Main.invokeFramework(Main.java:549)
	at org.eclipse.equinox.launcher.Main.basicRun(Main.java:504)
	at org.eclipse.equinox.launcher.Main.run(Main.java:1236)
	at org.eclipse.equinox.launcher.Main.main(Main.java:1212)
	at org.eclipse.core.launcher.Main.main(Main.java:30)

!ENTRY org.faktorips.devtools.core 4 0 2011-03-21 17:57:13.837
!MESSAGE Error notifying IPS model change listener
!STACK 0
java.lang.NullPointerException
	at org.faktorips.devtools.core.ui.editors.pctype.associationwizard.NewPcTypeAssociationWizard.contentsChanged(NewPcTypeAssociationWizard.java:184)
	at org.faktorips.devtools.core.internal.model.IpsModel$4.run(IpsModel.java:705)
	at org.eclipse.swt.widgets.Synchronizer.syncExec(Synchronizer.java:178)
	at org.eclipse.ui.internal.UISynchronizer.syncExec(UISynchronizer.java:150)
	at org.eclipse.swt.widgets.Display.syncExec(Display.java:4021)
	at org.faktorips.devtools.core.internal.model.IpsModel.notifyChangeListeners(IpsModel.java:718)
	at org.faktorips.devtools.core.internal.model.IpsModel.ipsSrcFileContentHasChanged(IpsModel.java:1413)
	at org.faktorips.devtools.core.internal.model.ipsobject.IpsSrcFileContent.ipsObjectChanged(IpsSrcFileContent.java:168)
	at org.faktorips.devtools.core.internal.model.ipsobject.IpsObjectPart.objectHasChanged(IpsObjectPart.java:91)
	at org.faktorips.devtools.core.internal.model.ipsobject.IpsObjectPartContainer.valueChanged(IpsObjectPartContainer.java:213)
	at org.faktorips.devtools.core.internal.model.type.Association.setAssociationType(Association.java:81)
	at org.faktorips.devtools.core.internal.model.pctype.PolicyCmptTypeAssociation.setAssociationType(PolicyCmptTypeAssociation.java:121)
	at org.faktorips.devtools.core.ui.editors.pctype.associationwizard.NewPcTypeAssociationWizardTest.testGetCorrespondingTargetAssociations(NewPcTypeAssociationWizardTest.java:99)
	at sun.reflect.NativeMethodAccessorImpl.invoke0(Native Method)
	at sun.reflect.NativeMethodAccessorImpl.invoke(NativeMethodAccessorImpl.java:39)
	at sun.reflect.DelegatingMethodAccessorImpl.invoke(DelegatingMethodAccessorImpl.java:25)
	at java.lang.reflect.Method.invoke(Method.java:597)
	at org.junit.internal.runners.TestMethodRunner.executeMethodBody(TestMethodRunner.java:99)
	at org.junit.internal.runners.TestMethodRunner.runUnprotected(TestMethodRunner.java:81)
	at org.junit.internal.runners.BeforeAndAfterRunner.runProtected(BeforeAndAfterRunner.java:34)
	at org.junit.internal.runners.TestMethodRunner.runMethod(TestMethodRunner.java:75)
	at org.junit.internal.runners.TestMethodRunner.run(TestMethodRunner.java:45)
	at org.junit.internal.runners.TestClassMethodsRunner.invokeTestMethod(TestClassMethodsRunner.java:66)
	at org.junit.internal.runners.TestClassMethodsRunner.run(TestClassMethodsRunner.java:35)
	at org.junit.internal.runners.TestClassRunner$1.runUnprotected(TestClassRunner.java:42)
	at org.junit.internal.runners.BeforeAndAfterRunner.runProtected(BeforeAndAfterRunner.java:34)
	at org.junit.internal.runners.TestClassRunner.run(TestClassRunner.java:52)
	at org.junit.internal.runners.CompositeRunner.run(CompositeRunner.java:29)
	at org.junit.runner.JUnitCore.run(JUnitCore.java:130)
	at org.junit.runner.JUnitCore.run(JUnitCore.java:109)
	at org.pluginbuilder.autotestsuite.junit4.JUnit4TestRunner.runTests(JUnit4TestRunner.java:71)
	at org.pluginbuilder.autotestsuite.junit4.JUnit4TestRunner.runFormatterTests(JUnit4TestRunner.java:54)
	at org.pluginbuilder.autotestsuite.application.AutoTestApplication.runFormatterTests(AutoTestApplication.java:294)
	at org.pluginbuilder.autotestsuite.application.AutoTestApplication.runAllJUnit4Tests(AutoTestApplication.java:271)
	at org.pluginbuilder.autotestsuite.application.AutoTestApplication.runAllJUnitTestsOnUIThread(AutoTestApplication.java:176)
	at org.pluginbuilder.autotestsuite.application.AutoTestApplication.access$0(AutoTestApplication.java:168)
	at org.pluginbuilder.autotestsuite.application.AutoTestApplication$1.run(AutoTestApplication.java:85)
	at org.eclipse.swt.widgets.RunnableLock.run(RunnableLock.java:35)
	at org.eclipse.swt.widgets.Synchronizer.runAsyncMessages(Synchronizer.java:133)
	at org.eclipse.swt.widgets.Display.runAsyncMessages(Display.java:3378)
	at org.eclipse.swt.widgets.Display.readAndDispatch(Display.java:3036)
	at org.eclipse.ui.internal.Workbench.runEventLoop(Workbench.java:2384)
	at org.eclipse.ui.internal.Workbench.runUI(Workbench.java:2348)
	at org.eclipse.ui.internal.Workbench.access$4(Workbench.java:2200)
	at org.eclipse.ui.internal.Workbench$5.run(Workbench.java:495)
	at org.eclipse.core.databinding.observable.Realm.runWithDefault(Realm.java:288)
	at org.eclipse.ui.internal.Workbench.createAndRunWorkbench(Workbench.java:490)
	at org.eclipse.ui.PlatformUI.createAndRunWorkbench(PlatformUI.java:149)
	at org.eclipse.ui.internal.ide.application.IDEApplication.start(IDEApplication.java:113)
	at org.pluginbuilder.autotestsuite.application.AutoTestApplication.runApplication(AutoTestApplication.java:165)
	at org.pluginbuilder.autotestsuite.application.AutoTestApplication.run(AutoTestApplication.java:106)
	at org.pluginbuilder.autotestsuite.application.AutoTestApplication.start(AutoTestApplication.java:69)
	at org.eclipse.equinox.internal.app.EclipseAppHandle.run(EclipseAppHandle.java:193)
	at org.eclipse.equinox.internal.app.MainApplicationLauncher.run(MainApplicationLauncher.java:32)
	at org.eclipse.core.runtime.internal.adaptor.EclipseAppLauncher.runApplication(EclipseAppLauncher.java:110)
	at org.eclipse.core.runtime.internal.adaptor.EclipseAppLauncher.start(EclipseAppLauncher.java:79)
	at org.eclipse.core.runtime.adaptor.EclipseStarter.run(EclipseStarter.java:386)
	at org.eclipse.core.runtime.adaptor.EclipseStarter.run(EclipseStarter.java:179)
	at sun.reflect.NativeMethodAccessorImpl.invoke0(Native Method)
	at sun.reflect.NativeMethodAccessorImpl.invoke(NativeMethodAccessorImpl.java:39)
	at sun.reflect.DelegatingMethodAccessorImpl.invoke(DelegatingMethodAccessorImpl.java:25)
	at java.lang.reflect.Method.invoke(Method.java:597)
	at org.eclipse.equinox.launcher.Main.invokeFramework(Main.java:549)
	at org.eclipse.equinox.launcher.Main.basicRun(Main.java:504)
	at org.eclipse.equinox.launcher.Main.run(Main.java:1236)
	at org.eclipse.equinox.launcher.Main.main(Main.java:1212)
	at org.eclipse.core.launcher.Main.main(Main.java:30)

!ENTRY org.eclipse.osgi 2 1 2011-03-21 17:57:15.691
!MESSAGE NLS missing message: ReferenceAndPreviewPage_msgSelectAtLeastOneProduct in: org.faktorips.devtools.core.ui.wizards.deepcopy.messages
]]></system-out>

        <system-err><![CDATA[]]></system-err>

  </testsuite>
  <testsuite errors="0" failures="0" hostname="faktorzehn.org" id="3" name="tests" package="" tests="1742" time="97.882" timestamp="2011-03-21T16:51:29">
        <properties>
[...]
</properties>

        <testcase classname="org.faktorips.devtools.core.internal.model.tablecontents.RowImplTest" name="testInitFromXml" time="0.092" />

        <testcase classname="org.faktorips.devtools.core.internal.model.tablecontents.RowImplTest" name="testToXml" time="0.05" />

        <testcase classname="org.faktorips.devtools.core.internal.model.tablecontents.RowImplTest" name="testSetValue" time="0.046" />

        <testcase classname="org.faktorips.devtools.core.internal.model.tablecontents.RowImplTest" name="testRemove" time="0.048" />

        <testcase classname="org.faktorips.devtools.core.internal.model.tablecontents.RowImplTest" name="testGetRowNumber" time="0.063" />

        <testcase classname="org.faktorips.devtools.core.internal.model.enums.EnumLiteralNameAttributeTest" name="testXml" time="0.071" />

        <testcase classname="org.faktorips.devtools.core.internal.model.enums.EnumLiteralNameAttributeTest" name="testGetSetUsedAsNameInFaktorIpsUi" time="0.082" />

        <testcase classname="org.faktorips.devtools.core.internal.model.enums.EnumLiteralNameAttributeTest" name="testGetSetDefaultValueProviderAttribute" time="0.066" />

        <testcase classname="org.faktorips.devtools.core.internal.model.enums.EnumLiteralNameAttributeTest" name="testValidate" time="0.066" />

        <testcase classname="org.faktorips.devtools.core.internal.model.enums.EnumLiteralNameAttributeTest" name="testValidateIsNeeded" time="0.067" />

        <testcase classname="org.faktorips.devtools.core.internal.model.enums.EnumLiteralNameAttributeTest" name="testValidateDefaultValueProviderAttribute" time="0.124" />

        <testcase classname="org.faktorips.devtools.core.internal.model.enums.EnumLiteralNameAttributeTest" name="testGetSetIdentifier" time="0.061" />

        <testcase classname="org.faktorips.devtools.core.internal.model.enums.EnumLiteralNameAttributeTest" name="testGetSetInherited" time="0.062" />

[...]

        <testcase classname="org.faktorips.uml.core.internal.ClassDeltaTest" name="testNewDeltaConfigurationAssociationDiffers" time="0.384" />

        <testcase classname="org.faktorips.uml.core.internal.ClassDeltaTest" name="testNewDeltaConfigurationAssociationInSupertypeHierarchyWrongEnds" time="0.4" />

        <testcase classname="org.faktorips.uml.core.internal.ClassDeltaTest" name="testNewDeltaDifferentIsAbstract" time="0.406" />

        <testcase classname="org.faktorips.uml.core.internal.ClassDeltaTest" name="testApplyToIpsModelDifferentIsAbstract" time="0.387" />

        <testcase classname="org.faktorips.uml.core.internal.ClassDeltaTest" name="testApplyToUmlModelDifferentIsAbstract" time="0.387" />

        <testcase classname="org.faktorips.uml.core.internal.ClassDeltaTest" name="testApplyToIpsModelConfigurationAssociationNotInUml" time="0.388" />

        <testcase classname="org.faktorips.uml.core.internal.ClassDeltaTest" name="testApplyToUmlModelConfigurationAssociationNotInUml" time="0.398" />

        <testcase classname="org.faktorips.uml.core.internal.ClassDeltaTest" name="testApplyToIpsModelConfigurationAssociationNotInIps" time="0.451" />

        <testcase classname="org.faktorips.uml.core.internal.ClassDeltaTest" name="testApplyToUmlModelConfigurationAssociationNotInIps" time="0.414" />

        <testcase classname="org.faktorips.uml.core.internal.ClassDeltaTest" name="testApplyToUmlModelConfigurationAssociationDiffers" time="0.423" />

        <testcase classname="org.faktorips.uml.core.internal.ClassDeltaTest" name="testApplyToIpsModelConfigurationAssociationOnlyInSupertypeHierarchy" time="0.392" />

        <testcase classname="org.faktorips.uml.core.internal.ClassDeltaTest" name="testApplyToUmlModelConfigurationInSupertypeHierarchy" time="0.436" />

        <testcase classname="org.faktorips.uml.core.internal.ClassDeltaTest" name="testApplyToIpsModelDifferentGeneralization" time="0.403" />

        <testcase classname="org.faktorips.uml.core.internal.ClassDeltaTest" name="testApplyToUmlModelDifferentGeneralization" time="0.419" />

        <testcase classname="org.faktorips.uml.core.internal.ClassDeltaTest" name="testApplyToUmlModelGeneralizationRemoved" time="0.411" />

        <testcase classname="org.faktorips.uml.core.internal.ClassDeltaTest" name="testApplyToIpsModelWithSubdeltas" time="0.39" />

        <testcase classname="org.faktorips.uml.core.internal.ClassDeltaTest" name="testApplyToUmlModelWithSubdeltas" time="0.436" />

        <testcase classname="org.faktorips.uml.core.internal.ClassDeltaTest" name="testApplyAssociationDetailsToIpsModelIllegalArgument" time="0.385" />

        <testcase classname="org.faktorips.uml.core.internal.ClassDeltaTest" name="testApplyAssociationDetailsToUmlModelIllegalArgument" time="0.421" />

        <testcase classname="org.faktorips.uml.core.internal.ClassDeltaTest" name="testInvalidIpsModel" time="0.383" />

        <system-out><![CDATA[]]></system-out>

        <system-err><![CDATA[]]></system-err>

  </testsuite>
  <testsuite errors="0" failures="0" hostname="faktorzehn.org" id="14" name="tests" package="" tests="37" time="0.036" timestamp="2011-03-21T16:53:10">
        <properties>
[...]
</properties>

        <testcase classname="org.faktorips.util.IoUtilTest" name="close" time="0.0070" />

        <testcase classname="org.faktorips.util.IoUtilTest" name="closeNullPointer" time="0.0010" />

        <testcase classname="org.faktorips.util.message.MessageTest" name="testCopy" time="0.0" />

        <testcase classname="org.faktorips.util.message.MessageTest" name="testEqualsObject" time="0.0010" />

        <testcase classname="org.faktorips.util.message.MessageTest" name="testToString" time="0.0" />

        <testcase classname="org.faktorips.util.message.MessageTest" name="testMessage_StringStringint" time="0.0" />

        <testcase classname="org.faktorips.util.message.MessageTest" name="testMessage_StringStringintObjectString" time="0.0010" />

        <testcase classname="org.faktorips.util.message.MessageTest" name="testMessage_StringStringintObjectStringArray" time="0.0" />

        <testcase classname="org.faktorips.util.message.MessageTest" name="testMessage_StringStringintObjectPropertyArray" time="0.0" />

        <testcase classname="org.faktorips.util.ArgumentCheckTest" name="testIsSubclassOf" time="0.0010" />

        <testcase classname="org.faktorips.util.ArgumentCheckTest" name="testIsInstanceOf" time="0.0" />

        <testcase classname="org.faktorips.util.ArgumentCheckTest" name="testIsNullArray" time="0.0" />

        <testcase classname="org.faktorips.util.ArgumentCheckTest" name="testIsNullArrayContext" time="0.0" />

        <testcase classname="org.faktorips.util.StringUtilTest" name="testQuote" time="0.0" />

        <testcase classname="org.faktorips.util.StringUtilTest" name="testUnqualifiedClassName" time="0.0" />

        <testcase classname="org.faktorips.util.StringUtilTest" name="testGetLine" time="0.0" />

        <testcase classname="org.faktorips.util.StringUtilTest" name="testGetLines" time="0.0010" />

        <testcase classname="org.faktorips.util.StringUtilTest" name="testGetSystemLineseparator" time="0.0" />

        <testcase classname="org.faktorips.util.StringUtilTest" name="testGetFileExtension" time="0.0" />

        <testcase classname="org.faktorips.util.StringUtilTest" name="testToCamlCase" time="0.0010" />

        <testcase classname="org.faktorips.util.StringUtilTest" name="testCamelCaseToUnderscore" time="0.0" />

        <testcase classname="org.faktorips.util.StreamUtilTest" name="testCopy" time="0.0" />

        <testcase classname="org.faktorips.util.message.MessageListTest" name="testEquals" time="0.0" />

        <testcase classname="org.faktorips.util.message.MessageListTest" name="testToString" time="0.0010" />

        <testcase classname="org.faktorips.util.message.MessageListTest" name="testAddMessage" time="0.0" />

        <testcase classname="org.faktorips.util.message.MessageListTest" name="testAddMessageList" time="0.0" />

        <testcase classname="org.faktorips.util.message.MessageListTest" name="testAddMessageListObjectProperty_OverrideTrue" time="0.0010" />

        <testcase classname="org.faktorips.util.message.MessageListTest" name="testAddMessageListObjectProperty_OverrideFalse" time="0.0" />

        <testcase classname="org.faktorips.util.message.MessageListTest" name="testGetNoOfMessages" time="0.0010" />

        <testcase classname="org.faktorips.util.message.MessageListTest" name="testGetMessage" time="0.0" />

        <testcase classname="org.faktorips.util.message.MessageListTest" name="testGetMessageByCode" time="0.0" />

        <testcase classname="org.faktorips.util.message.MessageListTest" name="testGetSeverity" time="0.0010" />

        <testcase classname="org.faktorips.util.message.MessageListTest" name="testGetMessageWithHighestSeverity" time="0.0" />

        <testcase classname="org.faktorips.util.message.MessageListTest" name="testContainsErrorMsg" time="0.0" />

        <testcase classname="org.faktorips.util.message.MessageListTest" name="testGetMessagesFor" time="0.0010" />

        <testcase classname="org.faktorips.util.message.ObjectPropertyTest" name="testHashCode" time="0.0" />

        <testcase classname="org.faktorips.util.message.ObjectPropertyTest" name="testEqualsObject" time="0.0" />

        <system-out><![CDATA[]]></system-out>

        <system-err><![CDATA[]]></system-err>

  </testsuite>
  <testsuite errors="0" failures="0" hostname="faktorzehn.org" id="15" name="tests" package="" tests="114" time="0.126" timestamp="2011-03-21T16:53:11">
        <properties>
[...]
</properties>

        <testcase classname="org.faktorips.valueset.TestAbstractRangeTest" name="testHashCode" time="0.0" />

        <testcase classname="org.faktorips.valueset.TestAbstractRangeTest" name="testConstructor" time="0.0010" />

        <testcase classname="org.faktorips.valueset.TestAbstractRangeTest" name="testContains" time="0.0" />

        <testcase classname="org.faktorips.valueset.TestAbstractRangeTest" name="testIsEmpty" time="0.0" />

        <testcase classname="org.faktorips.valueset.TestAbstractRangeTest" name="testIsDiscrete" time="0.0" />

        <testcase classname="org.faktorips.valueset.TestAbstractRangeTest" name="testContainsNull" time="0.0" />

        <testcase classname="org.faktorips.valueset.TestAbstractRangeTest" name="testEqual" time="0.0" />

        <testcase classname="org.faktorips.values.MoneyTest" name="testIsNull" time="0.0010" />

        <testcase classname="org.faktorips.values.MoneyTest" name="testEqualsObject" time="0.0" />

        <testcase classname="org.faktorips.values.MoneyTest" name="testToString" time="0.0010" />

        <testcase classname="org.faktorips.values.MoneyTest" name="testAdd" time="0.0010" />

        <testcase classname="org.faktorips.values.MoneyTest" name="testValueOfString" time="0.0010" />

        <testcase classname="org.faktorips.values.MoneyTest" name="testSymmetryOfToStringAndValueOfForNull" time="0.0" />

        <testcase classname="org.faktorips.values.MoneyTest" name="testSubtract" time="0.0010" />

        <testcase classname="org.faktorips.values.MoneyTest" name="testGreaterThan" time="0.0" />

        <testcase classname="org.faktorips.values.MoneyTest" name="testLessThan" time="0.0010" />

        <testcase classname="org.faktorips.values.MoneyTest" name="testLessThanOrEqual" time="0.0" />

        <testcase classname="org.faktorips.values.MoneyTest" name="testMax" time="0.0" />

        <testcase classname="org.faktorips.values.MoneyTest" name="testMin" time="0.0" />

        <testcase classname="org.faktorips.values.MoneyTest" name="testValueOf_DecimalCurrency" time="0.0010" />

        <testcase classname="org.faktorips.values.MoneyTest" name="testValueOf_DecimalCurrencyInt" time="0.0010" />

        <testcase classname="org.faktorips.values.MoneyTest" name="testValueOflongintCurrency" time="0.0" />

        <testcase classname="org.faktorips.values.MoneyTest" name="testGetAmount" time="0.0" />

        <testcase classname="org.faktorips.values.MoneyTest" name="testGetCurrency" time="0.0" />

        <testcase classname="org.faktorips.values.MoneyTest" name="testMultiplyint" time="0.0" />

        <testcase classname="org.faktorips.values.MoneyTest" name="testMultiplylong" time="0.0010" />

        <testcase classname="org.faktorips.values.MoneyTest" name="testMultiplyDecimal" time="0.0010" />

        <testcase classname="org.faktorips.values.MoneyTest" name="testDivide_int" time="0.0" />

        <testcase classname="org.faktorips.values.MoneyTest" name="testDivide_long" time="0.0010" />

        <testcase classname="org.faktorips.values.MoneyTest" name="testDivide_Decimal" time="0.0" />

        <testcase classname="org.faktorips.values.MoneyTest" name="testCompareTo" time="0.0" />

        <testcase classname="org.faktorips.values.MoneyTest" name="testGreaterThanOrEqual" time="0.0010" />

        <testcase classname="org.faktorips.valueset.LongRangeTest" name="testGetValues" time="0.0010" />

        <testcase classname="org.faktorips.valueset.LongRangeTest" name="testConstructor" time="0.0" />

        <testcase classname="org.faktorips.valueset.LongRangeTest" name="testSerializable" time="0.011" />

        <testcase classname="org.faktorips.valueset.LongRangeTest" name="testValueOf" time="0.0" />

        <testcase classname="org.faktorips.valueset.LongRangeTest" name="testSize" time="0.0010" />

        <testcase classname="org.faktorips.values.ObjectUtilTest" name="testIsNull" time="0.0" />

        <testcase classname="org.faktorips.values.DecimalTest" name="testIsNull" time="0.0010" />

        <testcase classname="org.faktorips.values.DecimalTest" name="testHashCode" time="0.0010" />

        <testcase classname="org.faktorips.values.DecimalTest" name="testEqualsObject" time="0.0" />

        <testcase classname="org.faktorips.values.DecimalTest" name="testToString" time="0.0010" />

        <testcase classname="org.faktorips.values.DecimalTest" name="testDoubleValue" time="0.0" />

        <testcase classname="org.faktorips.values.DecimalTest" name="testFloatValue" time="0.0" />

        <testcase classname="org.faktorips.values.DecimalTest" name="testIntValue" time="0.0010" />

        <testcase classname="org.faktorips.values.DecimalTest" name="testLongValue" time="0.0" />

        <testcase classname="org.faktorips.values.DecimalTest" name="testValueOfString" time="0.0010" />

        <testcase classname="org.faktorips.values.DecimalTest" name="testSymmetryOfToStringAndValueOfForNull" time="0.0010" />

        <testcase classname="org.faktorips.values.DecimalTest" name="testValueOfInteger" time="0.0" />

        <testcase classname="org.faktorips.values.DecimalTest" name="testValueOfBigDecimal" time="0.0010" />

        <testcase classname="org.faktorips.values.DecimalTest" name="testValueOflongint" time="0.0010" />

        <testcase classname="org.faktorips.values.DecimalTest" name="testCompareToDecimal" time="0.0" />

        <testcase classname="org.faktorips.values.DecimalTest" name="testAdd_Decimal" time="0.0010" />

        <testcase classname="org.faktorips.values.DecimalTest" name="testAdd_Integer" time="0.0" />

        <testcase classname="org.faktorips.values.DecimalTest" name="testSubtract" time="0.0010" />

        <testcase classname="org.faktorips.values.DecimalTest" name="testMultiply_Decimal" time="0.0" />

        <testcase classname="org.faktorips.values.DecimalTest" name="testMultiply_Money" time="0.0010" />

        <testcase classname="org.faktorips.values.DecimalTest" name="testMultiply_Integer" time="0.0010" />

        <testcase classname="org.faktorips.values.DecimalTest" name="testMultiply_int" time="0.0" />

        <testcase classname="org.faktorips.values.DecimalTest" name="testMultiply_long" time="0.0010" />

        <testcase classname="org.faktorips.values.DecimalTest" name="testGreaterThan" time="0.0010" />

        <testcase classname="org.faktorips.values.DecimalTest" name="testGreaterThanOrEquals" time="0.0" />

        <testcase classname="org.faktorips.values.DecimalTest" name="testLessThan" time="0.0010" />

        <testcase classname="org.faktorips.values.DecimalTest" name="testLessThanOrEqual" time="0.0010" />

        <testcase classname="org.faktorips.values.DecimalTest" name="testEqualsIgnoreScale" time="0.0" />

        <testcase classname="org.faktorips.values.DecimalTest" name="testNotEqualsIgnoreScale" time="0.0010" />

        <testcase classname="org.faktorips.values.DecimalTest" name="testSum" time="0.0" />

        <testcase classname="org.faktorips.values.DecimalTest" name="testSetScale" time="0.0010" />

        <testcase classname="org.faktorips.values.DecimalTest" name="testRound" time="0.0010" />

        <testcase classname="org.faktorips.values.DecimalTest" name="testMax" time="0.0" />

        <testcase classname="org.faktorips.values.DecimalTest" name="testMin" time="0.0010" />

        <testcase classname="org.faktorips.valueset.DoubleRangeTest" name="testConstructor" time="0.0" />

        <testcase classname="org.faktorips.valueset.DoubleRangeTest" name="testSerializable" time="0.0030" />

        <testcase classname="org.faktorips.valueset.DoubleRangeTest" name="testConstructor2" time="0.0" />

        <testcase classname="org.faktorips.valueset.DecimalRangeTest" name="testGetValues" time="0.0" />

        <testcase classname="org.faktorips.valueset.DecimalRangeTest" name="testConstructor" time="0.0010" />

        <testcase classname="org.faktorips.valueset.DecimalRangeTest" name="testContains" time="0.0" />

        <testcase classname="org.faktorips.valueset.DecimalRangeTest" name="testSerializable" time="0.01" />

        <testcase classname="org.faktorips.valueset.DecimalRangeTest" name="testValueOf" time="0.0" />

        <testcase classname="org.faktorips.valueset.DecimalRangeTest" name="testConstructorWithStep" time="0.0" />

        <testcase classname="org.faktorips.valueset.IntegerRangeTest" name="testGetValues" time="0.0010" />

        <testcase classname="org.faktorips.valueset.IntegerRangeTest" name="testConstructor" time="0.0" />

        <testcase classname="org.faktorips.valueset.IntegerRangeTest" name="testContains" time="0.0" />

        <testcase classname="org.faktorips.valueset.IntegerRangeTest" name="testSerializable" time="0.0030" />

        <testcase classname="org.faktorips.valueset.IntegerRangeTest" name="testValueOf" time="0.0" />

        <testcase classname="org.faktorips.valueset.IntegerRangeTest" name="testSize" time="0.0" />

        <testcase classname="org.faktorips.values.DateUtilTest" name="testGregorianCalendarToIsoDateString" time="0.0010" />

        <testcase classname="org.faktorips.values.DateUtilTest" name="testIsIsoDate" time="0.0" />

        <testcase classname="org.faktorips.values.DateUtilTest" name="testDatetoIsoDateString" time="0.0" />

        <testcase classname="org.faktorips.values.DateUtilTest" name="testParseIsoDateStringToGregorianCalendar" time="0.0010" />

        <testcase classname="org.faktorips.values.DateUtilTest" name="testParseIsoDateStringToDate" time="0.0" />

        <testcase classname="org.faktorips.valueset.BigDecimalRangeTest" name="testGetValues" time="0.0010" />

        <testcase classname="org.faktorips.valueset.BigDecimalRangeTest" name="testConstructor" time="0.0" />

        <testcase classname="org.faktorips.valueset.BigDecimalRangeTest" name="testContains" time="0.0" />

        <testcase classname="org.faktorips.valueset.BigDecimalRangeTest" name="testSerializable" time="0.0030" />

        <testcase classname="org.faktorips.valueset.BigDecimalRangeTest" name="testValueOf" time="0.0" />

        <testcase classname="org.faktorips.valueset.BigDecimalRangeTest" name="testConstructorWithStep" time="0.0010" />

        <testcase classname="org.faktorips.valueset.OrderedValueSetTest" name="testGetValues" time="0.0010" />

        <testcase classname="org.faktorips.valueset.OrderedValueSetTest" name="testEquals" time="0.0" />

        <testcase classname="org.faktorips.valueset.OrderedValueSetTest" name="testHashCode" time="0.0" />

        <testcase classname="org.faktorips.valueset.OrderedValueSetTest" name="testConstructor" time="0.0" />

        <testcase classname="org.faktorips.valueset.OrderedValueSetTest" name="testContains" time="0.0010" />

        <testcase classname="org.faktorips.valueset.OrderedValueSetTest" name="testIsEmpty" time="0.0" />

        <testcase classname="org.faktorips.valueset.OrderedValueSetTest" name="testSerializable" time="0.018" />

        <testcase classname="org.faktorips.valueset.OrderedValueSetTest" name="testToString" time="0.0010" />

        <testcase classname="org.faktorips.valueset.OrderedValueSetTest" name="testSize" time="0.0" />

        <testcase classname="org.faktorips.valueset.OrderedValueSetTest" name="testIsDiscrete" time="0.0010" />

        <testcase classname="org.faktorips.valueset.OrderedValueSetTest" name="testContainsNull" time="0.0" />

        <testcase classname="org.faktorips.valueset.MoneyRangeTest" name="testGetValues" time="0.0010" />

        <testcase classname="org.faktorips.valueset.MoneyRangeTest" name="testConstructor" time="0.0" />

        <testcase classname="org.faktorips.valueset.MoneyRangeTest" name="testContains" time="0.0010" />

        <testcase classname="org.faktorips.valueset.MoneyRangeTest" name="testSerializable" time="0.0040" />

        <testcase classname="org.faktorips.valueset.MoneyRangeTest" name="testValueOf" time="0.0010" />

        <testcase classname="org.faktorips.valueset.MoneyRangeTest" name="testSize" time="0.0" />

        <system-out><![CDATA[]]></system-out>

        <system-err><![CDATA[]]></system-err>

  </testsuite>
</testsuites>
