# JRE version: Java(TM) SE Runtime Environment (8.0_91-b14) (build 1.8.0_91-b14)
# Java VM: Java HotSpot(TM) 64-Bit Server VM (25.91-b14 mixed mode linux-amd64 compressed oops)
Heap:
 PSYoungGen      total 182784K, used 6307K [0x00000000ef580000, 0x0000000100000000, 0x0000000100000000)
  eden space 168448K, 0% used [0x00000000ef580000,0x00000000ef580000,0x00000000f9a00000)
  from space 14336K, 43% used [0x00000000ff200000,0x00000000ff828ee8,0x0000000100000000)
  to   space 52224K, 0% used [0x00000000f9a00000,0x00000000f9a00000,0x00000000fcd00000)
 ParOldGen       total 119296K, used 119295K [0x00000000ce000000, 0x00000000d5480000, 0x00000000ef580000)
  object space 119296K, 99% used [0x00000000ce000000,0x00000000d547ffa0,0x00000000d5480000)
 Metaspace       used 23244K, capacity 23772K, committed 23936K, reserved 1071104K
  class space    used 2678K, capacity 2829K, committed 2944K, reserved 1048576K
GC Heap History (10 events):
Event: 5,266 GC heap after
Heap after GC invocations=7 (full 0):
 PSYoungGen      total 133120K, used 11760K [0x00000000ef580000, 0x0000000100000000, 0x0000000100000000)
  eden space 121344K, 0% used [0x00000000ef580000,0x00000000ef580000,0x00000000f6c00000)
  from space 11776K, 99% used [0x00000000f6c00000,0x00000000f777c020,0x00000000f7780000)
  to   space 15360K, 0% used [0x00000000ff100000,0x00000000ff100000,0x0000000100000000)
 ParOldGen       total 40960K, used 18093K [0x00000000ce000000, 0x00000000d0800000, 0x00000000ef580000)
  object space 40960K, 44% used [0x00000000ce000000,0x00000000cf1ab5d0,0x00000000d0800000)
 Metaspace       used 20830K, capacity 21194K, committed 21296K, reserved 1069056K
  class space    used 2514K, capacity 2647K, committed 2688K, reserved 1048576K
}
Event: 5,266 GC heap before
{Heap before GC invocations=8 (full 1):
 PSYoungGen      total 133120K, used 11760K [0x00000000ef580000, 0x0000000100000000, 0x0000000100000000)
  eden space 121344K, 0% used [0x00000000ef580000,0x00000000ef580000,0x00000000f6c00000)
  from space 11776K, 99% used [0x00000000f6c00000,0x00000000f777c020,0x00000000f7780000)
  to   space 15360K, 0% used [0x00000000ff100000,0x00000000ff100000,0x0000000100000000)
 ParOldGen       total 40960K, used 18093K [0x00000000ce000000, 0x00000000d0800000, 0x00000000ef580000)
  object space 40960K, 44% used [0x00000000ce000000,0x00000000cf1ab5d0,0x00000000d0800000)
 Metaspace       used 20830K, capacity 21194K, committed 21296K, reserved 1069056K
  class space    used 2514K, capacity 2647K, committed 2688K, reserved 1048576K
Event: 5,362 GC heap after
Heap after GC invocations=8 (full 1):
 PSYoungGen      total 133120K, used 0K [0x00000000ef580000, 0x0000000100000000, 0x0000000100000000)
  eden space 121344K, 0% used [0x00000000ef580000,0x00000000ef580000,0x00000000f6c00000)
  from space 11776K, 0% used [0x00000000f6c00000,0x00000000f6c00000,0x00000000f7780000)
  to   space 15360K, 0% used [0x00000000ff100000,0x00000000ff100000,0x0000000100000000)
 ParOldGen       total 50176K, used 21162K [0x00000000ce000000, 0x00000000d1100000, 0x00000000ef580000)
  object space 50176K, 42% used [0x00000000ce000000,0x00000000cf4aaa40,0x00000000d1100000)
 Metaspace       used 20830K, capacity 21194K, committed 21296K, reserved 1069056K
  class space    used 2514K, capacity 2647K, committed 2688K, reserved 1048576K
}
Event: 14,621 GC heap before
{Heap before GC invocations=9 (full 1):
 PSYoungGen      total 133120K, used 121344K [0x00000000ef580000, 0x0000000100000000, 0x0000000100000000)
  eden space 121344K, 100% used [0x00000000ef580000,0x00000000f6c00000,0x00000000f6c00000)
  from space 11776K, 0% used [0x00000000f6c00000,0x00000000f6c00000,0x00000000f7780000)
  to   space 15360K, 0% used [0x00000000ff100000,0x00000000ff100000,0x0000000100000000)
 ParOldGen       total 50176K, used 21162K [0x00000000ce000000, 0x00000000d1100000, 0x00000000ef580000)
  object space 50176K, 42% used [0x00000000ce000000,0x00000000cf4aaa40,0x00000000d1100000)
 Metaspace       used 22637K, capacity 23134K, committed 23216K, reserved 1069056K
  class space    used 2664K, capacity 2792K, committed 2816K, reserved 1048576K
Event: 14,673 GC heap after
Heap after GC invocations=9 (full 1):
 PSYoungGen      total 196608K, used 6812K [0x00000000ef580000, 0x00000000ff800000, 0x0000000100000000)
  eden space 189440K, 0% used [0x00000000ef580000,0x00000000ef580000,0x00000000fae80000)
  from space 7168K, 95% used [0x00000000ff100000,0x00000000ff7a72f0,0x00000000ff800000)
  to   space 14848K, 0% used [0x00000000fdb00000,0x00000000fdb00000,0x00000000fe980000)
 ParOldGen       total 50176K, used 21170K [0x00000000ce000000, 0x00000000d1100000, 0x00000000ef580000)
  object space 50176K, 42% used [0x00000000ce000000,0x00000000cf4aca40,0x00000000d1100000)
 Metaspace       used 22637K, capacity 23134K, committed 23216K, reserved 1069056K
  class space    used 2664K, capacity 2792K, committed 2816K, reserved 1048576K
}
Event: 16,675 GC heap before
{Heap before GC invocations=10 (full 1):
 PSYoungGen      total 196608K, used 196252K [0x00000000ef580000, 0x00000000ff800000, 0x0000000100000000)
  eden space 189440K, 100% used [0x00000000ef580000,0x00000000fae80000,0x00000000fae80000)
  from space 7168K, 95% used [0x00000000ff100000,0x00000000ff7a72f0,0x00000000ff800000)
  to   space 14848K, 0% used [0x00000000fdb00000,0x00000000fdb00000,0x00000000fe980000)
 ParOldGen       total 50176K, used 21170K [0x00000000ce000000, 0x00000000d1100000, 0x00000000ef580000)
  object space 50176K, 42% used [0x00000000ce000000,0x00000000cf4aca40,0x00000000d1100000)
 Metaspace       used 23000K, capacity 23524K, committed 23552K, reserved 1071104K
  class space    used 2665K, capacity 2793K, committed 2816K, reserved 1048576K
Event: 16,700 GC heap after
Heap after GC invocations=10 (full 1):
 PSYoungGen      total 249856K, used 6404K [0x00000000ef580000, 0x0000000100000000, 0x0000000100000000)
  eden space 235008K, 0% used [0x00000000ef580000,0x00000000ef580000,0x00000000fdb00000)
  from space 14848K, 43% used [0x00000000fdb00000,0x00000000fe141020,0x00000000fe980000)
  to   space 14336K, 0% used [0x00000000ff200000,0x00000000ff200000,0x0000000100000000)
 ParOldGen       total 50176K, used 21170K [0x00000000ce000000, 0x00000000d1100000, 0x00000000ef580000)
  object space 50176K, 42% used [0x00000000ce000000,0x00000000cf4aca40,0x00000000d1100000)
 Metaspace       used 23000K, capacity 23524K, committed 23552K, reserved 1071104K
  class space    used 2665K, capacity 2793K, committed 2816K, reserved 1048576K
}
Event: 19,791 GC heap before
{Heap before GC invocations=11 (full 1):
 PSYoungGen      total 249856K, used 241412K [0x00000000ef580000, 0x0000000100000000, 0x0000000100000000)
  eden space 235008K, 100% used [0x00000000ef580000,0x00000000fdb00000,0x00000000fdb00000)
  from space 14848K, 43% used [0x00000000fdb00000,0x00000000fe141020,0x00000000fe980000)
  to   space 14336K, 0% used [0x00000000ff200000,0x00000000ff200000,0x0000000100000000)
 ParOldGen       total 50176K, used 21170K [0x00000000ce000000, 0x00000000d1100000, 0x00000000ef580000)
  object space 50176K, 42% used [0x00000000ce000000,0x00000000cf4aca40,0x00000000d1100000)
 Metaspace       used 23244K, capacity 23772K, committed 23936K, reserved 1071104K
  class space    used 2678K, capacity 2829K, committed 2944K, reserved 1048576K
Event: 20,021 GC heap after
Heap after GC invocations=11 (full 1):
 PSYoungGen      total 182784K, used 14329K [0x00000000ef580000, 0x0000000100000000, 0x0000000100000000)
  eden space 168448K, 0% used [0x00000000ef580000,0x00000000ef580000,0x00000000f9a00000)
  from space 14336K, 99% used [0x00000000ff200000,0x00000000ffffe798,0x0000000100000000)
  to   space 52224K, 0% used [0x00000000f9a00000,0x00000000f9a00000,0x00000000fcd00000)
 ParOldGen       total 119296K, used 119098K [0x00000000ce000000, 0x00000000d5480000, 0x00000000ef580000)
  object space 119296K, 99% used [0x00000000ce000000,0x00000000d544e8c0,0x00000000d5480000)
 Metaspace       used 23244K, capacity 23772K, committed 23936K, reserved 1071104K
  class space    used 2678K, capacity 2829K, committed 2944K, reserved 1048576K
}
Event: 20,022 GC heap before
{Heap before GC invocations=12 (full 2):
 PSYoungGen      total 182784K, used 14329K [0x00000000ef580000, 0x0000000100000000, 0x0000000100000000)
  eden space 168448K, 0% used [0x00000000ef580000,0x00000000ef580000,0x00000000f9a00000)
  from space 14336K, 99% used [0x00000000ff200000,0x00000000ffffe798,0x0000000100000000)
  to   space 52224K, 0% used [0x00000000f9a00000,0x00000000f9a00000,0x00000000fcd00000)
 ParOldGen       total 119296K, used 119098K [0x00000000ce000000, 0x00000000d5480000, 0x00000000ef580000)
  object space 119296K, 99% used [0x00000000ce000000,0x00000000d544e8c0,0x00000000d5480000)
 Metaspace       used 23244K, capacity 23772K, committed 23936K, reserved 1071104K
  class space    used 2678K, capacity 2829K, committed 2944K, reserved 1048576K

