# JRE version: Java(TM) SE Runtime Environment (8.0_91-b14) (build 1.8.0_91-b14)
# Java VM: Java HotSpot(TM) 64-Bit Server VM (25.91-b14 mixed mode linux-amd64 compressed oops)
Heap:
 PSYoungGen      total 130560K, used 8688K [0x00000000ec000000, 0x00000000f4900000, 0x0000000100000000)
  eden space 121856K, 0% used [0x00000000ec000000,0x00000000ec000000,0x00000000f3700000)
  from space 8704K, 99% used [0x00000000f3700000,0x00000000f3f7c020,0x00000000f3f80000)
  to   space 7680K, 0% used [0x00000000f3f80000,0x00000000f3f80000,0x00000000f4700000)
 ParOldGen       total 40960K, used 15643K [0x00000000c4000000, 0x00000000c6800000, 0x00000000ec000000)
  object space 40960K, 38% used [0x00000000c4000000,0x00000000c4f46f10,0x00000000c6800000)
 Metaspace       used 11116K, capacity 11612K, committed 11776K, reserved 1060864K
  class space    used 1101K, capacity 1274K, committed 1280K, reserved 1048576K
GC Heap History (10 events):
Event: 1,530 GC heap after
Heap after GC invocations=2 (full 0):
 PSYoungGen      total 33280K, used 2518K [0x00000000ec000000, 0x00000000ee300000, 0x0000000100000000)
  eden space 30720K, 0% used [0x00000000ec000000,0x00000000ec000000,0x00000000ede00000)
  from space 2560K, 98% used [0x00000000ee080000,0x00000000ee2f5938,0x00000000ee300000)
  to   space 2560K, 0% used [0x00000000ede00000,0x00000000ede00000,0x00000000ee080000)
 ParOldGen       total 40960K, used 8K [0x00000000c4000000, 0x00000000c6800000, 0x00000000ec000000)
  object space 40960K, 0% used [0x00000000c4000000,0x00000000c4002000,0x00000000c6800000)
 Metaspace       used 7078K, capacity 7290K, committed 7552K, reserved 1056768K
  class space    used 765K, capacity 854K, committed 896K, reserved 1048576K
}
Event: 2,268 GC heap before
{Heap before GC invocations=3 (full 0):
 PSYoungGen      total 33280K, used 33238K [0x00000000ec000000, 0x00000000ee300000, 0x0000000100000000)
  eden space 30720K, 100% used [0x00000000ec000000,0x00000000ede00000,0x00000000ede00000)
  from space 2560K, 98% used [0x00000000ee080000,0x00000000ee2f5938,0x00000000ee300000)
  to   space 2560K, 0% used [0x00000000ede00000,0x00000000ede00000,0x00000000ee080000)
 ParOldGen       total 40960K, used 8K [0x00000000c4000000, 0x00000000c6800000, 0x00000000ec000000)
  object space 40960K, 0% used [0x00000000c4000000,0x00000000c4002000,0x00000000c6800000)
 Metaspace       used 8642K, capacity 8884K, committed 8960K, reserved 1056768K
  class space    used 916K, capacity 1020K, committed 1024K, reserved 1048576K
Event: 2,278 GC heap after
Heap after GC invocations=3 (full 0):
 PSYoungGen      total 33280K, used 2533K [0x00000000ec000000, 0x00000000f0100000, 0x0000000100000000)
  eden space 30720K, 0% used [0x00000000ec000000,0x00000000ec000000,0x00000000ede00000)
  from space 2560K, 98% used [0x00000000ede00000,0x00000000ee079470,0x00000000ee080000)
  to   space 2560K, 0% used [0x00000000efe80000,0x00000000efe80000,0x00000000f0100000)
 ParOldGen       total 40960K, used 2588K [0x00000000c4000000, 0x00000000c6800000, 0x00000000ec000000)
  object space 40960K, 6% used [0x00000000c4000000,0x00000000c42872e8,0x00000000c6800000)
 Metaspace       used 8642K, capacity 8884K, committed 8960K, reserved 1056768K
  class space    used 916K, capacity 1020K, committed 1024K, reserved 1048576K
}
Event: 3,108 GC heap before
{Heap before GC invocations=4 (full 0):
 PSYoungGen      total 33280K, used 33253K [0x00000000ec000000, 0x00000000f0100000, 0x0000000100000000)
  eden space 30720K, 100% used [0x00000000ec000000,0x00000000ede00000,0x00000000ede00000)
  from space 2560K, 98% used [0x00000000ede00000,0x00000000ee079470,0x00000000ee080000)
  to   space 2560K, 0% used [0x00000000efe80000,0x00000000efe80000,0x00000000f0100000)
 ParOldGen       total 40960K, used 2588K [0x00000000c4000000, 0x00000000c6800000, 0x00000000ec000000)
  object space 40960K, 6% used [0x00000000c4000000,0x00000000c42872e8,0x00000000c6800000)
 Metaspace       used 9201K, capacity 9516K, committed 9856K, reserved 1058816K
  class space    used 951K, capacity 1062K, committed 1152K, reserved 1048576K
Event: 3,144 GC heap after
Heap after GC invocations=4 (full 0):
 PSYoungGen      total 64000K, used 2556K [0x00000000ec000000, 0x00000000f0100000, 0x0000000100000000)
  eden space 61440K, 0% used [0x00000000ec000000,0x00000000ec000000,0x00000000efc00000)
  from space 2560K, 99% used [0x00000000efe80000,0x00000000f00ff320,0x00000000f0100000)
  to   space 2560K, 0% used [0x00000000efc00000,0x00000000efc00000,0x00000000efe80000)
 ParOldGen       total 40960K, used 6348K [0x00000000c4000000, 0x00000000c6800000, 0x00000000ec000000)
  object space 40960K, 15% used [0x00000000c4000000,0x00000000c4633060,0x00000000c6800000)
 Metaspace       used 9201K, capacity 9516K, committed 9856K, reserved 1058816K
  class space    used 951K, capacity 1062K, committed 1152K, reserved 1048576K
}
Event: 4,754 GC heap before
{Heap before GC invocations=5 (full 0):
 PSYoungGen      total 64000K, used 63996K [0x00000000ec000000, 0x00000000f0100000, 0x0000000100000000)
  eden space 61440K, 100% used [0x00000000ec000000,0x00000000efc00000,0x00000000efc00000)
  from space 2560K, 99% used [0x00000000efe80000,0x00000000f00ff320,0x00000000f0100000)
  to   space 2560K, 0% used [0x00000000efc00000,0x00000000efc00000,0x00000000efe80000)
 ParOldGen       total 40960K, used 6348K [0x00000000c4000000, 0x00000000c6800000, 0x00000000ec000000)
  object space 40960K, 15% used [0x00000000c4000000,0x00000000c4633060,0x00000000c6800000)
 Metaspace       used 9493K, capacity 9708K, committed 9856K, reserved 1058816K
  class space    used 959K, capacity 1062K, committed 1152K, reserved 1048576K
Event: 4,786 GC heap after
Heap after GC invocations=5 (full 0):
 PSYoungGen      total 64000K, used 2530K [0x00000000ec000000, 0x00000000f4700000, 0x0000000100000000)
  eden space 61440K, 0% used [0x00000000ec000000,0x00000000ec000000,0x00000000efc00000)
  from space 2560K, 98% used [0x00000000efc00000,0x00000000efe78b60,0x00000000efe80000)
  to   space 7680K, 0% used [0x00000000f3f80000,0x00000000f3f80000,0x00000000f4700000)
 ParOldGen       total 40960K, used 8960K [0x00000000c4000000, 0x00000000c6800000, 0x00000000ec000000)
  object space 40960K, 21% used [0x00000000c4000000,0x00000000c48c02e8,0x00000000c6800000)
 Metaspace       used 9493K, capacity 9708K, committed 9856K, reserved 1058816K
  class space    used 959K, capacity 1062K, committed 1152K, reserved 1048576K
}
Event: 5,970 GC heap before
{Heap before GC invocations=6 (full 0):
 PSYoungGen      total 64000K, used 63970K [0x00000000ec000000, 0x00000000f4700000, 0x0000000100000000)
  eden space 61440K, 100% used [0x00000000ec000000,0x00000000efc00000,0x00000000efc00000)
  from space 2560K, 98% used [0x00000000efc00000,0x00000000efe78b60,0x00000000efe80000)
  to   space 7680K, 0% used [0x00000000f3f80000,0x00000000f3f80000,0x00000000f4700000)
 ParOldGen       total 40960K, used 8960K [0x00000000c4000000, 0x00000000c6800000, 0x00000000ec000000)
  object space 40960K, 21% used [0x00000000c4000000,0x00000000c48c02e8,0x00000000c6800000)
 Metaspace       used 10352K, capacity 10724K, committed 11008K, reserved 1058816K
  class space    used 1036K, capacity 1168K, committed 1280K, reserved 1048576K
Event: 6,033 GC heap after
Heap after GC invocations=6 (full 0):
 PSYoungGen      total 129536K, used 7330K [0x00000000ec000000, 0x00000000f4900000, 0x0000000100000000)
  eden space 121856K, 0% used [0x00000000ec000000,0x00000000ec000000,0x00000000f3700000)
  from space 7680K, 95% used [0x00000000f3f80000,0x00000000f46a89f0,0x00000000f4700000)
  to   space 8704K, 0% used [0x00000000f3700000,0x00000000f3700000,0x00000000f3f80000)
 ParOldGen       total 40960K, used 8968K [0x00000000c4000000, 0x00000000c6800000, 0x00000000ec000000)
  object space 40960K, 21% used [0x00000000c4000000,0x00000000c48c22e8,0x00000000c6800000)
 Metaspace       used 10352K, capacity 10724K, committed 11008K, reserved 1058816K
  class space    used 1036K, capacity 1168K, committed 1280K, reserved 1048576K
}
Event: 14,900 GC heap before
{Heap before GC invocations=7 (full 0):
 PSYoungGen      total 129536K, used 129186K [0x00000000ec000000, 0x00000000f4900000, 0x0000000100000000)
  eden space 121856K, 100% used [0x00000000ec000000,0x00000000f3700000,0x00000000f3700000)
  from space 7680K, 95% used [0x00000000f3f80000,0x00000000f46a89f0,0x00000000f4700000)
  to   space 8704K, 0% used [0x00000000f3700000,0x00000000f3700000,0x00000000f3f80000)
 ParOldGen       total 40960K, used 8968K [0x00000000c4000000, 0x00000000c6800000, 0x00000000ec000000)
  object space 40960K, 21% used [0x00000000c4000000,0x00000000c48c22e8,0x00000000c6800000)
 Metaspace       used 11116K, capacity 11612K, committed 11776K, reserved 1060864K
  class space    used 1101K, capacity 1274K, committed 1280K, reserved 1048576K

