# JRE version: Java(TM) SE Runtime Environment (8.0_91-b14) (build 1.8.0_91-b14)
# Java VM: Java HotSpot(TM) 64-Bit Server VM (25.91-b14 mixed mode linux-amd64 compressed oops)
Heap:
 PSYoungGen      total 254976K, used 10210K [0x00000000ec000000, 0x00000000fc400000, 0x0000000100000000)
  eden space 244736K, 0% used [0x00000000ec000000,0x00000000ec000000,0x00000000faf00000)
  from space 10240K, 99% used [0x00000000faf00000,0x00000000fb8f8850,0x00000000fb900000)
  to   space 9216K, 0% used [0x00000000fb900000,0x00000000fb900000,0x00000000fc200000)
 ParOldGen       total 40448K, used 21700K [0x00000000c4000000, 0x00000000c6780000, 0x00000000ec000000)
  object space 40448K, 53% used [0x00000000c4000000,0x00000000c55311b8,0x00000000c6780000)
 Metaspace       used 30262K, capacity 30800K, committed 31104K, reserved 1077248K
  class space    used 3415K, capacity 3585K, committed 3712K, reserved 1048576K
GC Heap History (10 events):
Event: 6,469 GC heap after
Heap after GC invocations=5 (full 0):
 PSYoungGen      total 64000K, used 2552K [0x00000000ec000000, 0x00000000f4800000, 0x0000000100000000)
  eden space 61440K, 0% used [0x00000000ec000000,0x00000000ec000000,0x00000000efc00000)
  from space 2560K, 99% used [0x00000000efc00000,0x00000000efe7e150,0x00000000efe80000)
  to   space 8192K, 0% used [0x00000000f4000000,0x00000000f4000000,0x00000000f4800000)
 ParOldGen       total 40960K, used 11671K [0x00000000c4000000, 0x00000000c6800000, 0x00000000ec000000)
  object space 40960K, 28% used [0x00000000c4000000,0x00000000c4b65c90,0x00000000c6800000)
 Metaspace       used 13910K, capacity 14154K, committed 14464K, reserved 1062912K
  class space    used 1513K, capacity 1602K, committed 1664K, reserved 1048576K
}
Event: 8,157 GC heap before
{Heap before GC invocations=6 (full 0):
 PSYoungGen      total 64000K, used 63992K [0x00000000ec000000, 0x00000000f4800000, 0x0000000100000000)
  eden space 61440K, 100% used [0x00000000ec000000,0x00000000efc00000,0x00000000efc00000)
  from space 2560K, 99% used [0x00000000efc00000,0x00000000efe7e150,0x00000000efe80000)
  to   space 8192K, 0% used [0x00000000f4000000,0x00000000f4000000,0x00000000f4800000)
 ParOldGen       total 40960K, used 11671K [0x00000000c4000000, 0x00000000c6800000, 0x00000000ec000000)
  object space 40960K, 28% used [0x00000000c4000000,0x00000000c4b65c90,0x00000000c6800000)
 Metaspace       used 13942K, capacity 14218K, committed 14464K, reserved 1062912K
  class space    used 1513K, capacity 1602K, committed 1664K, reserved 1048576K
Event: 8,187 GC heap after
Heap after GC invocations=6 (full 0):
 PSYoungGen      total 131072K, used 4568K [0x00000000ec000000, 0x00000000f4800000, 0x0000000100000000)
  eden space 122880K, 0% used [0x00000000ec000000,0x00000000ec000000,0x00000000f3800000)
  from space 8192K, 55% used [0x00000000f4000000,0x00000000f4476018,0x00000000f4800000)
  to   space 8192K, 0% used [0x00000000f3800000,0x00000000f3800000,0x00000000f4000000)
 ParOldGen       total 40960K, used 11679K [0x00000000c4000000, 0x00000000c6800000, 0x00000000ec000000)
  object space 40960K, 28% used [0x00000000c4000000,0x00000000c4b67c90,0x00000000c6800000)
 Metaspace       used 13942K, capacity 14218K, committed 14464K, reserved 1062912K
  class space    used 1513K, capacity 1602K, committed 1664K, reserved 1048576K
}
Event: 50,006 GC heap before
{Heap before GC invocations=7 (full 0):
 PSYoungGen      total 131072K, used 127448K [0x00000000ec000000, 0x00000000f4800000, 0x0000000100000000)
  eden space 122880K, 100% used [0x00000000ec000000,0x00000000f3800000,0x00000000f3800000)
  from space 8192K, 55% used [0x00000000f4000000,0x00000000f4476018,0x00000000f4800000)
  to   space 8192K, 0% used [0x00000000f3800000,0x00000000f3800000,0x00000000f4000000)
 ParOldGen       total 40960K, used 11679K [0x00000000c4000000, 0x00000000c6800000, 0x00000000ec000000)
  object space 40960K, 28% used [0x00000000c4000000,0x00000000c4b67c90,0x00000000c6800000)
 Metaspace       used 16295K, capacity 16598K, committed 16768K, reserved 1064960K
  class space    used 1776K, capacity 1860K, committed 1920K, reserved 1048576K
Event: 50,026 GC heap after
Heap after GC invocations=7 (full 0):
 PSYoungGen      total 131072K, used 8121K [0x00000000ec000000, 0x00000000fc200000, 0x0000000100000000)
  eden space 122880K, 0% used [0x00000000ec000000,0x00000000ec000000,0x00000000f3800000)
  from space 8192K, 99% used [0x00000000f3800000,0x00000000f3fee790,0x00000000f4000000)
  to   space 9216K, 0% used [0x00000000fb900000,0x00000000fb900000,0x00000000fc200000)
 ParOldGen       total 40960K, used 12508K [0x00000000c4000000, 0x00000000c6800000, 0x00000000ec000000)
  object space 40960K, 30% used [0x00000000c4000000,0x00000000c4c37148,0x00000000c6800000)
 Metaspace       used 16295K, capacity 16598K, committed 16768K, reserved 1064960K
  class space    used 1776K, capacity 1860K, committed 1920K, reserved 1048576K
}
Event: 51,070 GC heap before
{Heap before GC invocations=8 (full 0):
 PSYoungGen      total 131072K, used 126468K [0x00000000ec000000, 0x00000000fc200000, 0x0000000100000000)
  eden space 122880K, 96% used [0x00000000ec000000,0x00000000f33929a0,0x00000000f3800000)
  from space 8192K, 99% used [0x00000000f3800000,0x00000000f3fee790,0x00000000f4000000)
  to   space 9216K, 0% used [0x00000000fb900000,0x00000000fb900000,0x00000000fc200000)
 ParOldGen       total 40960K, used 12508K [0x00000000c4000000, 0x00000000c6800000, 0x00000000ec000000)
  object space 40960K, 30% used [0x00000000c4000000,0x00000000c4c37148,0x00000000c6800000)
 Metaspace       used 20804K, capacity 21000K, committed 21296K, reserved 1069056K
  class space    used 2329K, capacity 2407K, committed 2432K, reserved 1048576K
Event: 51,085 GC heap after
Heap after GC invocations=8 (full 0):
 PSYoungGen      total 253952K, used 8930K [0x00000000ec000000, 0x00000000fc400000, 0x0000000100000000)
  eden space 244736K, 0% used [0x00000000ec000000,0x00000000ec000000,0x00000000faf00000)
  from space 9216K, 96% used [0x00000000fb900000,0x00000000fc1b89a8,0x00000000fc200000)
  to   space 10240K, 0% used [0x00000000faf00000,0x00000000faf00000,0x00000000fb900000)
 ParOldGen       total 40960K, used 13228K [0x00000000c4000000, 0x00000000c6800000, 0x00000000ec000000)
  object space 40960K, 32% used [0x00000000c4000000,0x00000000c4ceb158,0x00000000c6800000)
 Metaspace       used 20804K, capacity 21000K, committed 21296K, reserved 1069056K
  class space    used 2329K, capacity 2407K, committed 2432K, reserved 1048576K
}
Event: 51,085 GC heap before
{Heap before GC invocations=9 (full 1):
 PSYoungGen      total 253952K, used 8930K [0x00000000ec000000, 0x00000000fc400000, 0x0000000100000000)
  eden space 244736K, 0% used [0x00000000ec000000,0x00000000ec000000,0x00000000faf00000)
  from space 9216K, 96% used [0x00000000fb900000,0x00000000fc1b89a8,0x00000000fc200000)
  to   space 10240K, 0% used [0x00000000faf00000,0x00000000faf00000,0x00000000fb900000)
 ParOldGen       total 40960K, used 13228K [0x00000000c4000000, 0x00000000c6800000, 0x00000000ec000000)
  object space 40960K, 32% used [0x00000000c4000000,0x00000000c4ceb158,0x00000000c6800000)
 Metaspace       used 20804K, capacity 21000K, committed 21296K, reserved 1069056K
  class space    used 2329K, capacity 2407K, committed 2432K, reserved 1048576K
Event: 51,176 GC heap after
Heap after GC invocations=9 (full 1):
 PSYoungGen      total 253952K, used 0K [0x00000000ec000000, 0x00000000fc400000, 0x0000000100000000)
  eden space 244736K, 0% used [0x00000000ec000000,0x00000000ec000000,0x00000000faf00000)
  from space 9216K, 0% used [0x00000000fb900000,0x00000000fb900000,0x00000000fc200000)
  to   space 10240K, 0% used [0x00000000faf00000,0x00000000faf00000,0x00000000fb900000)
 ParOldGen       total 40448K, used 17841K [0x00000000c4000000, 0x00000000c6780000, 0x00000000ec000000)
  object space 40448K, 44% used [0x00000000c4000000,0x00000000c516c740,0x00000000c6780000)
 Metaspace       used 20720K, capacity 20892K, committed 21296K, reserved 1069056K
  class space    used 2322K, capacity 2396K, committed 2432K, reserved 1048576K
}
Event: 60,810 GC heap before
{Heap before GC invocations=10 (full 1):
 PSYoungGen      total 253952K, used 244736K [0x00000000ec000000, 0x00000000fc400000, 0x0000000100000000)
  eden space 244736K, 100% used [0x00000000ec000000,0x00000000faf00000,0x00000000faf00000)
  from space 9216K, 0% used [0x00000000fb900000,0x00000000fb900000,0x00000000fc200000)
  to   space 10240K, 0% used [0x00000000faf00000,0x00000000faf00000,0x00000000fb900000)
 ParOldGen       total 40448K, used 17841K [0x00000000c4000000, 0x00000000c6780000, 0x00000000ec000000)
  object space 40448K, 44% used [0x00000000c4000000,0x00000000c516c740,0x00000000c6780000)
 Metaspace       used 30262K, capacity 30800K, committed 31104K, reserved 1077248K
  class space    used 3415K, capacity 3585K, committed 3712K, reserved 1048576K

