<?xml version='1.0' encoding='UTF-8' ?>
<!--
The MIT License

Copyright (c) 2004-2009, Sun Microsystems, Inc., Kohsuke Kawaguchi

Permission is hereby granted, free of charge, to any person obtaining a copy
of this software and associated documentation files (the "Software"), to deal
in the Software without restriction, including without limitation the rights
to use, copy, modify, merge, publish, distribute, sublicense, and/or sell
copies of the Software, and to permit persons to whom the Software is
furnished to do so, subject to the following conditions:

The above copyright notice and this permission notice shall be included in
all copies or substantial portions of the Software.

THE SOFTWARE IS PROVIDED "AS IS", WITHOUT WARRANTY OF ANY KIND, EXPRESS OR
IMPLIED, INCLUDING BUT NOT LIMITED TO THE WARRANTIES OF MERCHANTABILITY,
FITNESS FOR A PARTICULAR PURPOSE AND NONINFRINGEMENT. IN NO EVENT SHALL THE
AUTHORS OR COPYRIGHT HOLDERS BE LIABLE FOR ANY CLAIM, DAMAGES OR OTHER
LIABILITY, WHETHER IN AN ACTION OF CONTRACT, TORT OR OTHERWISE, ARISING FROM,
OUT OF OR IN CONNECTION WITH THE SOFTWARE OR THE USE OR OTHER DEALINGS IN
THE SOFTWARE.
-->

<testsuites name="make test">
  <testsuite failures="0"
             errors="0"
             tests="1"
             time="0"
             name="make_test.t_basic_lint_t"
             id="1">
    <testcase time="0"
              name="test      1"
              classname="make_test.t_basic_lint_t" /><system-out>
  <![CDATA[/export/home/jm/tools/perl586/bin/perl build/mkrules --exit_on_no_src --src rulesrc --out rules --manifest MANIFEST --manifestskip MANIFEST.SKIP
  mkrules: no rules updated
  /export/home/jm/tools/perl586/bin/perl build/preprocessor  -Mvars  -DVERSION="3.003000"  -DPREFIX="/local/perl586"  -DDEF_RULES_DIR="/local/perl586/share/spamassassin"  -DLOCAL_RULES_DIR="/local/perl586/etc/mail/spamassassin"  -DLOCAL_STATE_DIR="/local/perl586/var/spamassassin"  -DINSTALLSITELIB="/local/perl586/lib/site_perl/5.8.6"  -DCONTACT_ADDRESS="the administrator of that system" -Msharpbang  -Mconditional  -DPERL_BIN="/export/home/jm/tools/perl586/bin/perl"  -DPERL_WARN=""  -DPERL_TAINT="" -m755 -isa-update.raw -osa-update
  cp sa-update blib/script/sa-update
  /export/home/jm/tools/perl586/bin/perl "-MExtUtils::MY" -e "MY->fixin(shift)" blib/script/sa-update
  PERL_DL_NONLAZY=1 /export/home/jm/tools/perl586/bin/perl "-MExtUtils::Command::MM" "-e" "test_harness(1, 'blib/lib', 'blib/arch')" t/*.t
  t/basic_lint......................
  1..1
  # Running under perl version 5.008006 for solaris
  # Current time local: Thu Mar 27 09:18:10 2008
  # Current time GMT:   Thu Mar 27 09:18:10 2008
  # Using Test.pm version 1.25
  	/export/home/jm/tools/perl586/bin/perl -T -w ../spamassassin.raw -C log/test_rules_copy  --siteconfigpath log/localrules.tmp -p log/test_default.cf  -L --lint
  	Checking anything
  ok 1
  ]]>
  </system-out><system-err />
  </testsuite>
  <testsuite failures="0"
             errors="0"
             tests="2"
             time="0"
             name="make_test.t_basic_meta_t"
             id="2">
    <testcase time="0"
              name="test      1"
              classname="make_test.t_basic_meta_t" />
    <testcase time="0"
              name="test      2"
              classname="make_test.t_basic_meta_t" /><system-out>

  <![CDATA[1..2
  # Running under perl version 5.008006 for solaris
  # Current time local: Thu Mar 27 09:18:12 2008
  # Current time GMT:   Thu Mar 27 09:18:12 2008
  # Using Test.pm version 1.25
  ok 1
  ok 2
  ]]>
  </system-out><system-err />
  </testsuite>
  <testsuite failures="1"
             errors="0"
             tests="4"
             time="0"
             name="make_test.t_basic_obj_api_t"
             id="3">
    <testcase time="0"
              name="test      1"
              classname="make_test.t_basic_obj_api_t" />
    <testcase time="0"
              name="test      2"
              classname="make_test.t_basic_obj_api_t" />
    <testcase time="0"
              name="test      3"
              classname="make_test.t_basic_obj_api_t" /><testcase time="0"
            name="test      4"
            classname="make_test.t_basic_obj_api_t">
    <failure type="TAPTestFailed"
             message="not ok 4"><![CDATA[1..4
  # Running under perl version 5.008008 for linux
  # Current time local: Thu Mar 27 10:52:12 2008
  # Current time GMT:   Thu Mar 27 10:52:12 2008
  # Using Test.pm version 1.25
  ok 1
  ok 2
  ok 3
  not ok 4
  # Failed test 4 in t/basic_obj_api.t at line 45
   Failed 1/4 subtests
  ]]></failure>
  </testcase><system-out>

  <![CDATA[1..4
  # Running under perl version 5.008008 for linux
  # Current time local: Thu Mar 27 10:52:12 2008
  # Current time GMT:   Thu Mar 27 10:52:12 2008
  # Using Test.pm version 1.25
  ok 1
  ok 2
  ok 3
  not ok 4
  # Failed test 4 in t/basic_obj_api.t at line 45
   Failed 1/4 subtests
  ]]>
  </system-out><system-err />
  </testsuite>
  <testsuite failures="0"
             errors="0"
             tests="52"
             time="0"
             name="make_test.t_bayessdbm_t"
             id="4">
    <testcase time="0"
              name="test      1"
              classname="make_test.t_bayessdbm_t" />
    <testcase time="0"
              name="test      2"
              classname="make_test.t_bayessdbm_t" />
    <testcase time="0"
              name="test      3"
              classname="make_test.t_bayessdbm_t" />
    <testcase time="0"
              name="test      4"
              classname="make_test.t_bayessdbm_t" />
    <testcase time="0"
              name="test      5"
              classname="make_test.t_bayessdbm_t" />

    <testcase time="0"
              name="test      6"
              classname="make_test.t_bayessdbm_t" />
    <testcase time="0"
              name="test      7"
              classname="make_test.t_bayessdbm_t" />
    <testcase time="0"
              name="test      8"
              classname="make_test.t_bayessdbm_t" />
    <testcase time="0"
              name="test      9"
              classname="make_test.t_bayessdbm_t" />
    <testcase time="0"
              name="test     10"
              classname="make_test.t_bayessdbm_t" />
    <testcase time="0"
              name="test     11"
              classname="make_test.t_bayessdbm_t" />
    <testcase time="0"
              name="test     12"
              classname="make_test.t_bayessdbm_t" />
    <testcase time="0"
              name="test     13"
              classname="make_test.t_bayessdbm_t" />
    <testcase time="0"
              name="test     14"
              classname="make_test.t_bayessdbm_t" />

    <testcase time="0"
              name="test     15"
              classname="make_test.t_bayessdbm_t" />
    <testcase time="0"
              name="test     16"
              classname="make_test.t_bayessdbm_t" />
    <testcase time="0"
              name="test     17"
              classname="make_test.t_bayessdbm_t" />
    <testcase time="0"
              name="test     18"
              classname="make_test.t_bayessdbm_t" />
    <testcase time="0"
              name="test     19"
              classname="make_test.t_bayessdbm_t" />
    <testcase time="0"
              name="test     20"
              classname="make_test.t_bayessdbm_t" />
    <testcase time="0"
              name="test     21"
              classname="make_test.t_bayessdbm_t" />
    <testcase time="0"
              name="test     22"
              classname="make_test.t_bayessdbm_t" />
    <testcase time="0"
              name="test     23"
              classname="make_test.t_bayessdbm_t" />

    <testcase time="0"
              name="test     24"
              classname="make_test.t_bayessdbm_t" />
    <testcase time="0"
              name="test     25"
              classname="make_test.t_bayessdbm_t" />
    <testcase time="0"
              name="test     26"
              classname="make_test.t_bayessdbm_t" />
    <testcase time="0"
              name="test     27"
              classname="make_test.t_bayessdbm_t" />
    <testcase time="0"
              name="test     28"
              classname="make_test.t_bayessdbm_t" />
    <testcase time="0"
              name="test     29"
              classname="make_test.t_bayessdbm_t" />
    <testcase time="0"
              name="test     30"
              classname="make_test.t_bayessdbm_t" />
    <testcase time="0"
              name="test     31"
              classname="make_test.t_bayessdbm_t" />
    <testcase time="0"
              name="test     32"
              classname="make_test.t_bayessdbm_t" />

    <testcase time="0"
              name="test     33"
              classname="make_test.t_bayessdbm_t" />
    <testcase time="0"
              name="test     34"
              classname="make_test.t_bayessdbm_t" />
    <testcase time="0"
              name="test     35"
              classname="make_test.t_bayessdbm_t" />
    <testcase time="0"
              name="test     36"
              classname="make_test.t_bayessdbm_t" />
    <testcase time="0"
              name="test     37"
              classname="make_test.t_bayessdbm_t" />
    <testcase time="0"
              name="test     38"
              classname="make_test.t_bayessdbm_t" />
    <testcase time="0"
              name="test     39"
              classname="make_test.t_bayessdbm_t" />
    <testcase time="0"
              name="test     40"
              classname="make_test.t_bayessdbm_t" />
    <testcase time="0"
              name="test     41"
              classname="make_test.t_bayessdbm_t" />

    <testcase time="0"
              name="test     42"
              classname="make_test.t_bayessdbm_t" />
    <testcase time="0"
              name="test     43"
              classname="make_test.t_bayessdbm_t" />
    <testcase time="0"
              name="test     44"
              classname="make_test.t_bayessdbm_t" />
    <testcase time="0"
              name="test     45"
              classname="make_test.t_bayessdbm_t" />
    <testcase time="0"
              name="test     46"
              classname="make_test.t_bayessdbm_t" />
    <testcase time="0"
              name="test     47"
              classname="make_test.t_bayessdbm_t" />
    <testcase time="0"
              name="test     48"
              classname="make_test.t_bayessdbm_t" />
    <testcase time="0"
              name="test     49"
              classname="make_test.t_bayessdbm_t" />
    <testcase time="0"
              name="test     50"
              classname="make_test.t_bayessdbm_t" />

    <testcase time="0"
              name="test     51"
              classname="make_test.t_bayessdbm_t" />
    <testcase time="0"
              name="test     52"
              classname="make_test.t_bayessdbm_t" /><system-out>
  <![CDATA[1..0
  # Running under perl version 5.008006 for solaris
  # Current time local: Thu Mar 27 09:18:17 2008
  # Current time GMT:   Thu Mar 27 09:18:17 2008
  # Using Test.pm version 1.25
  skipped: (no reason given)
  t/bayesdbm_flock..................
  1..0
  # Running under perl version 5.008006 for solaris
  # Current time local: Thu Mar 27 09:18:17 2008
  # Current time GMT:   Thu Mar 27 09:18:17 2008
  # Using Test.pm version 1.25
  skipped: (no reason given)
  t/bayessdbm.......................
  1..52
  # Running under perl version 5.008006 for solaris
  # Current time local: Thu Mar 27 09:18:17 2008
  # Current time GMT:   Thu Mar 27 09:18:17 2008
  # Using Test.pm version 1.25
  ok 1
  ok 2
  ok 3
  ok 4
  ok 5
  ok 6
  ok 7
  ok 8
  ok 9
  ok 10
  ok 11
  ok 12
  ok 13
  ok 14
  ok 15
  ok 16
  ok 17
  ok 18
  ok 19
  ok 20
  ok 21
  ok 22
  ok 23
  ok 24
  ok 25
  ok 26
  ok 27
  ok 28
  ok 29
  ok 30
  ok 31
  ok 32
  ok 33
  ok 34
  ok 35
  	/export/home/jm/tools/perl586/bin/perl -T -w ../sa-learn.raw -C log/test_rules_copy  --siteconfigpath log/localrules.tmp -p log/test_default.cf  --spam data/spam
  ok 36
  	Checking Acted on message
  ok 37
  	/export/home/jm/tools/perl586/bin/perl -T -w ../sa-learn.raw -C log/test_rules_copy  --siteconfigpath log/localrules.tmp -p log/test_default.cf  --ham data/nice
  ok 38
  	Checking Acted on message
  ok 39
  	/export/home/jm/tools/perl586/bin/perl -T -w ../sa-learn.raw -C log/test_rules_copy  --siteconfigpath log/localrules.tmp -p log/test_default.cf  --ham data/whitelists
  ok 40
  	Checking Acted on message
  ok 41
  	/export/home/jm/tools/perl586/bin/perl -T -w ../sa-learn.raw -C log/test_rules_copy  --siteconfigpath log/localrules.tmp -p log/test_default.cf  --dump magic
  ok 42
  	Checking db version
  ok 43
  ok 44
  	returned score: 0
  ok 45
  	returned score: 0.504057478376578
  ok 46
  ok 47
  ok 48
  ok 49
  ok 50
  ok 51
  ok 52
  ]]>
  </system-out><system-err />
  </testsuite>
  <testsuite failures="0"
             errors="0"
             tests="54"
             time="0"
             name="make_test.t_bayessdbm_seen_delete_t"
             id="5">
    <testcase time="0"
              name="test      1"
              classname="make_test.t_bayessdbm_seen_delete_t" />
    <testcase time="0"
              name="test      2"
              classname="make_test.t_bayessdbm_seen_delete_t" />
    <testcase time="0"
              name="test      3"
              classname="make_test.t_bayessdbm_seen_delete_t" />

    <testcase time="0"
              name="test      4"
              classname="make_test.t_bayessdbm_seen_delete_t" />
    <testcase time="0"
              name="test      5"
              classname="make_test.t_bayessdbm_seen_delete_t" />
    <testcase time="0"
              name="test      6"
              classname="make_test.t_bayessdbm_seen_delete_t" />
    <testcase time="0"
              name="test      7"
              classname="make_test.t_bayessdbm_seen_delete_t" />
    <testcase time="0"
              name="test      8"
              classname="make_test.t_bayessdbm_seen_delete_t" />
    <testcase time="0"
              name="test      9"
              classname="make_test.t_bayessdbm_seen_delete_t" />
    <testcase time="0"
              name="test     10"
              classname="make_test.t_bayessdbm_seen_delete_t" />
    <testcase time="0"
              name="test     11"
              classname="make_test.t_bayessdbm_seen_delete_t" />
    <testcase time="0"
              name="test     12"
              classname="make_test.t_bayessdbm_seen_delete_t" />

    <testcase time="0"
              name="test     13"
              classname="make_test.t_bayessdbm_seen_delete_t" />
    <testcase time="0"
              name="test     14"
              classname="make_test.t_bayessdbm_seen_delete_t" />
    <testcase time="0"
              name="test     15"
              classname="make_test.t_bayessdbm_seen_delete_t" />
    <testcase time="0"
              name="test     16"
              classname="make_test.t_bayessdbm_seen_delete_t" />
    <testcase time="0"
              name="test     17"
              classname="make_test.t_bayessdbm_seen_delete_t" />
    <testcase time="0"
              name="test     18"
              classname="make_test.t_bayessdbm_seen_delete_t" />
    <testcase time="0"
              name="test     19"
              classname="make_test.t_bayessdbm_seen_delete_t" />
    <testcase time="0"
              name="test     20"
              classname="make_test.t_bayessdbm_seen_delete_t" />
    <testcase time="0"
              name="test     21"
              classname="make_test.t_bayessdbm_seen_delete_t" />

    <testcase time="0"
              name="test     22"
              classname="make_test.t_bayessdbm_seen_delete_t" />
    <testcase time="0"
              name="test     23"
              classname="make_test.t_bayessdbm_seen_delete_t" />
    <testcase time="0"
              name="test     24"
              classname="make_test.t_bayessdbm_seen_delete_t" />
    <testcase time="0"
              name="test     25"
              classname="make_test.t_bayessdbm_seen_delete_t" />
    <testcase time="0"
              name="test     26"
              classname="make_test.t_bayessdbm_seen_delete_t" />
    <testcase time="0"
              name="test     27"
              classname="make_test.t_bayessdbm_seen_delete_t" />
    <testcase time="0"
              name="test     28"
              classname="make_test.t_bayessdbm_seen_delete_t" />
    <testcase time="0"
              name="test     29"
              classname="make_test.t_bayessdbm_seen_delete_t" />
    <testcase time="0"
              name="test     30"
              classname="make_test.t_bayessdbm_seen_delete_t" />

    <testcase time="0"
              name="test     31"
              classname="make_test.t_bayessdbm_seen_delete_t" />
    <testcase time="0"
              name="test     32"
              classname="make_test.t_bayessdbm_seen_delete_t" />
    <testcase time="0"
              name="test     33"
              classname="make_test.t_bayessdbm_seen_delete_t" />
    <testcase time="0"
              name="test     34"
              classname="make_test.t_bayessdbm_seen_delete_t" />
    <testcase time="0"
              name="test     35"
              classname="make_test.t_bayessdbm_seen_delete_t" />
    <testcase time="0"
              name="test     36"
              classname="make_test.t_bayessdbm_seen_delete_t" />
    <testcase time="0"
              name="test     37"
              classname="make_test.t_bayessdbm_seen_delete_t" />
    <testcase time="0"
              name="test     38"
              classname="make_test.t_bayessdbm_seen_delete_t" />
    <testcase time="0"
              name="test     39"
              classname="make_test.t_bayessdbm_seen_delete_t" />

    <testcase time="0"
              name="test     40"
              classname="make_test.t_bayessdbm_seen_delete_t" />
    <testcase time="0"
              name="test     41"
              classname="make_test.t_bayessdbm_seen_delete_t" />
    <testcase time="0"
              name="test     42"
              classname="make_test.t_bayessdbm_seen_delete_t" />
    <testcase time="0"
              name="test     43"
              classname="make_test.t_bayessdbm_seen_delete_t" />
    <testcase time="0"
              name="test     44"
              classname="make_test.t_bayessdbm_seen_delete_t" />
    <testcase time="0"
              name="test     45"
              classname="make_test.t_bayessdbm_seen_delete_t" />
    <testcase time="0"
              name="test     46"
              classname="make_test.t_bayessdbm_seen_delete_t" />
    <testcase time="0"
              name="test     47"
              classname="make_test.t_bayessdbm_seen_delete_t" />
    <testcase time="0"
              name="test     48"
              classname="make_test.t_bayessdbm_seen_delete_t" />

    <testcase time="0"
              name="test     49"
              classname="make_test.t_bayessdbm_seen_delete_t" />
    <testcase time="0"
              name="test     50"
              classname="make_test.t_bayessdbm_seen_delete_t" />
    <testcase time="0"
              name="test     51"
              classname="make_test.t_bayessdbm_seen_delete_t" />
    <testcase time="0"
              name="test     52"
              classname="make_test.t_bayessdbm_seen_delete_t" />
    <testcase time="0"
              name="test     53"
              classname="make_test.t_bayessdbm_seen_delete_t" />
    <testcase time="0"
              name="test     54"
              classname="make_test.t_bayessdbm_seen_delete_t" /><system-out>
  <![CDATA[1..54
  # Running under perl version 5.008006 for solaris
  # Current time local: Thu Mar 27 09:18:28 2008
  # Current time GMT:   Thu Mar 27 09:18:28 2008
  # Using Test.pm version 1.25
  ok 1
  ok 2
  ok 3
  ok 4
  ok 5
  ok 6
  ok 7
  ok 8
  ok 9
  ok 10
  ok 11
  ok 12
  ok 13
  ok 14
  ok 15
  ok 16
  ok 17
  ok 18
  ok 19
  ok 20
  ok 21
  ok 22
  ok 23
  ok 24
  ok 25
  ok 26
  ok 27
  ok 28
  ok 29
  ok 30
  ok 31
  ok 32
  ok 33
  ok 34
  ok 35
  	/export/home/jm/tools/perl586/bin/perl -T -w ../sa-learn.raw -C log/test_rules_copy  --siteconfigpath log/localrules.tmp -p log/test_default.cf  --spam data/spam
  ok 36
  	Checking Acted on message
  ok 37
  	/export/home/jm/tools/perl586/bin/perl -T -w ../sa-learn.raw -C log/test_rules_copy  --siteconfigpath log/localrules.tmp -p log/test_default.cf  --ham data/nice
  ok 38
  	Checking Acted on message
  ok 39
  	/export/home/jm/tools/perl586/bin/perl -T -w ../sa-learn.raw -C log/test_rules_copy  --siteconfigpath log/localrules.tmp -p log/test_default.cf  --ham data/whitelists
  ok 40
  	Checking Acted on message
  ok 41
  	/export/home/jm/tools/perl586/bin/perl -T -w ../sa-learn.raw -C log/test_rules_copy  --siteconfigpath log/localrules.tmp -p log/test_default.cf  --dump magic
  ok 42
  	Checking db version
  ok 43
  ok 44
  ok 45
  ok 46
  	returned score: 0
  ok 47
  	returned score: 0.504057478376578
  ok 48
  ok 49
  ok 50
  ok 51
  ok 52
  ok 53
  ok 54
  ]]>
  </system-out><system-err />
  </testsuite>

  <testsuite failures="0"
             errors="0"
             tests="3"
             time="0"
             name="make_test.t_blacklist_autolearn_t"
             id="6">
    <testcase time="0"
              name="test      1"
              classname="make_test.t_blacklist_autolearn_t" />
    <testcase time="0"
              name="test      2"
              classname="make_test.t_blacklist_autolearn_t" />
    <testcase time="0"
              name="test      3"
              classname="make_test.t_blacklist_autolearn_t" /><system-out>
  <![CDATA[1..0
  # Running under perl version 5.008006 for solaris
  # Current time local: Thu Mar 27 09:18:39 2008
  # Current time GMT:   Thu Mar 27 09:18:39 2008
  # Using Test.pm version 1.25
  skipped: (no reason given)
  t/blacklist_autolearn.............
  1..3
  # Running under perl version 5.008006 for solaris
  # Current time local: Thu Mar 27 09:18:39 2008
  # Current time GMT:   Thu Mar 27 09:18:39 2008
  # Using Test.pm version 1.25
  	/export/home/jm/tools/perl586/bin/perl -T -w ../spamassassin.raw -C log/test_rules_copy  --siteconfigpath log/localrules.tmp -p log/tst.cf  -L -t < data/nice/001
  ok 1
  	Checking blacklisted
  ok 2
  	Checking for anti-pattern autolearned as ham
  ok 3
  ]]>
  </system-out><system-err />
  </testsuite>
  <testsuite failures="0"
             errors="0"
             tests="3"
             time="0"
             name="make_test.t_body_mod_t"
             id="7">
    <testcase time="0"
              name="test      1"
              classname="make_test.t_body_mod_t" />

    <testcase time="0"
              name="test      2"
              classname="make_test.t_body_mod_t" />
    <testcase time="0"
              name="test      3"
              classname="make_test.t_body_mod_t" /><system-out>
  <![CDATA[1..3
  # Running under perl version 5.008006 for solaris
  # Current time local: Thu Mar 27 09:18:41 2008
  # Current time GMT:   Thu Mar 27 09:18:41 2008
  # Using Test.pm version 1.25
  hit rules: DATE_IN_FUTURE_03_06,HTML_FONT_FACE_BAD,HTML_IMAGE_RATIO_02,HTML_MESSAGE,MIME_HTML_ONLY,MSGID_OUTLOOK_INVALID,RATWARE_MS_HASH,RATWARE_OUTLOOK_NONAME,RDNS_NONE
  ok 1
  decoded: body renderings identical pre and post scan
  ok 2
  stripped: body renderings identical pre and post scan
  ok 3
  ]]>
  </system-out><system-err />
  </testsuite>
  <testsuite failures="0"
             errors="0"
             tests="2"
             time="0"
             name="make_test.t_check_implemented_t"
             id="8">
    <testcase time="0"
              name="test      1"
              classname="make_test.t_check_implemented_t" />
    <testcase time="0"
              name="test      2"
              classname="make_test.t_check_implemented_t" /><system-out>
  <![CDATA[1..2
  # Running under perl version 5.008006 for solaris
  # Current time local: Thu Mar 27 09:18:42 2008
  # Current time GMT:   Thu Mar 27 09:18:42 2008
  # Using Test.pm version 1.25
  ok 1
  got warning: 'check: no loaded plugin implements 'check_main': cannot scan!
  Check the necessary '.pre' files are in the config directory.
  '
  ok 2
  ]]>

  </system-out><system-err />
  </testsuite>
  <testsuite failures="0"
             errors="0"
             tests="51"
             time="0"
             name="make_test.t_cidrs_t"
             id="9">
    <testcase time="0"
              name="test      1"
              classname="make_test.t_cidrs_t" />
    <testcase time="0"
              name="test      2"
              classname="make_test.t_cidrs_t" />
    <testcase time="0"
              name="test      3"
              classname="make_test.t_cidrs_t" />
    <testcase time="0"
              name="test      4"
              classname="make_test.t_cidrs_t" />
    <testcase time="0"
              name="test      5"
              classname="make_test.t_cidrs_t" />
    <testcase time="0"
              name="test      6"
              classname="make_test.t_cidrs_t" />

    <testcase time="0"
              name="test      7"
              classname="make_test.t_cidrs_t" />
    <testcase time="0"
              name="test      8"
              classname="make_test.t_cidrs_t" />
    <testcase time="0"
              name="test      9"
              classname="make_test.t_cidrs_t" />
    <testcase time="0"
              name="test     10"
              classname="make_test.t_cidrs_t" />
    <testcase time="0"
              name="test     11"
              classname="make_test.t_cidrs_t" />
    <testcase time="0"
              name="test     12"
              classname="make_test.t_cidrs_t" />
    <testcase time="0"
              name="test     13"
              classname="make_test.t_cidrs_t" />
    <testcase time="0"
              name="test     14"
              classname="make_test.t_cidrs_t" />
    <testcase time="0"
              name="test     15"
              classname="make_test.t_cidrs_t" />

    <testcase time="0"
              name="test     16"
              classname="make_test.t_cidrs_t" />
    <testcase time="0"
              name="test     17"
              classname="make_test.t_cidrs_t" />
    <testcase time="0"
              name="test     18"
              classname="make_test.t_cidrs_t" />
    <testcase time="0"
              name="test     19"
              classname="make_test.t_cidrs_t" />
    <testcase time="0"
              name="test     20"
              classname="make_test.t_cidrs_t" />
    <testcase time="0"
              name="test     21"
              classname="make_test.t_cidrs_t" />
    <testcase time="0"
              name="test     22"
              classname="make_test.t_cidrs_t" />
    <testcase time="0"
              name="test     23"
              classname="make_test.t_cidrs_t" />
    <testcase time="0"
              name="test     24"
              classname="make_test.t_cidrs_t" />

    <testcase time="0"
              name="test     25"
              classname="make_test.t_cidrs_t" />
    <testcase time="0"
              name="test     26"
              classname="make_test.t_cidrs_t" />
    <testcase time="0"
              name="test     27"
              classname="make_test.t_cidrs_t" />
    <testcase time="0"
              name="test     28"
              classname="make_test.t_cidrs_t" />
    <testcase time="0"
              name="test     29"
              classname="make_test.t_cidrs_t" />
    <testcase time="0"
              name="test     30"
              classname="make_test.t_cidrs_t" />
    <testcase time="0"
              name="test     31"
              classname="make_test.t_cidrs_t" />
    <testcase time="0"
              name="test     32"
              classname="make_test.t_cidrs_t" />
    <testcase time="0"
              name="test     33"
              classname="make_test.t_cidrs_t" />

    <testcase time="0"
              name="test     34"
              classname="make_test.t_cidrs_t" />
    <testcase time="0"
              name="test     35"
              classname="make_test.t_cidrs_t" />
    <testcase time="0"
              name="test     36"
              classname="make_test.t_cidrs_t" />
    <testcase time="0"
              name="test     37"
              classname="make_test.t_cidrs_t" />
    <testcase time="0"
              name="test     38"
              classname="make_test.t_cidrs_t" />
    <testcase time="0"
              name="test     39"
              classname="make_test.t_cidrs_t" />
    <testcase time="0"
              name="test     40"
              classname="make_test.t_cidrs_t" />
    <testcase time="0"
              name="test     41"
              classname="make_test.t_cidrs_t" />
    <testcase time="0"
              name="test     42"
              classname="make_test.t_cidrs_t" />

    <testcase time="0"
              name="test     43"
              classname="make_test.t_cidrs_t" />
    <testcase time="0"
              name="test     44"
              classname="make_test.t_cidrs_t" />
    <testcase time="0"
              name="test     45"
              classname="make_test.t_cidrs_t" />
    <testcase time="0"
              name="test     46"
              classname="make_test.t_cidrs_t" />
    <testcase time="0"
              name="test     47"
              classname="make_test.t_cidrs_t" />
    <testcase time="0"
              name="test     48"
              classname="make_test.t_cidrs_t" />
    <testcase time="0"
              name="test     49"
              classname="make_test.t_cidrs_t" />
    <testcase time="0"
              name="test     50"
              classname="make_test.t_cidrs_t" />
    <testcase time="0"
              name="test     51"
              classname="make_test.t_cidrs_t" /><system-out>

  <![CDATA[1..51
  # Running under perl version 5.008006 for solaris
  # Current time local: Thu Mar 27 09:18:43 2008
  # Current time GMT:   Thu Mar 27 09:18:43 2008
  # Using Test.pm version 1.25

  127.0.0.1 was in 127.0.0.1
  ok 1

  127.0.0.2 was not in 127.0.0.1
  ok 2

  127.0.0.1 was in 127.
  ok 3

  127.0.0.254 was in 127.
  ok 4

  127.0.0.1 was in 127/8
  ok 5

  127.0.0.1 was in 127.0/16
  ok 6

  127.0.0.1 was in 127.0.0/24
  ok 7

  127.0.0.1 was in 127.0.0.1/32
  ok 8

  127.0.0.1 was in 127.0.0.1/31
  ok 9

  127.0.0.1 was in 10. 11. 127.0.0.1
  ok 10

  127.0.0.1 was in 127.0.
  ok 11

  127.0.0.1 was in 127.0.0.
  ok 12

  127.0.0.1 was in 127.
  ok 13

  128.0.0.254 was not in 127.
  ok 14

  128.0.0.1 was not in 127/8
  ok 15

  128.0.0.1 was not in 127.0/16
  ok 16

  128.0.0.1 was not in 127.0.0/24
  ok 17

  128.0.0.1 was not in 127.0.0.1/32
  ok 18

  128.0.0.1 was not in 127.0.0.1/31
  ok 19

  128.0.0.1 was not in 127.0.
  ok 20

  128.0.0.1 was not in 127.0.0.
  ok 21

  12.9.0.1 was not in 10. 11. 127.0.0.1
  ok 22

  127.0.0.1 was not in ::DEAD:BEEF
  ok 23

  DEAD:BEEF:0000:0102:0304:0506:0708:0a0b was in DEAD:BEEF:0000:0102:0304:0506::/96
  ok 24

  DEAD:BEEF:0000:0102:0304:0506:0708:0a0b was in DEAD:BEEF:0000:0102:0304:0506:0:0/96
  ok 25

  fec0:02::0060:1dff:fff7:2109 was in fec0:02::0060:1dff:fff7:2109
  ok 26

  ::1 was in ::1
  ok 27

  ::1 was in 0:0:0:0:0:0:0:1
  ok 28

  ::1 was in 0:0:0::0:1
  ok 29

  ::1 was in ::/96
  ok 30

  ::ffff:127.0.0.1 was in 127/8
  ok 31

  ::ffff:127.0.0.1 was in 127.0.0.1
  ok 32

  ::ffff:127.0.0.1 was in ::ffff:127.0.0.1
  ok 33

  127.0.0.1 was in ::ffff:127.0.0.1
  ok 34

  127.0.0.1 was in ::ffff:7f00:0000/112
  ok 35

  127.0.0.1 was in ::ffff:7f00:0001
  ok 36

  127.0.0.1 was in 0000:0000:0000:0000:0000:ffff:127.0.0.0/112
  ok 37

  127.0.0.1 was in 0000:0000:0000:0000:0000:ffff:127.0.0.1
  ok 38

  127.0.0.1 was not in ::127.0.0.1
  ok 39

  ::127.0.0.1 was not in 127.0.0.1
  ok 40

  ::127.0.0.1 was not in 127/8
  ok 41

  127.0.0.1 was not in ::7f00:0000/112
  ok 42

  1.1/16 was in 1.1/16
  ok 43

  1.1/16 was in 1.1/15
  ok 44

  1.1/16 was not in 1.1/17
  ok 45

  1.1/16 was not in 1.1.1/24
  ok 46

  1.1.1/24 was in 1.1/16
  ok 47

  DEAD:BEEF:0000:0102:0304:0506:0:0/96 was in DEAD:BEEF:0000:0102:0304:0506:0:0/96
  ok 48

  DEAD:BEEF:0000:0102:0304:0506:0:0/96 was in DEAD:BEEF:0000:0102:0304:0506:0:0/95
  ok 49

  DEAD:BEEF:0000:0102:0304:0506:0:0/96 was in DEAD:BEEF:0000:0102:0304:0506:1:1/90
  ok 50

  DEAD:BEEF:0000:0102:0304:0506:1:1/90 was not in DEAD:BEEF:0000:0102:0304:0506:0:0/96
  ok 51
  ]]>
  </system-out><system-err />
  </testsuite>
  <testsuite failures="0"
             errors="0"
             tests="2"
             time="0"
             name="make_test.t_config_text_t"
             id="10">
    <testcase time="0"
              name="test      1"
              classname="make_test.t_config_text_t" />
    <testcase time="0"
              name="test      2"
              classname="make_test.t_config_text_t" /><system-out>
  <![CDATA[1..0
  # Running under perl version 5.008006 for solaris
  # Current time local: Thu Mar 27 09:18:43 2008
  # Current time GMT:   Thu Mar 27 09:18:43 2008
  # Using Test.pm version 1.25
  skipped: (no reason given)
  t/config_text.....................
  1..2
  # Running under perl version 5.008006 for solaris
  # Current time local: Thu Mar 27 09:18:44 2008
  # Current time GMT:   Thu Mar 27 09:18:44 2008
  # Using Test.pm version 1.25
  	/export/home/jm/tools/perl586/bin/perl -T -w ../spamassassin.raw -C log/test_rules_copy  --siteconfigpath log/localrules.tmp -p log/test_default.cf  -L -t --cf='body FOO /VFS/' --cf='body BAR /source/' < data/nice/001
  	Checking BAR
  ok 1
  	Checking FOO
  ok 2
  ]]>
  </system-out><system-err />
  </testsuite>

  <testsuite failures="0"
             errors="0"
             tests="1"
             time="0"
             name="make_test.t_cpp_comments_in_spamc_t"
             id="11">
    <testcase time="0"
              name="test      1"
              classname="make_test.t_cpp_comments_in_spamc_t" /><system-out>
  <![CDATA[1..1
  # Running under perl version 5.008006 for solaris
  # Current time local: Thu Mar 27 09:18:45 2008
  # Current time GMT:   Thu Mar 27 09:18:45 2008
  # Using Test.pm version 1.25
  ok 1
  ]]>
  </system-out><system-err />
  </testsuite>
  <testsuite failures="0"
             errors="0"
             tests="14"
             time="0"
             name="make_test.t_date_t"
             id="12">
    <testcase time="0"
              name="test      1"
              classname="make_test.t_date_t" />
    <testcase time="0"
              name="test      2"
              classname="make_test.t_date_t" />
    <testcase time="0"
              name="test      3"
              classname="make_test.t_date_t" />

    <testcase time="0"
              name="test      4"
              classname="make_test.t_date_t" />
    <testcase time="0"
              name="test      5"
              classname="make_test.t_date_t" />
    <testcase time="0"
              name="test      6"
              classname="make_test.t_date_t" />
    <testcase time="0"
              name="test      7"
              classname="make_test.t_date_t" />
    <testcase time="0"
              name="test      8"
              classname="make_test.t_date_t" />
    <testcase time="0"
              name="test      9"
              classname="make_test.t_date_t" />
    <testcase time="0"
              name="test     10"
              classname="make_test.t_date_t" />
    <testcase time="0"
              name="test     11"
              classname="make_test.t_date_t" />
    <testcase time="0"
              name="test     12"
              classname="make_test.t_date_t" />

    <testcase time="0"
              name="test     13"
              classname="make_test.t_date_t" />
    <testcase time="0"
              name="test     14"
              classname="make_test.t_date_t" /><system-out>
  <![CDATA[1..14
  # Running under perl version 5.008006 for solaris
  # Current time local: Thu Mar 27 09:18:46 2008
  # Current time GMT:   Thu Mar 27 09:18:46 2008
  # Using Test.pm version 1.25
  ok 1
  ok 2
  ok 3
  ok 4
  ok 5
  ok 6
  ok 7
  ok 8
  ok 9
  ok 10
  ok 11
  ok 12
  ok 13
  ok 14
  ]]>
  </system-out><system-err />
  </testsuite>
  <testsuite failures="0"
             errors="0"
             tests="4"
             time="0"
             name="make_test.t_db_awl_path_t"
             id="13">
    <testcase time="0"
              name="test      1"
              classname="make_test.t_db_awl_path_t" />
    <testcase time="0"
              name="test      2"
              classname="make_test.t_db_awl_path_t" />
    <testcase time="0"
              name="test      3"
              classname="make_test.t_db_awl_path_t" />

    <testcase time="0"
              name="test      4"
              classname="make_test.t_db_awl_path_t" /><system-out>
  <![CDATA[1..4
  # Running under perl version 5.008006 for solaris
  # Current time local: Thu Mar 27 09:18:46 2008
  # Current time GMT:   Thu Mar 27 09:18:46 2008
  # Using Test.pm version 1.25
  ok 1
  	/export/home/jm/tools/perl586/bin/perl -T -w ../spamassassin.raw -C log/test_rules_copy  --siteconfigpath log/localrules.tmp -p log/tst.cf  --add-addr-to-whitelist whitelist_test@whitelist.spamassassin.taint.org
  # [13207] warn: auto-whitelist: open of auto-whitelist file failed: locker: safe_lock: cannot create tmp lockfile ./log/awl/shouldbeinaccessible.lock.hudson.zones.apache.org.13207 for ./log/awl/shouldbeinaccessible.lock: Not a directory
  ok 2
  	/export/home/jm/tools/perl586/bin/perl -T -w ../spamassassin.raw -C log/test_rules_copy  --siteconfigpath log/localrules.tmp -p log/tst.cf  -L -t < data/spam/004
  	Checking isspam
  ok 3
  ok 4
  ]]>
  </system-out><system-err />
  </testsuite>
  <testsuite failures="0"
             errors="0"
             tests="8"
             time="0"
             name="make_test.t_db_based_whitelist_t"
             id="14">
    <testcase time="0"
              name="test      1"
              classname="make_test.t_db_based_whitelist_t" />
    <testcase time="0"
              name="test      2"
              classname="make_test.t_db_based_whitelist_t" />
    <testcase time="0"
              name="test      3"
              classname="make_test.t_db_based_whitelist_t" />
    <testcase time="0"
              name="test      4"
              classname="make_test.t_db_based_whitelist_t" />

    <testcase time="0"
              name="test      5"
              classname="make_test.t_db_based_whitelist_t" />
    <testcase time="0"
              name="test      6"
              classname="make_test.t_db_based_whitelist_t" />
    <testcase time="0"
              name="test      7"
              classname="make_test.t_db_based_whitelist_t" />
    <testcase time="0"
              name="test      8"
              classname="make_test.t_db_based_whitelist_t" /><system-out>
  <![CDATA[1..8
  # Running under perl version 5.008006 for solaris
  # Current time local: Thu Mar 27 09:18:49 2008
  # Current time GMT:   Thu Mar 27 09:18:49 2008
  # Using Test.pm version 1.25
  	/export/home/jm/tools/perl586/bin/perl -T -w ../spamassassin.raw -C log/test_rules_copy  --siteconfigpath log/localrules.tmp -p log/test_default.cf  --remove-addr-from-whitelist whitelist_test@whitelist.spamassassin.taint.org
  ok 1
  	/export/home/jm/tools/perl586/bin/perl -T -w ../spamassassin.raw -C log/test_rules_copy  --siteconfigpath log/localrules.tmp -p log/test_default.cf  -L -t < data/nice/002
  ok 2
  	/export/home/jm/tools/perl586/bin/perl -T -w ../spamassassin.raw -C log/test_rules_copy  --siteconfigpath log/localrules.tmp -p log/test_default.cf  -L -t < data/nice/002
  ok 3
  	/export/home/jm/tools/perl586/bin/perl -T -w ../spamassassin.raw -C log/test_rules_copy  --siteconfigpath log/localrules.tmp -p log/test_default.cf  -L -t < data/nice/002
  ok 4
  	/export/home/jm/tools/perl586/bin/perl -T -w ../spamassassin.raw -C log/test_rules_copy  --siteconfigpath log/localrules.tmp -p log/test_default.cf  -L -t < data/nice/002
  ok 5
  	Checking subj
  ok 6
  	/export/home/jm/tools/perl586/bin/perl -T -w ../spamassassin.raw -C log/test_rules_copy  --siteconfigpath log/localrules.tmp -p log/test_default.cf  -L -t < data/spam/004
  ok 7
  	Checking subj
  ok 8
  ]]>
  </system-out><system-err />
  </testsuite>
  <testsuite failures="0"
             errors="0"
             tests="8"
             time="0"
             name="make_test.t_db_based_whitelist_ips_t"
             id="15">
    <testcase time="0"
              name="test      1"
              classname="make_test.t_db_based_whitelist_ips_t" />

    <testcase time="0"
              name="test      2"
              classname="make_test.t_db_based_whitelist_ips_t" />
    <testcase time="0"
              name="test      3"
              classname="make_test.t_db_based_whitelist_ips_t" />
    <testcase time="0"
              name="test      4"
              classname="make_test.t_db_based_whitelist_ips_t" />
    <testcase time="0"
              name="test      5"
              classname="make_test.t_db_based_whitelist_ips_t" />
    <testcase time="0"
              name="test      6"
              classname="make_test.t_db_based_whitelist_ips_t" />
    <testcase time="0"
              name="test      7"
              classname="make_test.t_db_based_whitelist_ips_t" />
    <testcase time="0"
              name="test      8"
              classname="make_test.t_db_based_whitelist_ips_t" /><system-out>
  <![CDATA[1..8
  # Running under perl version 5.008006 for solaris
  # Current time local: Thu Mar 27 09:18:58 2008
  # Current time GMT:   Thu Mar 27 09:18:58 2008
  # Using Test.pm version 1.25
  	/export/home/jm/tools/perl586/bin/perl -T -w ../spamassassin.raw -C log/test_rules_copy  --siteconfigpath log/localrules.tmp -p log/test_default.cf  --remove-addr-from-whitelist whitelist_test@whitelist.spamassassin.taint.org
  ok 1
  	/export/home/jm/tools/perl586/bin/perl -T -w ../spamassassin.raw -C log/test_rules_copy  --siteconfigpath log/localrules.tmp -p log/test_default.cf  -L -t < data/nice/002
  ok 2
  	/export/home/jm/tools/perl586/bin/perl -T -w ../spamassassin.raw -C log/test_rules_copy  --siteconfigpath log/localrules.tmp -p log/test_default.cf  -L -t < data/nice/002
  ok 3
  	/export/home/jm/tools/perl586/bin/perl -T -w ../spamassassin.raw -C log/test_rules_copy  --siteconfigpath log/localrules.tmp -p log/test_default.cf  -L -t < data/nice/002
  ok 4
  	/export/home/jm/tools/perl586/bin/perl -T -w ../spamassassin.raw -C log/test_rules_copy  --siteconfigpath log/localrules.tmp -p log/test_default.cf  -L -t < data/nice/002
  ok 5
  	Checking subj
  ok 6
  	/export/home/jm/tools/perl586/bin/perl -T -w ../spamassassin.raw -C log/test_rules_copy  --siteconfigpath log/localrules.tmp -p log/test_default.cf  -L -t < data/spam/007
  ok 7
  	Checking status
  ok 8
  ]]>
  </system-out><system-err />

  </testsuite>
  <testsuite failures="0"
             errors="0"
             tests="3"
             time="0"
             name="make_test.t_debug_t"
             id="16">
    <testcase time="0"
              name="test      1"
              classname="make_test.t_debug_t" />
    <testcase time="0"
              name="test      2"
              classname="make_test.t_debug_t" />
    <testcase time="0"
              name="test      3"
              classname="make_test.t_debug_t" /><system-out>
  <![CDATA[1..0
  # Running under perl version 5.008006 for solaris
  # Current time local: Thu Mar 27 09:19:07 2008
  # Current time GMT:   Thu Mar 27 09:19:07 2008
  # Using Test.pm version 1.25
  skipped: (no reason given)
  t/debug...........................
  1..3
  # Running under perl version 5.008006 for solaris
  # Current time local: Thu Mar 27 09:19:08 2008
  # Current time GMT:   Thu Mar 27 09:19:08 2008
  # Using Test.pm version 1.25
  	/export/home/jm/tools/perl586/bin/perl -T -w ../spamassassin.raw -C log/test_rules_copy  --siteconfigpath log/localrules.tmp -p log/test_default.cf  -t -D < data/spam/dnsbl.eml
  ok 1
  malformed debug message: [13271] dbg: logger: adding facilities: all
  malformed debug message: [13271] dbg: logger: logging level is DBG
  malformed debug message: [13271] dbg: generic: SpamAssassin version 3.3.0-r613124
  malformed debug message: [13271] dbg: config: timing enabled
  malformed debug message: [13271] dbg: config: score set 0 chosen.
  malformed debug message: [13271] dbg: util: running in taint mode? yes
  malformed debug message: [13271] dbg: util: taint mode: deleting unsafe environment variables, resetting PATH
  malformed debug message: [13271] dbg: util: PATH included '/export/home/jm/tools/perl586/bin', keeping
  malformed debug message: [13271] dbg: util: PATH included '/usr/ccs/bin', keeping
  malformed debug message: [13271] dbg: util: PATH included '/sbin', keeping
  malformed debug message: [13271] dbg: util: PATH included '/usr/sbin', keeping
  malformed debug message: [13271] dbg: util: PATH included '/etc', keeping
  malformed debug message: [13271] dbg: util: PATH included '/usr/etc', which doesn't exist, dropping
  malformed debug message: [13271] dbg: util: PATH included '/usr/local/bin', which doesn't exist, dropping
  malformed debug message: [13271] dbg: util: PATH included '/usr/bin/mh', which doesn't exist, dropping
  malformed debug message: [13271] dbg: util: PATH included '/export/home/jm/bin', keeping
  malformed debug message: [13271] dbg: util: PATH included '/sbin', keeping
  malformed debug message: [13271] dbg: util: PATH included '/usr/sbin', keeping
  malformed debug message: [13271] dbg: util: PATH included '/etc', keeping
  malformed debug message: [13271] dbg: util: PATH included '/usr/etc', which doesn't exist, dropping
  malformed debug message: [13271] dbg: util: PATH included '/usr/local/bin', which doesn't exist, dropping
  malformed debug message: [13271] dbg: util: PATH included '/usr/bin/mh', which doesn't exist, dropping
  malformed debug message: [13271] dbg: util: PATH included '/export/home/jm/bin', keeping
  malformed debug message: [13271] dbg: util: PATH included '/sbin', keeping
  malformed debug message: [13271] dbg: util: PATH included '/usr/sbin', keeping
  malformed debug message: [13271] dbg: util: PATH included '/etc', keeping
  malformed debug message: [13271] dbg: util: PATH included '/usr/etc', which doesn't exist, dropping
  malformed debug message: [13271] dbg: util: PATH included '/usr/local/bin', which doesn't exist, dropping
  malformed debug message: [13271] dbg: util: PATH included '/usr/bin/mh', which doesn't exist, dropping
  malformed debug message: [13271] dbg: util: PATH included '/usr/bin', keeping
  malformed debug message: [13271] dbg: util: PATH included '/opt/sfw/bin', keeping
  malformed debug message: [13271] dbg: util: final PATH set to: /export/home/jm/tools/perl586/bin:/usr/ccs/bin:/sbin:/usr/sbin:/etc:/export/home/jm/bin:/sbin:/usr/sbin:/etc:/export/home/jm/bin:/sbin:/usr/sbin:/etc:/usr/bin:/opt/sfw/bin
  malformed debug message: [13271] dbg: dns: no ipv6
  malformed debug message: [13271] dbg: dns: is Net::DNS::Resolver available? yes
  malformed debug message: [13271] dbg: dns: Net::DNS version: 0.49
  malformed debug message: [13271] dbg: config: using "log/localrules.tmp" for site rules pre files
  malformed debug message: [13271] dbg: config: read file log/localrules.tmp/init.pre
  malformed debug message: [13271] dbg: config: read file log/localrules.tmp/svn_only.pre
  malformed debug message: [13271] dbg: config: read file log/localrules.tmp/v310.pre
  malformed debug message: [13271] dbg: config: read file log/localrules.tmp/v312.pre
  malformed debug message: [13271] dbg: config: read file log/localrules.tmp/v320.pre
  malformed debug message: [13271] dbg: config: using "log/test_rules_copy" for sys rules pre files
  malformed debug message: [13271] dbg: config: read file log/test_rules_copy/init.pre
  malformed debug message: [13271] dbg: config: read file log/test_rules_copy/svn_only.pre
  malformed debug message: [13271] dbg: config: read file log/test_rules_copy/v310.pre
  malformed debug message: [13271] dbg: config: read file log/test_rules_copy/v312.pre
  malformed debug message: [13271] dbg: config: read file log/test_rules_copy/v320.pre
  malformed debug message: [13271] dbg: config: using "log/test_rules_copy" for default rules dir
  malformed debug message: [13271] dbg: config: read file log/test_rules_copy/01_test_rules.cf
  malformed debug message: [13271] dbg: config: read file log/test_rules_copy/10_default_prefs.cf
  malformed debug message: [13271] dbg: config: read file log/test_rules_copy/20_advance_fee.cf
  malformed debug message: [13271] dbg: config: read file log/test_rules_copy/20_body_tests.cf
  malformed debug message: [13271] dbg: config: read file log/test_rules_copy/20_compensate.cf
  malformed debug message: [13271] dbg: config: read file log/test_rules_copy/20_dnsbl_tests.cf
  malformed debug message: [13271] dbg: config: read file log/test_rules_copy/20_drugs.cf
  malformed debug message: [13271] dbg: config: read file log/test_rules_copy/20_dynrdns.cf
  malformed debug message: [13271] dbg: config: read file log/test_rules_copy/20_fake_helo_tests.cf
  malformed debug message: [13271] dbg: config: read file log/test_rules_copy/20_head_tests.cf
  malformed debug message: [13271] dbg: config: read file log/test_rules_copy/20_html_tests.cf
  malformed debug message: [13271] dbg: config: read file log/test_rules_copy/20_imageinfo.cf
  malformed debug message: [13271] dbg: config: read file log/test_rules_copy/20_meta_tests.cf
  malformed debug message: [13271] dbg: config: read file log/test_rules_copy/20_net_tests.cf
  malformed debug message: [13271] dbg: config: read file log/test_rules_copy/20_phrases.cf
  malformed debug message: [13271] dbg: config: read file log/test_rules_copy/20_porn.cf
  malformed debug message: [13271] dbg: config: read file log/test_rules_copy/20_ratware.cf
  malformed debug message: [13271] dbg: config: read file log/test_rules_copy/20_uri_tests.cf
  malformed debug message: [13271] dbg: config: read file log/test_rules_copy/20_vbounce.cf
  malformed debug message: [13271] dbg: config: read file log/test_rules_copy/23_bayes.cf
  malformed debug message: [13271] dbg: config: read file log/test_rules_copy/25_accessdb.cf
  malformed debug message: [13271] dbg: config: read file log/test_rules_copy/25_antivirus.cf
  malformed debug message: [13271] dbg: config: read file log/test_rules_copy/25_asn.cf
  malformed debug message: [13271] dbg: config: read file log/test_rules_copy/25_dcc.cf
  malformed debug message: [13271] dbg: config: read file log/test_rules_copy/25_dkim.cf
  malformed debug message: [13271] dbg: config: read file log/test_rules_copy/25_domainkeys.cf
  malformed debug message: [13271] dbg: config: read file log/test_rules_copy/25_hashcash.cf
  malformed debug message: [13271] dbg: config: read file log/test_rules_copy/25_pyzor.cf
  malformed debug message: [13271] dbg: config: read file log/test_rules_copy/25_razor2.cf
  malformed debug message: [13271] dbg: config: read file log/test_rules_copy/25_replace.cf
  malformed debug message: [13271] dbg: config: read file log/test_rules_copy/25_spf.cf
  malformed debug message: [13271] dbg: config: read file log/test_rules_copy/25_textcat.cf
  malformed debug message: [13271] dbg: config: read file log/test_rules_copy/25_uribl.cf
  malformed debug message: [13271] dbg: config: read file log/test_rules_copy/30_text_de.cf
  malformed debug message: [13271] dbg: config: read file log/test_rules_copy/30_text_fr.cf
  malformed debug message: [13271] dbg: config: read file log/test_rules_copy/30_text_it.cf
  malformed debug message: [13271] dbg: config: read file log/test_rules_copy/30_text_nl.cf
  malformed debug message: [13271] dbg: config: read file log/test_rules_copy/30_text_pl.cf
  malformed debug message: [13271] dbg: config: read file log/test_rules_copy/30_text_pt_br.cf
  malformed debug message: [13271] dbg: config: read file log/test_rules_copy/50_scores.cf
  malformed debug message: [13271] dbg: config: read file log/test_rules_copy/60_awl.cf
  malformed debug message: [13271] dbg: config: read file log/test_rules_copy/60_shortcircuit.cf
  malformed debug message: [13271] dbg: config: read file log/test_rules_copy/60_whitelist.cf
  malformed debug message: [13271] dbg: config: read file log/test_rules_copy/60_whitelist_dk.cf
  malformed debug message: [13271] dbg: config: read file log/test_rules_copy/60_whitelist_dkim.cf
  malformed debug message: [13271] dbg: config: read file log/test_rules_copy/60_whitelist_spf.cf
  malformed debug message: [13271] dbg: config: read file log/test_rules_copy/60_whitelist_subject.cf
  malformed debug message: [13271] dbg: config: read file log/test_rules_copy/70_sandbox.cf
  malformed debug message: [13271] dbg: config: read file log/test_rules_copy/72_active.cf
  malformed debug message: [13271] dbg: config: read file log/test_rules_copy/99_test_default.cf
  malformed debug message: [13271] dbg: config: read file log/test_rules_copy/local.cf
  malformed debug message: [13271] dbg: config: read file log/test_rules_copy/regression_tests.cf
  malformed debug message: [13271] dbg: config: using "log/localrules.tmp" for site rules dir
  malformed debug message: [13271] dbg: config: using "/export/home/hudson/.spamassassin" for user state dir
  malformed debug message: [13271] dbg: config: using "log/test_default.cf" for user prefs file
  malformed debug message: [13271] dbg: plugin: loading Mail::SpamAssassin::Plugin::URIDNSBL from @INC
  malformed debug message: [13271] dbg: plugin: loading Mail::SpamAssassin::Plugin::Hashcash from @INC
  malformed debug message: [13271] dbg: plugin: loading Mail::SpamAssassin::Plugin::SPF from @INC
  malformed debug message: [13271] dbg: plugin: loading Mail::SpamAssassin::Plugin::Pyzor from @INC
  malformed debug message: [13271] dbg: pyzor: network tests on, attempting Pyzor
  malformed debug message: [13271] dbg: plugin: loading Mail::SpamAssassin::Plugin::Razor2 from @INC
  malformed debug message: [13271] dbg: razor2: razor2 is not available
  malformed debug message: [13271] dbg: plugin: loading Mail::SpamAssassin::Plugin::SpamCop from @INC
  malformed debug message: [13271] dbg: reporter: network tests on, attempting SpamCop
  malformed debug message: [13271] dbg: plugin: loading Mail::SpamAssassin::Plugin::AWL from @INC
  malformed debug message: [13271] dbg: plugin: loading Mail::SpamAssassin::Plugin::AutoLearnThreshold from @INC
  malformed debug message: [13271] dbg: plugin: loading Mail::SpamAssassin::Plugin::WhiteListSubject from @INC
  malformed debug message: [13271] dbg: plugin: loading Mail::SpamAssassin::Plugin::MIMEHeader from @INC
  malformed debug message: [13271] dbg: plugin: loading Mail::SpamAssassin::Plugin::ReplaceTags from @INC
  malformed debug message: [13271] dbg: plugin: loading Mail::SpamAssassin::Plugin::Check from @INC
  malformed debug message: [13271] dbg: plugin: loading Mail::SpamAssassin::Plugin::HTTPSMismatch from @INC
  malformed debug message: [13271] dbg: plugin: loading Mail::SpamAssassin::Plugin::URIDetail from @INC
  malformed debug message: [13271] dbg: plugin: loading Mail::SpamAssassin::Plugin::Bayes from @INC
  malformed debug message: [13271] dbg: plugin: loading Mail::SpamAssassin::Plugin::BodyEval from @INC
  malformed debug message: [13271] dbg: plugin: loading Mail::SpamAssassin::Plugin::DNSEval from @INC
  malformed debug message: [13271] dbg: plugin: loading Mail::SpamAssassin::Plugin::HTMLEval from @INC
  malformed debug message: [13271] dbg: plugin: loading Mail::SpamAssassin::Plugin::HeaderEval from @INC
  malformed debug message: [13271] dbg: plugin: loading Mail::SpamAssassin::Plugin::MIMEEval from @INC
  malformed debug message: [13271] dbg: plugin: loading Mail::SpamAssassin::Plugin::RelayEval from @INC
  malformed debug message: [13271] dbg: plugin: loading Mail::SpamAssassin::Plugin::URIEval from @INC
  malformed debug message: [13271] dbg: plugin: loading Mail::SpamAssassin::Plugin::WLBLEval from @INC
  malformed debug message: [13271] dbg: plugin: loading Mail::SpamAssassin::Plugin::VBounce from @INC
  malformed debug message: [13271] dbg: plugin: loading Mail::SpamAssassin::Plugin::ImageInfo from @INC
  malformed debug message: [13271] dbg: plugin: did not register Mail::SpamAssassin::Plugin::URIDNSBL, already registered
  malformed debug message: [13271] dbg: plugin: did not register Mail::SpamAssassin::Plugin::Hashcash, already registered
  malformed debug message: [13271] dbg: plugin: did not register Mail::SpamAssassin::Plugin::SPF, already registered
  malformed debug message: [13271] dbg: plugin: did not register Mail::SpamAssassin::Plugin::Pyzor, already registered
  malformed debug message: [13271] dbg: plugin: did not register Mail::SpamAssassin::Plugin::Razor2, already registered
  malformed debug message: [13271] dbg: plugin: did not register Mail::SpamAssassin::Plugin::SpamCop, already registered
  malformed debug message: [13271] dbg: plugin: did not register Mail::SpamAssassin::Plugin::AWL, already registered
  malformed debug message: [13271] dbg: plugin: did not register Mail::SpamAssassin::Plugin::AutoLearnThreshold, already registered
  malformed debug message: [13271] dbg: plugin: did not register Mail::SpamAssassin::Plugin::WhiteListSubject, already registered
  malformed debug message: [13271] dbg: plugin: did not register Mail::SpamAssassin::Plugin::MIMEHeader, already registered
  malformed debug message: [13271] dbg: plugin: did not register Mail::SpamAssassin::Plugin::ReplaceTags, already registered
  malformed debug message: [13271] dbg: plugin: did not register Mail::SpamAssassin::Plugin::Check, already registered
  malformed debug message: [13271] dbg: plugin: did not register Mail::SpamAssassin::Plugin::HTTPSMismatch, already registered
  malformed debug message: [13271] dbg: plugin: did not register Mail::SpamAssassin::Plugin::URIDetail, already registered
  malformed debug message: [13271] dbg: plugin: did not register Mail::SpamAssassin::Plugin::Bayes, already registered
  malformed debug message: [13271] dbg: plugin: did not register Mail::SpamAssassin::Plugin::BodyEval, already registered
  malformed debug message: [13271] dbg: plugin: did not register Mail::SpamAssassin::Plugin::DNSEval, already registered
  malformed debug message: [13271] dbg: plugin: did not register Mail::SpamAssassin::Plugin::HTMLEval, already registered
  malformed debug message: [13271] dbg: plugin: did not register Mail::SpamAssassin::Plugin::HeaderEval, already registered
  malformed debug message: [13271] dbg: plugin: did not register Mail::SpamAssassin::Plugin::MIMEEval, already registered
  malformed debug message: [13271] dbg: plugin: did not register Mail::SpamAssassin::Plugin::RelayEval, already registered
  malformed debug message: [13271] dbg: plugin: did not register Mail::SpamAssassin::Plugin::URIEval, already registered
  malformed debug message: [13271] dbg: plugin: did not register Mail::SpamAssassin::Plugin::WLBLEval, already registered
  malformed debug message: [13271] dbg: plugin: did not register Mail::SpamAssassin::Plugin::VBounce, already registered
  malformed debug message: [13271] dbg: plugin: did not register Mail::SpamAssassin::Plugin::ImageInfo, already registered
  malformed debug message: [13271] dbg: config: fixed relative path: log/test_rules_copy/sandbox-hstern.pm
  malformed debug message: [13271] dbg: plugin: loading Mail::SpamAssassin::Plugin::Sandbox::hstern from /zonestorage/hudson/home/hudson/hudson/jobs/SpamAssassin-trunk/workspace/sa_trunk/t/log/test_rules_copy/sandbox-hstern.pm
  malformed debug message: [13271] dbg: config: fixed relative path: log/test_rules_copy/sandbox-felicity.pm
  malformed debug message: [13271] dbg: plugin: loading Mail::SpamAssassin::Plugin::Sandbox::felicity from /zonestorage/hudson/home/hudson/hudson/jobs/SpamAssassin-trunk/workspace/sa_trunk/t/log/test_rules_copy/sandbox-felicity.pm
  malformed debug message: [13271] dbg: rules: __MO_OL_9B90B merged duplicates: __MO_OL_C65FA
  malformed debug message: [13271] dbg: rules: FORGED_YAHOO_RCVD merged duplicates: TEST_FORGED_YAHOO_RCVD
  malformed debug message: [13271] dbg: rules: __XM_OL_22B61 merged duplicates: __XM_OL_A842E
  malformed debug message: [13271] dbg: rules: __MO_OL_07794 merged duplicates: __MO_OL_8627E __MO_OL_F3B05
  malformed debug message: [13271] dbg: rules: HS_INDEX_PARAM merged duplicates: T_HS_INDEX_PARAM_5
  malformed debug message: [13271] dbg: rules: __XM_OL_07794 merged duplicates: __XM_OL_25340 __XM_OL_3857F __XM_OL_4F240 __XM_OL_58CB5 __XM_OL_6554A __XM_OL_812FF __XM_OL_C65FA __XM_OL_CF0C0 __XM_OL_F475E __XM_OL_F6D01
  malformed debug message: [13271] dbg: rules: FH_MSGID_01C67 merged duplicates: __MSGID_VGA
  malformed debug message: [13271] dbg: rules: FS_NEW_SOFT_UPLOAD merged duplicates: HS_SUBJ_NEW_SOFTWARE
  malformed debug message: [13271] dbg: rules: __FH_HAS_XMSMAIL merged duplicates: __HAS_MSMAIL_PRI
  malformed debug message: [13271] dbg: rules: __MO_OL_91287 merged duplicates: __MO_OL_B30D1 __MO_OL_CF0C0
  malformed debug message: [13271] dbg: rules: KAM_STOCKOTC merged duplicates: KAM_STOCKTIP15 KAM_STOCKTIP20 KAM_STOCKTIP21 KAM_STOCKTIP4 KAM_STOCKTIP6
  malformed debug message: [13271] dbg: rules: __XM_OL_015D5 merged duplicates: __XM_OL_4BF4C __XM_OL_4EEDB __XM_OL_5B79A __XM_OL_9B90B __XM_OL_ADFF7 __XM_OL_B30D1 __XM_OL_B4B40 __XM_OL_BC7E6 __XM_OL_F3B05 __XM_OL_FF5C8
  malformed debug message: [13271] dbg: rules: __MO_OL_015D5 merged duplicates: __MO_OL_6554A
  malformed debug message: [13271] dbg: rules: __MO_OL_22B61 merged duplicates: __MO_OL_4F240 __MO_OL_ADFF7
  malformed debug message: [13271] dbg: rules: __MO_OL_812FF merged duplicates: __MO_OL_BC7E6
  malformed debug message: [13271] dbg: rules: EXCUSE_4 merged duplicates: TEST_EXCUSE_4
  malformed debug message: [13271] dbg: rules: __MO_OL_25340 merged duplicates: __MO_OL_4EEDB __MO_OL_7533E
  malformed debug message: [13271] dbg: rules: __MO_OL_58CB5 merged duplicates: __MO_OL_B4B40
  malformed debug message: [13271] dbg: rules: __DOS_HAS_ANY_URI merged duplicates: __HAS_ANY_URI
  malformed debug message: [13271] dbg: rules: TEST_ENDSNUMS merged duplicates: __FROM_ENDS_IN_NUMS
  malformed debug message: [13271] dbg: rules: NORMAL_HTTP_TO_IP merged duplicates: TEST_NORMAL_HTTP_TO_IP
  malformed debug message: [13271] dbg: rules: __THEBAT_MUA merged duplicates: __XM_THEBAT
  malformed debug message: [13271] dbg: rules: __MO_OL_72641 merged duplicates: __MO_OL_A842E
  malformed debug message: [13271] dbg: rules: __MO_OL_4BF4C merged duplicates: __MO_OL_F6D01
  malformed debug message: [13271] dbg: rules: __MO_OL_F475E merged duplicates: __MO_OL_FF5C8
  malformed debug message: [13271] dbg: conf: finish parsing
  malformed debug message: [13271] dbg: plugin: Mail::SpamAssassin::Plugin::ReplaceTags=HASH(0x8ad8ae0) implements 'finish_parsing_end', priority 0
  malformed debug message: [13271] dbg: replacetags: replacing tags
  malformed debug message: [13271] dbg: replacetags: done replacing tags
  malformed debug message: [13271] dbg: plugin: Mail::SpamAssassin::Plugin::Bayes=HASH(0x8e6b560) implements 'learner_new', priority 0
  malformed debug message: [13271] dbg: plugin: Mail::SpamAssassin::Plugin::Bayes=HASH(0x8e6b560) implements 'learner_is_scan_available', priority 0
  malformed debug message: [13271] dbg: bayes: DB_File module not installed, cannot use bayes
  malformed debug message: [13271] dbg: config: score set 1 chosen.
  malformed debug message: [13271] dbg: message: main message type: text/plain
  malformed debug message: [13271] dbg: plugin: Mail::SpamAssassin::Plugin::DNSEval=HASH(0x9116944) implements 'check_start', priority 0
  malformed debug message: [13271] dbg: bayes: DB_File module not installed, cannot use bayes
  malformed debug message: [13271] dbg: plugin: Mail::SpamAssassin::Plugin::Check=HASH(0x8e5f950) implements 'check_main', priority 0
  malformed debug message: [13271] dbg: conf: trusted_networks are not configured; it is recommended that you configure trusted_networks manually
  malformed debug message: [13271] dbg: received-header: parsed as [ ip=127.0.0.1 rdns= helo=internal.example.com by=localhost ident= envfrom= intl=0 id= auth= msa=0 ]
  malformed debug message: [13271] dbg: received-header: 'from' 127.0.0.1 has private IP
  malformed debug message: [13271] dbg: received-header: relay 127.0.0.1 trusted? yes internal? yes msa? no
  malformed debug message: [13271] dbg: received-header: parsed as [ ip=150.51.53.1 rdns= helo=dmz.example.com by=internal.example.com ident= envfrom= intl=0 id= auth= msa=0 ]
  malformed debug message: [13271] dbg: received-header: do not trust any hosts from here on
  malformed debug message: [13271] dbg: received-header: relay 150.51.53.1 trusted? no internal? no msa? no
  malformed debug message: [13271] dbg: received-header: parsed as [ ip=212.17.35.14 rdns= helo=friend.example.com by=dmz.example.com ident= envfrom= intl=0 id= auth= msa=0 ]
  malformed debug message: [13271] dbg: received-header: relay 212.17.35.14 trusted? no internal? no msa? no
  malformed debug message: [13271] dbg: received-header: parsed as [ ip=193.120.149.226 rdns= helo=notrust.example.com by=friend.example.com ident= envfrom= intl=0 id= auth= msa=0 ]
  malformed debug message: [13271] dbg: received-header: relay 193.120.149.226 trusted? no internal? no msa? no
  malformed debug message: [13271] dbg: received-header: parsed as [ ip=61.119.13.18 rdns= helo=loser.example.org by=notrust.example.com ident= envfrom= intl=0 id= auth= msa=0 ]
  malformed debug message: [13271] dbg: received-header: relay 61.119.13.18 trusted? no internal? no msa? no
  malformed debug message: [13271] dbg: received-header: parsed as [ ip=210.73.88.134 rdns= helo=chaos.example.net by=loser.example.org ident= envfrom= intl=0 id= auth= msa=0 ]
  malformed debug message: [13271] dbg: received-header: relay 210.73.88.134 trusted? no internal? no msa? no
  malformed debug message: [13271] dbg: received-header: parsed as [ ip=144.137.3.98 rdns= helo=evil.example.net by=chaos.example.net ident= envfrom= intl=0 id= auth= msa=0 ]
  malformed debug message: [13271] dbg: received-header: relay 144.137.3.98 trusted? no internal? no msa? no
  malformed debug message: [13271] dbg: metadata: X-Spam-Relays-Trusted: [ ip=127.0.0.1 rdns= helo=internal.example.com by=localhost ident= envfrom= intl=1 id= auth= msa=0 ]
  malformed debug message: [13271] dbg: metadata: X-Spam-Relays-Untrusted: [ ip=150.51.53.1 rdns= helo=dmz.example.com by=internal.example.com ident= envfrom= intl=0 id= auth= msa=0 ] [ ip=212.17.35.14 rdns= helo=friend.example.com by=dmz.example.com ident= envfrom= intl=0 id= auth= msa=0 ] [ ip=193.120.149.226 rdns= helo=notrust.example.com by=friend.example.com ident= envfrom= intl=0 id= auth= msa=0 ] [ ip=61.119.13.18 rdns= helo=loser.example.org by=notrust.example.com ident= envfrom= intl=0 id= auth= msa=0 ] [ ip=210.73.88.134 rdns= helo=chaos.example.net by=loser.example.org ident= envfrom= intl=0 id= auth= msa=0 ] [ ip=144.137.3.98 rdns= helo=evil.example.net by=chaos.example.net ident= envfrom= intl=0 id= auth= msa=0 ]
  malformed debug message: [13271] dbg: metadata: X-Spam-Relays-Internal: [ ip=127.0.0.1 rdns= helo=internal.example.com by=localhost ident= envfrom= intl=1 id= auth= msa=0 ]
  malformed debug message: [13271] dbg: metadata: X-Spam-Relays-External: [ ip=150.51.53.1 rdns= helo=dmz.example.com by=internal.example.com ident= envfrom= intl=0 id= auth= msa=0 ] [ ip=212.17.35.14 rdns= helo=friend.example.com by=dmz.example.com ident= envfrom= intl=0 id= auth= msa=0 ] [ ip=193.120.149.226 rdns= helo=notrust.example.com by=friend.example.com ident= envfrom= intl=0 id= auth= msa=0 ] [ ip=61.119.13.18 rdns= helo=loser.example.org by=notrust.example.com ident= envfrom= intl=0 id= auth= msa=0 ] [ ip=210.73.88.134 rdns= helo=chaos.example.net by=loser.example.org ident= envfrom= intl=0 id= auth= msa=0 ] [ ip=144.137.3.98 rdns= helo=evil.example.net by=chaos.example.net ident= envfrom= intl=0 id= auth= msa=0 ]
  malformed debug message: [13271] dbg: message: ---- MIME PARSER START ----
  malformed debug message: [13271] dbg: message: parsing normal part
  malformed debug message: [13271] dbg: message: ---- MIME PARSER END ----
  malformed debug message: [13271] dbg: message: no encoding detected
  malformed debug message: [13271] dbg: plugin: Mail::SpamAssassin::Plugin::URIDNSBL=HASH(0x8accb6c) implements 'parsed_metadata', priority 0
  malformed debug message: [13271] dbg: dns: is_dns_available() last checked 1206609549.0 seconds ago; re-checking
  malformed debug message: [13271] dbg: dns: no ipv6
  malformed debug message: [13271] dbg: dns: is Net::DNS::Resolver available? yes
  malformed debug message: [13271] dbg: dns: Net::DNS version: 0.49
  malformed debug message: [13271] dbg: dns: name server: 140.211.166.130, LocalAddr: 0.0.0.0
  malformed debug message: [13271] dbg: dns: resolver socket rx buffer size is 57344 bytes
  malformed debug message: [13271] dbg: dns: testing resolver nameservers: 140.211.166.130, 140.211.166.131
  malformed debug message: [13271] dbg: dns: trying (3) cingular.com...
  malformed debug message: [13271] dbg: dns: looking up NS for 'cingular.com'
  malformed debug message: [13271] dbg: dns: NS lookup of cingular.com using 140.211.166.130 succeeded => DNS available (set dns_available to override)
  malformed debug message: [13271] dbg: dns: name server: 140.211.166.131, LocalAddr: 0.0.0.0
  malformed debug message: [13271] dbg: dns: resolver socket rx buffer size is 57344 bytes
  malformed debug message: [13271] dbg: dns: trying (3) kernel.org...
  malformed debug message: [13271] dbg: dns: looking up NS for 'kernel.org'
  malformed debug message: [13271] dbg: dns: NS lookup of kernel.org using 140.211.166.131 succeeded => DNS available (set dns_available to override)
  malformed debug message: [13271] dbg: dns: name server: 140.211.166.131, LocalAddr: 0.0.0.0
  malformed debug message: [13271] dbg: dns: resolver socket rx buffer size is 57344 bytes
  malformed debug message: [13271] dbg: dns: NS list: 140.211.166.130, 140.211.166.131
  malformed debug message: [13271] dbg: dns: name server: 140.211.166.130, LocalAddr: 0.0.0.0
  malformed debug message: [13271] dbg: dns: resolver socket rx buffer size is 57344 bytes
  malformed debug message: [13271] dbg: dns: is DNS available? 1
  malformed debug message: [13271] dbg: uridnsbl: domains to query: uribl-example-b.com uribl-example-a.com uribl-example-c.com
  malformed debug message: [13271] dbg: async: starting: URI-DNSBL, DNSBL:multi.uribl.com.:uribl-example-b.com (timeout 15.0s, min 3.0s)
  malformed debug message: [13271] dbg: dns: URIBL_RED lookup start
  malformed debug message: [13271] dbg: dns: URIBL_GREY lookup start
  malformed debug message: [13271] dbg: async: starting: URI-DNSBL, DNSBL:bl.open-whois.org.:uribl-example-b.com (timeout 15.0s, min 3.0s)
  malformed debug message: [13271] dbg: dns: WHOIS_SECUREWHOIS lookup start
  malformed debug message: [13271] dbg: dns: WHOIS_MONIKER_ROLE lookup start
  malformed debug message: [13271] dbg: dns: WHOIS_MYPRIVREG lookup start
  malformed debug message: [13271] dbg: dns: WHOIS_NETSOLPR lookup start
  malformed debug message: [13271] dbg: dns: WHOIS_AITPRIV lookup start
  malformed debug message: [13271] dbg: async: starting: URI-DNSBL, DNSBL:multi.surbl.org.:uribl-example-b.com (timeout 15.0s, min 3.0s)
  malformed debug message: [13271] dbg: dns: URIBL_SC_SURBL lookup start
  malformed debug message: [13271] dbg: dns: URIBL_AB_SURBL lookup start
  malformed debug message: [13271] dbg: dns: WHOIS_CONTACTPRIV lookup start
  malformed debug message: [13271] dbg: dns: WHOIS_NAMEKING lookup start
  malformed debug message: [13271] dbg: dns: WHOIS_PRIVPROT lookup start
  malformed debug message: [13271] dbg: dns: WHOIS_WHOISGUARD lookup start
  malformed debug message: [13271] dbg: dns: URIBL_PH_SURBL lookup start
  malformed debug message: [13271] dbg: dns: URIBL_BLACK lookup start
  malformed debug message: [13271] dbg: dns: WHOIS_PRIVACYPOST lookup start
  malformed debug message: [13271] dbg: async: starting: URI-DNSBL, DNSBL:dob.sibl.support-intelligence.net:uribl-example-b.com (timeout 15.0s, min 3.0s)
  malformed debug message: [13271] dbg: dns: URIBL_RHS_DOB lookup start
  malformed debug message: [13271] dbg: dns: URIBL_JP_SURBL lookup start
  malformed debug message: [13271] dbg: async: starting: URI-DNSBL, DNSBL:rhsbl.ahbl.org.:uribl-example-b.com (timeout 15.0s, min 3.0s)
  malformed debug message: [13271] dbg: dns: T_URIBL_RHS_AHBL lookup start
  malformed debug message: [13271] dbg: dns: URIBL_WS_SURBL lookup start
  malformed debug message: [13271] dbg: dns: URIBL_OB_SURBL lookup start
  malformed debug message: [13271] dbg: dns: WHOIS_DMNBYPROXY lookup start
  malformed debug message: [13271] dbg: dns: WHOIS_REGISTERFLY lookup start
  malformed debug message: [13271] dbg: dns: WHOIS_UNLISTED lookup start
  malformed debug message: [13271] dbg: dns: WHOIS_MONIKER_PRIV lookup start
  malformed debug message: [13271] dbg: async: starting: URI-NS, NS:uribl-example-b.com (timeout 15.0s, min 3.0s)
  malformed debug message: [13271] dbg: dns: URIBL_SBL lookup start
  malformed debug message: [13271] dbg: dns: URIBL_XBL lookup start
  malformed debug message: [13271] dbg: async: starting: URI-DNSBL, DNSBL:multi.uribl.com.:uribl-example-a.com (timeout 15.0s, min 3.0s)
  malformed debug message: [13271] dbg: dns: URIBL_RED lookup start
  malformed debug message: [13271] dbg: dns: URIBL_GREY lookup start
  malformed debug message: [13271] dbg: async: starting: URI-DNSBL, DNSBL:bl.open-whois.org.:uribl-example-a.com (timeout 15.0s, min 3.0s)
  malformed debug message: [13271] dbg: dns: WHOIS_SECUREWHOIS lookup start
  malformed debug message: [13271] dbg: dns: WHOIS_MONIKER_ROLE lookup start
  malformed debug message: [13271] dbg: dns: WHOIS_MYPRIVREG lookup start
  malformed debug message: [13271] dbg: dns: WHOIS_NETSOLPR lookup start
  malformed debug message: [13271] dbg: dns: WHOIS_AITPRIV lookup start
  malformed debug message: [13271] dbg: async: starting: URI-DNSBL, DNSBL:multi.surbl.org.:uribl-example-a.com (timeout 15.0s, min 3.0s)
  malformed debug message: [13271] dbg: dns: URIBL_SC_SURBL lookup start
  malformed debug message: [13271] dbg: dns: URIBL_AB_SURBL lookup start
  malformed debug message: [13271] dbg: dns: WHOIS_CONTACTPRIV lookup start
  malformed debug message: [13271] dbg: dns: WHOIS_NAMEKING lookup start
  malformed debug message: [13271] dbg: dns: WHOIS_PRIVPROT lookup start
  malformed debug message: [13271] dbg: dns: WHOIS_WHOISGUARD lookup start
  malformed debug message: [13271] dbg: dns: URIBL_PH_SURBL lookup start
  malformed debug message: [13271] dbg: dns: URIBL_BLACK lookup start
  malformed debug message: [13271] dbg: dns: WHOIS_PRIVACYPOST lookup start
  malformed debug message: [13271] dbg: async: starting: URI-DNSBL, DNSBL:dob.sibl.support-intelligence.net:uribl-example-a.com (timeout 15.0s, min 3.0s)
  malformed debug message: [13271] dbg: dns: URIBL_RHS_DOB lookup start
  malformed debug message: [13271] dbg: dns: URIBL_JP_SURBL lookup start
  malformed debug message: [13271] dbg: async: starting: URI-DNSBL, DNSBL:rhsbl.ahbl.org.:uribl-example-a.com (timeout 15.0s, min 3.0s)
  malformed debug message: [13271] dbg: dns: T_URIBL_RHS_AHBL lookup start
  malformed debug message: [13271] dbg: dns: URIBL_WS_SURBL lookup start
  malformed debug message: [13271] dbg: dns: URIBL_OB_SURBL lookup start
  malformed debug message: [13271] dbg: dns: WHOIS_DMNBYPROXY lookup start
  malformed debug message: [13271] dbg: dns: WHOIS_REGISTERFLY lookup start
  malformed debug message: [13271] dbg: dns: WHOIS_UNLISTED lookup start
  malformed debug message: [13271] dbg: dns: WHOIS_MONIKER_PRIV lookup start
  malformed debug message: [13271] dbg: async: starting: URI-NS, NS:uribl-example-a.com (timeout 15.0s, min 3.0s)
  malformed debug message: [13271] dbg: dns: URIBL_SBL lookup start
  malformed debug message: [13271] dbg: dns: URIBL_XBL lookup start
  malformed debug message: [13271] dbg: async: starting: URI-DNSBL, DNSBL:multi.uribl.com.:uribl-example-c.com (timeout 15.0s, min 3.0s)
  malformed debug message: [13271] dbg: dns: URIBL_RED lookup start
  malformed debug message: [13271] dbg: dns: URIBL_GREY lookup start
  malformed debug message: [13271] dbg: async: starting: URI-DNSBL, DNSBL:bl.open-whois.org.:uribl-example-c.com (timeout 15.0s, min 3.0s)
  malformed debug message: [13271] dbg: dns: WHOIS_SECUREWHOIS lookup start
  malformed debug message: [13271] dbg: dns: WHOIS_MONIKER_ROLE lookup start
  malformed debug message: [13271] dbg: dns: WHOIS_MYPRIVREG lookup start
  malformed debug message: [13271] dbg: dns: WHOIS_NETSOLPR lookup start
  malformed debug message: [13271] dbg: dns: WHOIS_AITPRIV lookup start
  malformed debug message: [13271] dbg: async: starting: URI-DNSBL, DNSBL:multi.surbl.org.:uribl-example-c.com (timeout 15.0s, min 3.0s)
  malformed debug message: [13271] dbg: dns: URIBL_SC_SURBL lookup start
  malformed debug message: [13271] dbg: dns: URIBL_AB_SURBL lookup start
  malformed debug message: [13271] dbg: dns: WHOIS_CONTACTPRIV lookup start
  malformed debug message: [13271] dbg: dns: WHOIS_NAMEKING lookup start
  malformed debug message: [13271] dbg: dns: WHOIS_PRIVPROT lookup start
  malformed debug message: [13271] dbg: dns: WHOIS_WHOISGUARD lookup start
  malformed debug message: [13271] dbg: dns: URIBL_PH_SURBL lookup start
  malformed debug message: [13271] dbg: dns: URIBL_BLACK lookup start
  malformed debug message: [13271] dbg: dns: WHOIS_PRIVACYPOST lookup start
  malformed debug message: [13271] dbg: async: starting: URI-DNSBL, DNSBL:dob.sibl.support-intelligence.net:uribl-example-c.com (timeout 15.0s, min 3.0s)
  malformed debug message: [13271] dbg: dns: URIBL_RHS_DOB lookup start
  malformed debug message: [13271] dbg: dns: URIBL_JP_SURBL lookup start
  malformed debug message: [13271] dbg: async: starting: URI-DNSBL, DNSBL:rhsbl.ahbl.org.:uribl-example-c.com (timeout 15.0s, min 3.0s)
  malformed debug message: [13271] dbg: dns: T_URIBL_RHS_AHBL lookup start
  malformed debug message: [13271] dbg: dns: URIBL_WS_SURBL lookup start
  malformed debug message: [13271] dbg: dns: URIBL_OB_SURBL lookup start
  malformed debug message: [13271] dbg: dns: WHOIS_DMNBYPROXY lookup start
  malformed debug message: [13271] dbg: dns: WHOIS_REGISTERFLY lookup start
  malformed debug message: [13271] dbg: dns: WHOIS_UNLISTED lookup start
  malformed debug message: [13271] dbg: dns: WHOIS_MONIKER_PRIV lookup start
  malformed debug message: [13271] dbg: async: starting: URI-NS, NS:uribl-example-c.com (timeout 15.0s, min 3.0s)
  malformed debug message: [13271] dbg: dns: URIBL_SBL lookup start
  malformed debug message: [13271] dbg: dns: URIBL_XBL lookup start
  malformed debug message: [13271] dbg: dns: checking RBL sa-other.bondedsender.org., set bsp-untrusted
  malformed debug message: [13271] dbg: dns: IPs found: full-external: 150.51.53.1, 212.17.35.14, 193.120.149.226, 61.119.13.18, 210.73.88.134, 144.137.3.98 untrusted: 150.51.53.1, 212.17.35.14, 193.120.149.226, 61.119.13.18, 210.73.88.134, 144.137.3.98 originating:
  malformed debug message: [13271] dbg: dns: only inspecting the following IPs: 212.17.35.14, 193.120.149.226, 61.119.13.18, 210.73.88.134, 144.137.3.98
  malformed debug message: [13271] dbg: dns: launching DNS TXT query for 14.35.17.212.sa-other.bondedsender.org. in background
  malformed debug message: [13271] dbg: async: starting: DNSBL-TXT, dns:TXT:14.35.17.212.sa-other.bondedsender.org. (timeout 15.0s, min 3.0s)
  malformed debug message: [13271] dbg: dns: launching DNS TXT query for 226.149.120.193.sa-other.bondedsender.org. in background
[...]
  ok 70
  ok 71
  ok 72
  ok 73
  ok 74
  ok 75
  ok 76
  ok 77
  ok 78
  ok 79
  ok 80
  ok 81
  ok 82
  ok 83
  ok 84
  ok 85
  ok 86
  ok 87
  ok 88
  ok 89
  ok 90
  ok 91
  ok 92
  ok 93
  ok 94
  ok 95
  ok 96
  ok 97
  ok 98
  ok 99
  ok 100
  ok 101
  ok 102
  ok 103
  ok 104
  ok 105
  ok 106
  ok 107
  ok 108
  ok 109
  ok 110
  ok 111
  ok 112
  ok 113
  ok 114
  ok 115
  ok 116
  ok 117
  ok 118
  ok 119
  ok 120
  ok 121
  ok 122
  ok 123
  ok 124
  ok 125
  ok 126
  ok 127
  ok 128
  ok 129
  ok 130
  ok 131
  ok 132
  ok 133
  ok 134
  ok 135
  ok 136
  ok 137
  ok 138
  ok 139
  ok 140
  ok 141
  ok 142
  ok 143
  ok 144
  ok 145
  ok 146
  ok 147
  ok 148
  ok 149
  ok 150
  ok 151
  ok 152
  ok 153
  ok 154
  ok 155
  ok 156
  ok 157
  ok 158
  ok 159
  ok 160
  ok 161
  ok 162
  ok 163
  ok 164
  ok 165
  ok 166
  ok 167
  ok 168
  ok 169
  ok 170
  ok 171
  ok 172
  ok 173
  ok 174
  ok 175
  ok 176
  ok 177
  ok 178
  ok 179
  ok 180
  ok 181
  ok 182
  ok 183
  ok 184
  ok 185
  ok 186
  ok 187
  ok 188
  ok 189
  ok 190
  ok 191
  ok 192
  ok 193
  ok 194
  ok 195
  ok 196
  ok 197
  ok 198
  ok 199
  ok 200
  ok 201
  ok 202
  ok 203
  ok 204
  ok 205
  ok 206
  ok 207
  ok 208
  ok 209
  ok 210
  ok 211
  ok 212
  ok 213
  ok 214
  ok 215
  ok 216
  ok 217
  ok 218
  ok 219
  ok 220
  ok 221
  ok 222
  ok 223
  ok 224
  ok 225
  ok 226
  ok 227
  ok 228
  ok 229
  ok 230
  ok 231
  ok 232
  ok 233
  ok 234
  ok 235
  ok 236
  ok 237
  ok 238
  ok 239
  ok 240
  ok 241
  ok 242
  ok 243
  ok 244
  ok 245
  ok 246
  ok 247
  ok 248
  ok 249
  ok 250
  ok 251
  ok 252
  ok 253
  ok 254
  ok 255
  ok 256
  ok 257
  ok 258
  ok 259
  ok 260
  ok 261
  ok 262
  ok 263
  ok 264
  ok 265
  ok 266
  ok 267
  ok 268
  ok 269
  ok 270
  ok 271
  ok 272
  ok 273
  ok 274
  ok 275
  ok 276
  ok 277
  ok 278
  ok 279
  ok 280
  ok 281
  ok 282
  ok 283
  ok 284
  ok 285
  ok 286
  ok 287
  ok 288
  ok 289
  ok 290
  ok 291
  ok 292
  ok 293
  ok 294
  ok 295
  ok 296
  ok 297
  ok 298
  ok 299
  ok 300
  ok 301
  ok 302
  ok 303
  ok 304
  ok 305
  ok 306
  ok 307
  ok 308
  ok 309
  ok 310
  ok 311
  ok 312
  ok 313
  ok 314
  ok 315
  ok 316
  ok 317
  ok 318
  ok 319
  ok 320
  ok 321
  ok 322
  ok 323
  ok 324
  ok 325
  ok 326
  ok 327
  ok 328
  ok 329
  ok 330
  ok 331
  ok 332
  ok 333
  ok 334
  ok 335
  ok 336
  ok 337
  ok 338
  ok 339
  ok 340
  ok 341
  ok 342
  ok 343
  ok 344
  ok 345
  ok 346
  ok 347
  ok 348
  ok 349
  ok 350
  ok 351
  ok 352
  ok 353
  ok 354
  ok 355
  ok 356
  ok 357
  ok 358
  ok 359
  ok 360
  ok 361
  ok 362
  ok 363
  ok 364
  ok 365
  ok 366
  ok 367
  ok 368
  ok 369
  ok 370
  ok 371
  ok 372
  ok 373
  ok 374
  ok 375
  ok 376
  ok 377
  ok 378
  ok 379
  ok 380
  ok 381
  ok 382
  ok 383
  ok 384
  ok 385
  ok 386
  ok 387
  ok 388
  ok 389
  ok 390
  ok 391
  ok 392
  ok 393
  ok 394
  ok 395
  ok 396
  ok 397
  ok 398
  ok 399
  ok 400
  ok 401
  ok 402
  ok 403
  ok 404
  ok 405
  ok 406
  ok 407
  ok 408
  ok 409
  ok 410
  ok 411
  ok 412
  ok 413
  ok 414
  ok 415
  ok 416
  ok 417
  ok 418
  ok 419
  ok 420
  ok 421
  ok 422
  ok 423
  ok 424
  ok 425
  ok 426
  ok 427
  ok 428
  ok 429
  ok 430
  ok 431
  ok 432
  ok 433
  ok 434
  ok 435
  ok 436
  ok 437
  ok 438
  ok 439
  ok 440
  ok 441
  ok 442
  ok 443
  ok 444
  ok 445
  ok 446
  ok 447
  ok 448
  ok 449
  ok 450
  ok 451
  ok 452
  ok 453
  ok 454
  ok 455
  ok 456
  ok 457
  ok 458
  ok 459
  ok 460
  ok 461
  ok 462
  ok 463
  ok 464
  ok 465
  ok 466
  ok 467
  ok 468
  ok 469
  ok 470
  ok 471
  ok 472
  ok 473
  ok 474
  ok 475
  ok 476
  ok 477
  ok 478
  ok 479
  ok 480
  ok 481
  ok 482
  ok 483
  ok 484
  ok 485
  ok 486
  ok 487
  ok 488
  ok 489
  ok 490
  ok 491
  ok 492
  ok 493
  ok 494
  ok 495
  ok 496
  ok 497
  ok 498
  ok 499
  ok 500
  ok 501
  ok 502
  ok 503
  ok 504
  ok 505
  ok 506
  ok 507
  ok 508
  ok 509
  ok 510
  ok 511
  ok 512
  ok 513
  ok 514
  ok 515
  ok 516
  ok 517
  ok 518
  ok 519
  ok 520
  ok 521
  ok 522
  ok 523
  ok 524
  ok 525
  ok 526
  ok 527
  ok 528
  ok 529
  ok 530
  ok 531
  ok 532
  ok 533
  ok 534
  ok 535
  ok 536
  ok 537
  ok 538
  ok 539
  ok 540
  ok 541
  ok 542
  ok 543
  ok 544
  ok 545
  ok 546
  ok 547
  ok 548
  ok 549
  ok 550
  ok 551
  ok 552
  ok 553
  ok 554
  ok 555
  ok 556
  ok 557
  ok 558
  ok 559
  ok 560
  ok 561
  ok 562
  ok 563
  ok 564
  ok 565
  ok 566
  ok 567
  ok 568
  ok 569
  ok 570
  ok 571
  ok 572
  ok 573
  ok 574
  ok 575
  ok 576
  ok 577
  ok 578
  ok 579
  ok 580
  ok 581
  ok 582
  ok 583
  ok 584
  ok 585
  ok 586
  ok 587
  ok 588
  ok 589
  ok 590
  ok 591
  ok 592
  ok 593
  ok 594
  ok 595
  ok 596
  ok 597
  ok 598
  ok 599
  ok 600
  ok 601
  ok 602
  ok 603
  ok 604
  ok 605
  ok 606
  ok 607
  ok 608
  ok 609
  ok 610
  ok 611
  ok 612
  ok 613
  ok 614
  ok 615
  ok 616
  ok 617
  ok 618
  ok 619
  ok 620
  ok 621
  ok 622
  ok 623
  ok 624
  ok 625
  ok 626
  ok 627
  ok 628
  ok 629
  ok 630
  ok 631
  ok 632
  ok 633
  ok 634
  ok 635
  ok 636
  ok 637
  ok 638
  ok 639
  ok 640
  ok 641
  ok 642
  ok 643
  ok 644
  ok 645
  ok 646
  ok 647
  ok 648
  ok 649
  ok 650
  ok 651
  ok 652
  ok 653
  ok 654
  ok 655
  ok 656
  ok 657
  ok 658
  ok 659
  ok 660
  ok 661
  ok 662
  ok 663
  ok 664
  ok 665
  ok 666
  ok 667
  ok 668
  ok 669
  ok 670
  ok 671
  ok 672
  ok 673
  ok 674
  ok 675
  ok 676
  ok 677
  ok 678
  ]]>
  </system-out><system-err />
  </testsuite>
  <testsuite failures="0"
             errors="0"
             tests="4"
             time="0"
             name="make_test.t_utf8_t"
             id="101">
    <testcase time="0"
              name="test      1"
              classname="make_test.t_utf8_t" />
    <testcase time="0"
              name="test      2"
              classname="make_test.t_utf8_t" />

    <testcase time="0"
              name="test      3"
              classname="make_test.t_utf8_t" />
    <testcase time="0"
              name="test      4"
              classname="make_test.t_utf8_t" /><system-out>
  <![CDATA[1..0
  # Running under perl version 5.008006 for solaris
  # Current time local: Thu Mar 27 09:27:12 2008
  # Current time GMT:   Thu Mar 27 09:27:12 2008
  # Using Test.pm version 1.25
  skipped: (no reason given)
  t/utf8............................
  1..4
  # Running under perl version 5.008006 for solaris
  # Current time local: Thu Mar 27 09:27:12 2008
  # Current time GMT:   Thu Mar 27 09:27:12 2008
  # Using Test.pm version 1.25
  	/export/home/jm/tools/perl586/bin/perl -T -w ../spamassassin.raw -C log/test_rules_copy  --siteconfigpath log/localrules.tmp -p log/test_default.cf  -L -t < data/spam/009
  ok 1
  	Checking flag
  ok 2
  	Checking stars
  ok 3
  	Checking status
  ok 4
  ]]>
  </system-out><system-err />
  </testsuite>
  <testsuite failures="0"
             errors="0"
             tests="5"
             time="0"
             name="make_test.t_util_wrap_t"
             id="102">
    <testcase time="0"
              name="test      1"
              classname="make_test.t_util_wrap_t" />
    <testcase time="0"
              name="test      2"
              classname="make_test.t_util_wrap_t" />
    <testcase time="0"
              name="test      3"
              classname="make_test.t_util_wrap_t" />

    <testcase time="0"
              name="test      4"
              classname="make_test.t_util_wrap_t" />
    <testcase time="0"
              name="test      5"
              classname="make_test.t_util_wrap_t" /><system-out>
  <![CDATA[1..5
  # Running under perl version 5.008006 for solaris
  # Current time local: Thu Mar 27 09:27:14 2008
  # Current time GMT:   Thu Mar 27 09:27:14 2008
  # Using Test.pm version 1.25
  ok 1
  ok 2
  ok 3
  ok 4
  ok 5
  ]]>
  </system-out><system-err />
  </testsuite>
  <testsuite failures="0"
             errors="0"
             tests="5"
             time="0"
             name="make_test.t_whitelist_addrs_t"
             id="103">
    <testcase time="0"
              name="test      1"
              classname="make_test.t_whitelist_addrs_t" />
    <testcase time="0"
              name="test      2"
              classname="make_test.t_whitelist_addrs_t" />
    <testcase time="0"
              name="test      3"
              classname="make_test.t_whitelist_addrs_t" />

    <testcase time="0"
              name="test      4"
              classname="make_test.t_whitelist_addrs_t" />
    <testcase time="0"
              name="test      5"
              classname="make_test.t_whitelist_addrs_t" /><system-out>
  <![CDATA[1..5
  # Running under perl version 5.008006 for solaris
  # Current time local: Thu Mar 27 09:27:14 2008
  # Current time GMT:   Thu Mar 27 09:27:14 2008
  # Using Test.pm version 1.25
  	/export/home/jm/tools/perl586/bin/perl -T -w ../spamassassin.raw -C log/test_rules_copy  --siteconfigpath log/localrules.tmp -p log/test_default.cf  --add-addr-to-whitelist whitelist_test@whitelist.spamassassin.taint.org
  	/export/home/jm/tools/perl586/bin/perl -T -w ../spamassassin.raw -C log/test_rules_copy  --siteconfigpath log/localrules.tmp -p log/test_default.cf  -L < data/nice/002
  ok 1
  	Checking spamno
  ok 2
  	/export/home/jm/tools/perl586/bin/perl -T -w ../spamassassin.raw -C log/test_rules_copy  --siteconfigpath log/localrules.tmp -p log/test_default.cf  -L < data/spam/004
  	Checking spamno
  ok 3
  	/export/home/jm/tools/perl586/bin/perl -T -w ../spamassassin.raw -C log/test_rules_copy  --siteconfigpath log/localrules.tmp -p log/test_default.cf  --remove-addr-from-whitelist whitelist_test@whitelist.spamassassin.taint.org
  	/export/home/jm/tools/perl586/bin/perl -T -w ../spamassassin.raw -C log/test_rules_copy  --siteconfigpath log/localrules.tmp -p log/test_default.cf  -L < data/spam/004
  	Checking spamyes
  ok 4
  	/export/home/jm/tools/perl586/bin/perl -T -w ../spamassassin.raw -C log/test_rules_copy  --siteconfigpath log/localrules.tmp -p log/test_default.cf  --add-addr-to-blacklist whitelist_test@whitelist.spamassassin.taint.org
  	/export/home/jm/tools/perl586/bin/perl -T -w ../spamassassin.raw -C log/test_rules_copy  --siteconfigpath log/localrules.tmp -p log/test_default.cf  -L < data/nice/002
  	Checking spamyes
  ok 5
  ]]>
  </system-out><system-err />
  </testsuite>
  <testsuite failures="0"
             errors="0"
             tests="32"
             time="0"
             name="make_test.t_whitelist_from_t"
             id="104">
    <testcase time="0"
              name="test      1"
              classname="make_test.t_whitelist_from_t" />
    <testcase time="0"
              name="test      2"
              classname="make_test.t_whitelist_from_t" />
    <testcase time="0"
              name="test      3"
              classname="make_test.t_whitelist_from_t" />

    <testcase time="0"
              name="test      4"
              classname="make_test.t_whitelist_from_t" />
    <testcase time="0"
              name="test      5"
              classname="make_test.t_whitelist_from_t" />
    <testcase time="0"
              name="test      6"
              classname="make_test.t_whitelist_from_t" />
    <testcase time="0"
              name="test      7"
              classname="make_test.t_whitelist_from_t" />
    <testcase time="0"
              name="test      8"
              classname="make_test.t_whitelist_from_t" />
    <testcase time="0"
              name="test      9"
              classname="make_test.t_whitelist_from_t" />
    <testcase time="0"
              name="test     10"
              classname="make_test.t_whitelist_from_t" />
    <testcase time="0"
              name="test     11"
              classname="make_test.t_whitelist_from_t" />
    <testcase time="0"
              name="test     12"
              classname="make_test.t_whitelist_from_t" />

    <testcase time="0"
              name="test     13"
              classname="make_test.t_whitelist_from_t" />
    <testcase time="0"
              name="test     14"
              classname="make_test.t_whitelist_from_t" />
    <testcase time="0"
              name="test     15"
              classname="make_test.t_whitelist_from_t" />
    <testcase time="0"
              name="test     16"
              classname="make_test.t_whitelist_from_t" />
    <testcase time="0"
              name="test     17"
              classname="make_test.t_whitelist_from_t" />
    <testcase time="0"
              name="test     18"
              classname="make_test.t_whitelist_from_t" />
    <testcase time="0"
              name="test     19"
              classname="make_test.t_whitelist_from_t" />
    <testcase time="0"
              name="test     20"
              classname="make_test.t_whitelist_from_t" />
    <testcase time="0"
              name="test     21"
              classname="make_test.t_whitelist_from_t" />

    <testcase time="0"
              name="test     22"
              classname="make_test.t_whitelist_from_t" />
    <testcase time="0"
              name="test     23"
              classname="make_test.t_whitelist_from_t" />
    <testcase time="0"
              name="test     24"
              classname="make_test.t_whitelist_from_t" />
    <testcase time="0"
              name="test     25"
              classname="make_test.t_whitelist_from_t" />
    <testcase time="0"
              name="test     26"
              classname="make_test.t_whitelist_from_t" />
    <testcase time="0"
              name="test     27"
              classname="make_test.t_whitelist_from_t" />
    <testcase time="0"
              name="test     28"
              classname="make_test.t_whitelist_from_t" />
    <testcase time="0"
              name="test     29"
              classname="make_test.t_whitelist_from_t" />
    <testcase time="0"
              name="test     30"
              classname="make_test.t_whitelist_from_t" />

    <testcase time="0"
              name="test     31"
              classname="make_test.t_whitelist_from_t" />
    <testcase time="0"
              name="test     32"
              classname="make_test.t_whitelist_from_t" /><system-out>
  <![CDATA[1..32
  # Running under perl version 5.008006 for solaris
  # Current time local: Thu Mar 27 09:27:24 2008
  # Current time GMT:   Thu Mar 27 09:27:24 2008
  # Using Test.pm version 1.25
  	/export/home/jm/tools/perl586/bin/perl -T -w ../spamassassin.raw -C log/test_rules_copy  --siteconfigpath log/localrules.tmp -p log/tst.cf  -L -t < data/nice/008
  	Checking w1
  ok 1
  	Checking for anti-pattern a4
  ok 2
  	Checking for anti-pattern a2
  ok 3
  	Checking for anti-pattern a3
  ok 4
  	/export/home/jm/tools/perl586/bin/perl -T -w ../spamassassin.raw -C log/test_rules_copy  --siteconfigpath log/localrules.tmp -p log/tst.cf  -L -t < data/nice/009
  	Checking w1
  ok 5
  	Checking for anti-pattern a4
  ok 6
  	Checking for anti-pattern a2
  ok 7
  	Checking for anti-pattern a3
  ok 8
  	/export/home/jm/tools/perl586/bin/perl -T -w ../spamassassin.raw -C log/test_rules_copy  --siteconfigpath log/localrules.tmp -p log/tst.cf  -L -t < data/nice/010
  	Checking w1
  ok 9
  	Checking for anti-pattern a4
  ok 10
  	Checking for anti-pattern a2
  ok 11
  	Checking for anti-pattern a3
  ok 12
  	/export/home/jm/tools/perl586/bin/perl -T -w ../spamassassin.raw -C log/test_rules_copy  --siteconfigpath log/localrules.tmp -p log/tst.cf  -L -t < data/nice/011
  	Checking w5
  ok 13
  	Checking for anti-pattern a8
  ok 14
  	Checking for anti-pattern a7
  ok 15
  	Checking for anti-pattern a6
  ok 16
  	/export/home/jm/tools/perl586/bin/perl -T -w ../spamassassin.raw -C log/test_rules_copy  --siteconfigpath log/localrules.tmp -p log/tst.cf  -L -t < data/nice/012
  	Checking w5
  ok 17
  	Checking for anti-pattern a8
  ok 18
  	Checking for anti-pattern a7
  ok 19
  	Checking for anti-pattern a6
  ok 20
  	/export/home/jm/tools/perl586/bin/perl -T -w ../spamassassin.raw -C log/test_rules_copy  --siteconfigpath log/localrules.tmp -p log/tst.cf  -L -t < data/nice/013
  	Checking for anti-pattern a12
  ok 21
  	Checking for anti-pattern a10
  ok 22
  	Checking for anti-pattern a11
  ok 23
  	Checking for anti-pattern a9
  ok 24
  	/export/home/jm/tools/perl586/bin/perl -T -w ../spamassassin.raw -C log/test_rules_copy  --siteconfigpath log/localrules.tmp -p log/tst.cf  -L -t < data/nice/014
  	Checking for anti-pattern a12
  ok 25
  	Checking for anti-pattern a10
  ok 26
  	Checking for anti-pattern a11
  ok 27
  	Checking for anti-pattern a9
  ok 28
  	/export/home/jm/tools/perl586/bin/perl -T -w ../spamassassin.raw -C log/test_rules_copy  --siteconfigpath log/localrules.tmp -p log/tst.cf  -L -t < data/nice/015
  	Checking for anti-pattern a12
  ok 29
  	Checking for anti-pattern a10
  ok 30
  	Checking for anti-pattern a11
  ok 31
  	Checking for anti-pattern a9
  ok 32
  ]]>
  </system-out><system-err />
  </testsuite>
  <testsuite failures="0"
             errors="0"
             tests="4"
             time="0"
             name="make_test.t_whitelist_subject_t"
             id="105">
    <testcase time="0"
              name="test      1"
              classname="make_test.t_whitelist_subject_t" />
    <testcase time="0"
              name="test      2"
              classname="make_test.t_whitelist_subject_t" />
    <testcase time="0"
              name="test      3"
              classname="make_test.t_whitelist_subject_t" />

    <testcase time="0"
              name="test      4"
              classname="make_test.t_whitelist_subject_t" /><system-out>
  <![CDATA[1..4
  # Running under perl version 5.008006 for solaris
  # Current time local: Thu Mar 27 09:27:37 2008
  # Current time GMT:   Thu Mar 27 09:27:37 2008
  # Using Test.pm version 1.25
  	/export/home/jm/tools/perl586/bin/perl -T -w ../spamassassin.raw -C log/test_rules_copy  --siteconfigpath log/localrules.tmp -p log/tst.cf  -L -t < data/nice/016
  ok 1
  	Checking whitelist-subject
  ok 2
  	/export/home/jm/tools/perl586/bin/perl -T -w ../spamassassin.raw -C log/test_rules_copy  --siteconfigpath log/localrules.tmp -p log/tst.cf  -L -t < data/nice/015
  ok 3
  	Checking blacklist-subject
  ok 4
  ]]>
  </system-out><system-err />
  </testsuite>
  <testsuite failures="0"
             errors="0"
             tests="1"
             time="0"
             name="make_test.t_whitelist_to_t"
             id="106">
    <testcase time="0"
              name="test      1"
              classname="make_test.t_whitelist_to_t" /><system-out>
  <![CDATA[1..1
  # Running under perl version 5.008006 for solaris
  # Current time local: Thu Mar 27 09:27:40 2008
  # Current time GMT:   Thu Mar 27 09:27:40 2008
  # Using Test.pm version 1.25
  	/export/home/jm/tools/perl586/bin/perl -T -w ../spamassassin.raw -C log/test_rules_copy  --siteconfigpath log/localrules.tmp -p log/tst.cf  -L -t < data/nice/016
  	Checking hit-wl
  ok 1
  ]]>
  </system-out><system-err />
  </testsuite>

  <testsuite failures="0"
             errors="0"
             tests="1"
             time="0"
             name="make_test.Test_Summary_Report"
             id="107">
    <testcase time="0"
              name="test      1"
              classname="make_test.t_zz_cleanup_t" /><system-out>
  <![CDATA[1..1
  # Running under perl version 5.008006 for solaris
  # Current time local: Thu Mar 27 09:27:42 2008
  # Current time GMT:   Thu Mar 27 09:27:42 2008
  # Using Test.pm version 1.25
  ok 1
  ]]>
  </system-out><system-err />
  </testsuite>
  <testsuite failures="1"
             errors="0"
             tests="1"
             time="0"
             name="make_test.Test_Summary_Report"
             id="108"><system-out>
  <![CDATA[Test Summary Report
  -------------------
  t/basic_obj_api.t (Wstat: 0 Tests: 4 Failed: 1)
    Failed test:  4
  Files=149, Tests=2653, 572 wallclock secs ( 0.86 usr  0.48 sys + 396.08 cusr 36.01 csys = 433.43 CPU)
  Result: FAIL
  ]]>
  </system-out><system-err /></testsuite>
</testsuites>